<?xml version="1.0" encoding="UTF-8"?>
<robot generator="Robot 5.0.1 (Python 3.9.12 on darwin)" generated="20220610 17:57:20.150" rpa="false" schemaversion="3">
<suite id="s1" name="Tester" source="/Users/at/Desktop/qc/QC_WEB_MX/qc-web-mx/testCases/tester.robot">
<kw name="-CONFIGURACIÓN INICIAL SUITETEST-" library="libraries_keywords" type="SETUP">
<kw name="-ABRIR CHARLES-" library="libraries_keywords">
<kw name="Start Charles Proxy In Headless Mode" library="charles_library">
<status status="PASS" starttime="20220610 17:57:20.513" endtime="20220610 17:57:24.520"/>
</kw>
<kw name="Sleep" library="BuiltIn">
<arg>5</arg>
<doc>Pauses the test executed for the given time.</doc>
<msg timestamp="20220610 17:57:29.523" level="INFO">Slept 5 seconds</msg>
<status status="PASS" starttime="20220610 17:57:24.521" endtime="20220610 17:57:29.523"/>
</kw>
<status status="PASS" starttime="20220610 17:57:20.513" endtime="20220610 17:57:29.524"/>
</kw>
<kw name="-INICIAR GRABACION CHARLES-" library="libraries_keywords">
<kw name="Start Charles Proxy Session Recording" library="charles_library">
<status status="PASS" starttime="20220610 17:57:29.524" endtime="20220610 17:58:44.759"/>
</kw>
<status status="PASS" starttime="20220610 17:57:29.524" endtime="20220610 17:58:44.760"/>
</kw>
<status status="PASS" starttime="20220610 17:57:20.512" endtime="20220610 17:58:44.760"/>
</kw>
<test id="s1-t1" name="CV-WEB-ACCESO-VALIDAR LOGOUT" line="11">
<kw name="-CONFIGURACIÓN TESTCASE-" library="libraries_keywords" type="SETUP">
<kw name="-CONFIGURAR DIRECTORIO SCREENSHOTS-" library="libraries_keywords">
<kw name="Set Screenshot Directory" library="Selenium2Library">
<arg>${screenshots-folder}</arg>
<doc>Sets the directory for captured screenshots.</doc>
<status status="PASS" starttime="20220610 17:58:44.762" endtime="20220610 17:58:44.763"/>
</kw>
<status status="PASS" starttime="20220610 17:58:44.762" endtime="20220610 17:58:44.763"/>
</kw>
<status status="PASS" starttime="20220610 17:58:44.761" endtime="20220610 17:58:44.763"/>
</kw>
<kw name="-LOGIN HOME CV-" library="tests_keywords">
<arg>${email_valido}</arg>
<arg>${pass_valido}</arg>
<kw name="-ABRIR LOGIN PAGE-" library="tests_keywords">
<kw name="Open Browser" library="Selenium2Library">
<arg>${url_login_page}</arg>
<arg>${browser}</arg>
<doc>Opens a new browser instance to the optional ``url``.</doc>
<msg timestamp="20220610 17:58:44.765" level="INFO">Opening browser 'headlesschrome' to base url 'https://www.clarovideo.com/mexico/login'.</msg>
<status status="PASS" starttime="20220610 17:58:44.764" endtime="20220610 17:58:50.731"/>
</kw>
<status status="PASS" starttime="20220610 17:58:44.764" endtime="20220610 17:58:50.732"/>
</kw>
<kw name="-INGRESAR EMAIL PARA LOGIN-" library="tests_keywords">
<arg>${email}</arg>
<kw name="Wait Until Element Is Visible" library="Selenium2Library">
<arg>${elementos_login_email['reg_emailtextbox']}</arg>
<doc>Waits until the element ``locator`` is visible.</doc>
<status status="PASS" starttime="20220610 17:58:50.733" endtime="20220610 17:58:53.927"/>
</kw>
<kw name="Input Text" library="Selenium2Library">
<arg>${elementos_login_email['reg_emailtextbox']}</arg>
<arg>${email}</arg>
<doc>Types the given ``text`` into the text field identified by ``locator``.</doc>
<msg timestamp="20220610 17:58:53.928" level="INFO">Typing text 's_tamezaa@globalhitss.com' into text field 'xpath=//*[@id="emailLogin"]'.</msg>
<status status="PASS" starttime="20220610 17:58:53.927" endtime="20220610 17:58:54.055"/>
</kw>
<kw name="Click Button" library="Selenium2Library">
<arg>${elementos_login_email['log_siguiente']}</arg>
<doc>Clicks the button identified by ``locator``.</doc>
<msg timestamp="20220610 17:58:54.056" level="INFO">Clicking button 'xpath=/html/body/div[2]/div/div[1]/div/div[2]/div/div/div[3]/div/button'.</msg>
<status status="PASS" starttime="20220610 17:58:54.055" endtime="20220610 17:58:54.120"/>
</kw>
<status status="PASS" starttime="20220610 17:58:50.732" endtime="20220610 17:58:54.120"/>
</kw>
<kw name="-INGRESAR PASSWORD PARA LOGIN-" library="tests_keywords">
<arg>${password}</arg>
<kw name="Wait Until Element Is Visible" library="Selenium2Library">
<arg>${elementos_login_pass['reg_pass_passtextbox']}</arg>
<doc>Waits until the element ``locator`` is visible.</doc>
<status status="PASS" starttime="20220610 17:58:54.121" endtime="20220610 17:58:55.979"/>
</kw>
<kw name="Input Text" library="Selenium2Library">
<arg>${elementos_login_pass['reg_pass_passtextbox']}</arg>
<arg>${password}</arg>
<doc>Types the given ``text`` into the text field identified by ``locator``.</doc>
<msg timestamp="20220610 17:58:55.981" level="INFO">Typing text 'Claro123!' into text field 'xpath=//*[@id="password"]'.</msg>
<status status="PASS" starttime="20220610 17:58:55.980" endtime="20220610 17:58:56.041"/>
</kw>
<kw name="Click Button" library="Selenium2Library">
<arg>${elementos_login_pass['log_pass_siguiente']}</arg>
<doc>Clicks the button identified by ``locator``.</doc>
<msg timestamp="20220610 17:58:56.042" level="INFO">Clicking button 'xpath=/html/body/div[2]/div/div[1]/div/div[2]/div/div/div[4]/div/button'.</msg>
<status status="PASS" starttime="20220610 17:58:56.041" endtime="20220610 17:58:56.096"/>
</kw>
<status status="PASS" starttime="20220610 17:58:54.120" endtime="20220610 17:58:56.096"/>
</kw>
<kw name="Sleep" library="BuiltIn">
<arg>20</arg>
<doc>Pauses the test executed for the given time.</doc>
<msg timestamp="20220610 17:59:16.097" level="INFO">Slept 20 seconds</msg>
<status status="PASS" starttime="20220610 17:58:56.096" endtime="20220610 17:59:16.097"/>
</kw>
<kw name="-CLICK IMAGEN DE PERFIL-" library="tests_keywords">
<kw name="Sleep" library="BuiltIn">
<arg>7</arg>
<doc>Pauses the test executed for the given time.</doc>
<msg timestamp="20220610 17:59:23.099" level="INFO">Slept 7 seconds</msg>
<status status="PASS" starttime="20220610 17:59:16.098" endtime="20220610 17:59:23.099"/>
</kw>
<kw name="Wait Until Page Contains Element" library="Selenium2Library">
<arg>${elementos_profile_page['selectProfile_1_image']}</arg>
<doc>Waits until the element ``locator`` appears on the current page.</doc>
<status status="PASS" starttime="20220610 17:59:23.099" endtime="20220610 17:59:23.115"/>
</kw>
<kw name="Click Element" library="Selenium2Library">
<arg>${elementos_profile_page['selectProfile_1_image']}</arg>
<doc>Click the element identified by ``locator``.</doc>
<msg timestamp="20220610 17:59:23.117" level="INFO">Clicking element 'xpath=//div[@class='image-grid-container']//div[1]//div[1]//img[1]'.</msg>
<status status="PASS" starttime="20220610 17:59:23.115" endtime="20220610 17:59:23.181"/>
</kw>
<status status="PASS" starttime="20220610 17:59:16.097" endtime="20220610 17:59:23.181"/>
</kw>
<kw name="-VALIDAR CARGA HOME-" library="tests_keywords">
<kw name="Sleep" library="BuiltIn">
<arg>7</arg>
<doc>Pauses the test executed for the given time.</doc>
<msg timestamp="20220610 17:59:30.184" level="INFO">Slept 7 seconds</msg>
<status status="PASS" starttime="20220610 17:59:23.182" endtime="20220610 17:59:30.184"/>
</kw>
<kw name="Wait Until Page Contains Element" library="Selenium2Library">
<arg>${elementos_home_page['home_lupa']}</arg>
<doc>Waits until the element ``locator`` appears on the current page.</doc>
<status status="PASS" starttime="20220610 17:59:30.184" endtime="20220610 17:59:30.200"/>
</kw>
<status status="PASS" starttime="20220610 17:59:23.181" endtime="20220610 17:59:30.200"/>
</kw>
<status status="PASS" starttime="20220610 17:58:44.763" endtime="20220610 17:59:30.200"/>
</kw>
<kw name="-LOGOUT HOME CV-" library="tests_keywords">
<kw name="Mouse Down" library="Selenium2Library">
<arg>${profile_menu_page['close_session_inMenu']}</arg>
<doc>Simulates pressing the left mouse button on the element ``locator``.</doc>
<msg timestamp="20220610 17:59:30.202" level="INFO">Simulating Mouse Down on element 'xpath=//a[@class='dropdown-toggle dropdownUser menu_user custom-menu-user-style hidden-xs']//img[@class='menu_user--img']'.</msg>
<status status="PASS" starttime="20220610 17:59:30.201" endtime="20220610 17:59:30.481"/>
</kw>
<kw name="Click Element" library="Selenium2Library">
<arg>${profile_menu_page['close_session_button']}</arg>
<doc>Click the element identified by ``locator``.</doc>
<msg timestamp="20220610 17:59:30.483" level="INFO">Clicking element 'xpath=//a[normalize-space()='Cerrar Sesión']'.</msg>
<status status="PASS" starttime="20220610 17:59:30.482" endtime="20220610 17:59:30.536"/>
</kw>
<status status="PASS" starttime="20220610 17:59:30.201" endtime="20220610 17:59:30.537"/>
</kw>
<kw name="-TERMINAR CONFIGURACIÓN TESTCASE-" library="libraries_keywords" type="TEARDOWN">
<kw name="Capture Page Screenshot" library="Selenium2Library">
<doc>Takes a screenshot of the current page and embeds it into a log file.</doc>
<msg timestamp="20220610 17:59:30.679" level="INFO" html="true">&lt;/td&gt;&lt;/tr&gt;&lt;tr&gt;&lt;td colspan="3"&gt;&lt;a href="../screenshots/selenium-screenshot-20.png"&gt;&lt;img src="../screenshots/selenium-screenshot-20.png" width="800px"&gt;&lt;/a&gt;</msg>
<status status="PASS" starttime="20220610 17:59:30.537" endtime="20220610 17:59:30.679"/>
</kw>
<status status="PASS" starttime="20220610 17:59:30.537" endtime="20220610 17:59:30.679"/>
</kw>
<tag>test_funcional</tag>
<status status="PASS" starttime="20220610 17:58:44.760" endtime="20220610 17:59:30.679"/>
</test>
<test id="s1-t2" name="CV-WEB-NAVEGACION-VALIDAR ELEMENTOS REGISTER PAGE" line="21">
<kw name="-CONFIGURACIÓN TESTCASE-" library="libraries_keywords" type="SETUP">
<kw name="-CONFIGURAR DIRECTORIO SCREENSHOTS-" library="libraries_keywords">
<kw name="Set Screenshot Directory" library="Selenium2Library">
<arg>${screenshots-folder}</arg>
<doc>Sets the directory for captured screenshots.</doc>
<status status="PASS" starttime="20220610 17:59:30.681" endtime="20220610 17:59:30.681"/>
</kw>
<status status="PASS" starttime="20220610 17:59:30.681" endtime="20220610 17:59:30.681"/>
</kw>
<status status="PASS" starttime="20220610 17:59:30.680" endtime="20220610 17:59:30.681"/>
</kw>
<kw name="-ABRIR REGISTER PAGE-" library="tests_keywords">
<kw name="Open Browser" library="Selenium2Library">
<arg>${url_register_page}</arg>
<arg>${browser}</arg>
<doc>Opens a new browser instance to the optional ``url``.</doc>
<msg timestamp="20220610 17:59:30.682" level="INFO">Opening browser 'headlesschrome' to base url 'https://www.clarovideo.com/mexico/register'.</msg>
<status status="PASS" starttime="20220610 17:59:30.682" endtime="20220610 17:59:37.814"/>
</kw>
<status status="PASS" starttime="20220610 17:59:30.682" endtime="20220610 17:59:37.814"/>
</kw>
<kw name="-VALIDAR TEXTOS Y ELEMENTOS-" library="libraries_keywords">
<arg>${elementos_register_page}</arg>
<arg>${textos_register_page}</arg>
<for flavor="IN">
<var>${element}</var>
<value>@{a1}</value>
<iter>
<var name="${element}">reg_registrate</var>
<kw name="Scroll Element Into View" library="Selenium2Library">
<arg>${a1['${element}']}</arg>
<doc>Scrolls the element identified by ``locator`` into view.</doc>
<status status="PASS" starttime="20220610 17:59:37.816" endtime="20220610 17:59:38.099"/>
</kw>
<kw name="Run Keyword And Continue On Failure" library="BuiltIn">
<arg>Wait Until Element is Visible</arg>
<arg>${a1['${element}']}</arg>
<doc>Runs the keyword and continues execution even if a failure occurs.</doc>
<kw name="Wait Until Element Is Visible" library="Selenium2Library">
<arg>${a1['${element}']}</arg>
<doc>Waits until the element ``locator`` is visible.</doc>
<status status="PASS" starttime="20220610 17:59:38.100" endtime="20220610 17:59:38.119"/>
</kw>
<status status="PASS" starttime="20220610 17:59:38.100" endtime="20220610 17:59:38.119"/>
</kw>
<kw name="Run Keyword And Continue On Failure" library="BuiltIn">
<arg>element text should be</arg>
<arg>${a1['${element}']}</arg>
<arg>${a2['${element}']}</arg>
<doc>Runs the keyword and continues execution even if a failure occurs.</doc>
<kw name="Element Text Should Be" library="Selenium2Library">
<arg>${a1['${element}']}</arg>
<arg>${a2['${element}']}</arg>
<doc>Verifies that element ``locator`` contains exact the text ``expected``.</doc>
<msg timestamp="20220610 17:59:38.123" level="INFO">Verifying element 'xpath=/html/body/div[2]/div/div[1]/div/div[2]/div/div/div[1]' contains exact text 'Regístrate'.</msg>
<status status="PASS" starttime="20220610 17:59:38.120" endtime="20220610 17:59:38.141"/>
</kw>
<status status="PASS" starttime="20220610 17:59:38.119" endtime="20220610 17:59:38.141"/>
</kw>
<status status="PASS" starttime="20220610 17:59:37.816" endtime="20220610 17:59:38.141"/>
</iter>
<iter>
<var name="${element}">reg_cualemail?</var>
<kw name="Scroll Element Into View" library="Selenium2Library">
<arg>${a1['${element}']}</arg>
<doc>Scrolls the element identified by ``locator`` into view.</doc>
<status status="PASS" starttime="20220610 17:59:38.141" endtime="20220610 17:59:38.407"/>
</kw>
<kw name="Run Keyword And Continue On Failure" library="BuiltIn">
<arg>Wait Until Element is Visible</arg>
<arg>${a1['${element}']}</arg>
<doc>Runs the keyword and continues execution even if a failure occurs.</doc>
<kw name="Wait Until Element Is Visible" library="Selenium2Library">
<arg>${a1['${element}']}</arg>
<doc>Waits until the element ``locator`` is visible.</doc>
<status status="PASS" starttime="20220610 17:59:38.407" endtime="20220610 17:59:38.427"/>
</kw>
<status status="PASS" starttime="20220610 17:59:38.407" endtime="20220610 17:59:38.427"/>
</kw>
<kw name="Run Keyword And Continue On Failure" library="BuiltIn">
<arg>element text should be</arg>
<arg>${a1['${element}']}</arg>
<arg>${a2['${element}']}</arg>
<doc>Runs the keyword and continues execution even if a failure occurs.</doc>
<kw name="Element Text Should Be" library="Selenium2Library">
<arg>${a1['${element}']}</arg>
<arg>${a2['${element}']}</arg>
<doc>Verifies that element ``locator`` contains exact the text ``expected``.</doc>
<msg timestamp="20220610 17:59:38.430" level="INFO">Verifying element 'xpath=/html/body/div[2]/div/div[1]/div/div[2]/div/div/div[2]/div[1]' contains exact text '¿Cuál es tu correo electrónico?'.</msg>
<status status="PASS" starttime="20220610 17:59:38.427" endtime="20220610 17:59:38.446"/>
</kw>
<status status="PASS" starttime="20220610 17:59:38.427" endtime="20220610 17:59:38.446"/>
</kw>
<status status="PASS" starttime="20220610 17:59:38.141" endtime="20220610 17:59:38.446"/>
</iter>
<iter>
<var name="${element}">reg_emailtextbox</var>
<kw name="Scroll Element Into View" library="Selenium2Library">
<arg>${a1['${element}']}</arg>
<doc>Scrolls the element identified by ``locator`` into view.</doc>
<status status="PASS" starttime="20220610 17:59:38.446" endtime="20220610 17:59:38.713"/>
</kw>
<kw name="Run Keyword And Continue On Failure" library="BuiltIn">
<arg>Wait Until Element is Visible</arg>
<arg>${a1['${element}']}</arg>
<doc>Runs the keyword and continues execution even if a failure occurs.</doc>
<kw name="Wait Until Element Is Visible" library="Selenium2Library">
<arg>${a1['${element}']}</arg>
<doc>Waits until the element ``locator`` is visible.</doc>
<status status="PASS" starttime="20220610 17:59:38.714" endtime="20220610 17:59:38.729"/>
</kw>
<status status="PASS" starttime="20220610 17:59:38.713" endtime="20220610 17:59:38.729"/>
</kw>
<kw name="Run Keyword And Continue On Failure" library="BuiltIn">
<arg>element text should be</arg>
<arg>${a1['${element}']}</arg>
<arg>${a2['${element}']}</arg>
<doc>Runs the keyword and continues execution even if a failure occurs.</doc>
<kw name="Element Text Should Be" library="Selenium2Library">
<arg>${a1['${element}']}</arg>
<arg>${a2['${element}']}</arg>
<doc>Verifies that element ``locator`` contains exact the text ``expected``.</doc>
<msg timestamp="20220610 17:59:38.732" level="INFO">Verifying element 'xpath=//input[@id='emailRegister']' contains exact text ''.</msg>
<status status="PASS" starttime="20220610 17:59:38.730" endtime="20220610 17:59:38.747"/>
</kw>
<status status="PASS" starttime="20220610 17:59:38.729" endtime="20220610 17:59:38.747"/>
</kw>
<status status="PASS" starttime="20220610 17:59:38.446" endtime="20220610 17:59:38.747"/>
</iter>
<iter>
<var name="${element}">reg_terms</var>
<kw name="Scroll Element Into View" library="Selenium2Library">
<arg>${a1['${element}']}</arg>
<doc>Scrolls the element identified by ``locator`` into view.</doc>
<status status="PASS" starttime="20220610 17:59:38.747" endtime="20220610 17:59:39.022"/>
</kw>
<kw name="Run Keyword And Continue On Failure" library="BuiltIn">
<arg>Wait Until Element is Visible</arg>
<arg>${a1['${element}']}</arg>
<doc>Runs the keyword and continues execution even if a failure occurs.</doc>
<kw name="Wait Until Element Is Visible" library="Selenium2Library">
<arg>${a1['${element}']}</arg>
<doc>Waits until the element ``locator`` is visible.</doc>
<status status="PASS" starttime="20220610 17:59:39.023" endtime="20220610 17:59:39.154"/>
</kw>
<status status="PASS" starttime="20220610 17:59:39.022" endtime="20220610 17:59:39.154"/>
</kw>
<kw name="Run Keyword And Continue On Failure" library="BuiltIn">
<arg>element text should be</arg>
<arg>${a1['${element}']}</arg>
<arg>${a2['${element}']}</arg>
<doc>Runs the keyword and continues execution even if a failure occurs.</doc>
<kw name="Element Text Should Be" library="Selenium2Library">
<arg>${a1['${element}']}</arg>
<arg>${a2['${element}']}</arg>
<doc>Verifies that element ``locator`` contains exact the text ``expected``.</doc>
<msg timestamp="20220610 17:59:39.156" level="INFO">Verifying element 'xpath=//*[@class='_1pakn']//span[contains(text(),'Acepto los')]' contains exact text 'Acepto los Términos y Condiciones del servicio.'.</msg>
<status status="PASS" starttime="20220610 17:59:39.154" endtime="20220610 17:59:39.171"/>
</kw>
<status status="PASS" starttime="20220610 17:59:39.154" endtime="20220610 17:59:39.171"/>
</kw>
<status status="PASS" starttime="20220610 17:59:38.747" endtime="20220610 17:59:39.171"/>
</iter>
<iter>
<var name="${element}">reg_terms_check</var>
<kw name="Scroll Element Into View" library="Selenium2Library">
<arg>${a1['${element}']}</arg>
<doc>Scrolls the element identified by ``locator`` into view.</doc>
<status status="PASS" starttime="20220610 17:59:39.171" endtime="20220610 17:59:39.450"/>
</kw>
<kw name="Run Keyword And Continue On Failure" library="BuiltIn">
<arg>Wait Until Element is Visible</arg>
<arg>${a1['${element}']}</arg>
<doc>Runs the keyword and continues execution even if a failure occurs.</doc>
<kw name="Wait Until Element Is Visible" library="Selenium2Library">
<arg>${a1['${element}']}</arg>
<doc>Waits until the element ``locator`` is visible.</doc>
<status status="PASS" starttime="20220610 17:59:39.451" endtime="20220610 17:59:39.466"/>
</kw>
<status status="PASS" starttime="20220610 17:59:39.450" endtime="20220610 17:59:39.466"/>
</kw>
<kw name="Run Keyword And Continue On Failure" library="BuiltIn">
<arg>element text should be</arg>
<arg>${a1['${element}']}</arg>
<arg>${a2['${element}']}</arg>
<doc>Runs the keyword and continues execution even if a failure occurs.</doc>
<kw name="Element Text Should Be" library="Selenium2Library">
<arg>${a1['${element}']}</arg>
<arg>${a2['${element}']}</arg>
<doc>Verifies that element ``locator`` contains exact the text ``expected``.</doc>
<msg timestamp="20220610 17:59:39.469" level="INFO">Verifying element 'xpath=//span[@class='_3i1FC']' contains exact text ''.</msg>
<status status="PASS" starttime="20220610 17:59:39.467" endtime="20220610 17:59:39.484"/>
</kw>
<status status="PASS" starttime="20220610 17:59:39.467" endtime="20220610 17:59:39.484"/>
</kw>
<status status="PASS" starttime="20220610 17:59:39.171" endtime="20220610 17:59:39.484"/>
</iter>
<iter>
<var name="${element}">reg_terms_link</var>
<kw name="Scroll Element Into View" library="Selenium2Library">
<arg>${a1['${element}']}</arg>
<doc>Scrolls the element identified by ``locator`` into view.</doc>
<status status="PASS" starttime="20220610 17:59:39.485" endtime="20220610 17:59:39.757"/>
</kw>
<kw name="Run Keyword And Continue On Failure" library="BuiltIn">
<arg>Wait Until Element is Visible</arg>
<arg>${a1['${element}']}</arg>
<doc>Runs the keyword and continues execution even if a failure occurs.</doc>
<kw name="Wait Until Element Is Visible" library="Selenium2Library">
<arg>${a1['${element}']}</arg>
<doc>Waits until the element ``locator`` is visible.</doc>
<status status="PASS" starttime="20220610 17:59:39.757" endtime="20220610 17:59:39.774"/>
</kw>
<status status="PASS" starttime="20220610 17:59:39.757" endtime="20220610 17:59:39.774"/>
</kw>
<kw name="Run Keyword And Continue On Failure" library="BuiltIn">
<arg>element text should be</arg>
<arg>${a1['${element}']}</arg>
<arg>${a2['${element}']}</arg>
<doc>Runs the keyword and continues execution even if a failure occurs.</doc>
<kw name="Element Text Should Be" library="Selenium2Library">
<arg>${a1['${element}']}</arg>
<arg>${a2['${element}']}</arg>
<doc>Verifies that element ``locator`` contains exact the text ``expected``.</doc>
<msg timestamp="20220610 17:59:39.777" level="INFO">Verifying element 'xpath=//a[normalize-space()='Términos y Condiciones']' contains exact text 'Términos y Condiciones'.</msg>
<status status="PASS" starttime="20220610 17:59:39.775" endtime="20220610 17:59:39.794"/>
</kw>
<status status="PASS" starttime="20220610 17:59:39.774" endtime="20220610 17:59:39.795"/>
</kw>
<status status="PASS" starttime="20220610 17:59:39.484" endtime="20220610 17:59:39.795"/>
</iter>
<iter>
<var name="${element}">reg_siguiente</var>
<kw name="Scroll Element Into View" library="Selenium2Library">
<arg>${a1['${element}']}</arg>
<doc>Scrolls the element identified by ``locator`` into view.</doc>
<status status="PASS" starttime="20220610 17:59:39.795" endtime="20220610 17:59:40.062"/>
</kw>
<kw name="Run Keyword And Continue On Failure" library="BuiltIn">
<arg>Wait Until Element is Visible</arg>
<arg>${a1['${element}']}</arg>
<doc>Runs the keyword and continues execution even if a failure occurs.</doc>
<kw name="Wait Until Element Is Visible" library="Selenium2Library">
<arg>${a1['${element}']}</arg>
<doc>Waits until the element ``locator`` is visible.</doc>
<status status="PASS" starttime="20220610 17:59:40.063" endtime="20220610 17:59:40.077"/>
</kw>
<status status="PASS" starttime="20220610 17:59:40.062" endtime="20220610 17:59:40.077"/>
</kw>
<kw name="Run Keyword And Continue On Failure" library="BuiltIn">
<arg>element text should be</arg>
<arg>${a1['${element}']}</arg>
<arg>${a2['${element}']}</arg>
<doc>Runs the keyword and continues execution even if a failure occurs.</doc>
<kw name="Element Text Should Be" library="Selenium2Library">
<arg>${a1['${element}']}</arg>
<arg>${a2['${element}']}</arg>
<doc>Verifies that element ``locator`` contains exact the text ``expected``.</doc>
<msg timestamp="20220610 17:59:40.079" level="INFO">Verifying element 'xpath=/html/body/div[2]/div/div[1]/div/div[2]/div/div/div[4]/div/button' contains exact text 'SIGUIENTE'.</msg>
<status status="PASS" starttime="20220610 17:59:40.077" endtime="20220610 17:59:40.094"/>
</kw>
<status status="PASS" starttime="20220610 17:59:40.077" endtime="20220610 17:59:40.094"/>
</kw>
<status status="PASS" starttime="20220610 17:59:39.795" endtime="20220610 17:59:40.094"/>
</iter>
<iter>
<var name="${element}">reg_cancelar</var>
<kw name="Scroll Element Into View" library="Selenium2Library">
<arg>${a1['${element}']}</arg>
<doc>Scrolls the element identified by ``locator`` into view.</doc>
<status status="PASS" starttime="20220610 17:59:40.094" endtime="20220610 17:59:40.361"/>
</kw>
<kw name="Run Keyword And Continue On Failure" library="BuiltIn">
<arg>Wait Until Element is Visible</arg>
<arg>${a1['${element}']}</arg>
<doc>Runs the keyword and continues execution even if a failure occurs.</doc>
<kw name="Wait Until Element Is Visible" library="Selenium2Library">
<arg>${a1['${element}']}</arg>
<doc>Waits until the element ``locator`` is visible.</doc>
<status status="PASS" starttime="20220610 17:59:40.362" endtime="20220610 17:59:40.378"/>
</kw>
<status status="PASS" starttime="20220610 17:59:40.362" endtime="20220610 17:59:40.378"/>
</kw>
<kw name="Run Keyword And Continue On Failure" library="BuiltIn">
<arg>element text should be</arg>
<arg>${a1['${element}']}</arg>
<arg>${a2['${element}']}</arg>
<doc>Runs the keyword and continues execution even if a failure occurs.</doc>
<kw name="Element Text Should Be" library="Selenium2Library">
<arg>${a1['${element}']}</arg>
<arg>${a2['${element}']}</arg>
<doc>Verifies that element ``locator`` contains exact the text ``expected``.</doc>
<msg timestamp="20220610 17:59:40.381" level="INFO">Verifying element 'xpath=/html/body/div[2]/div/div[1]/div/div[2]/div/div/div[5]/div/button' contains exact text 'CANCELAR'.</msg>
<status status="PASS" starttime="20220610 17:59:40.379" endtime="20220610 17:59:40.398"/>
</kw>
<status status="PASS" starttime="20220610 17:59:40.379" endtime="20220610 17:59:40.398"/>
</kw>
<status status="PASS" starttime="20220610 17:59:40.094" endtime="20220610 17:59:40.398"/>
</iter>
<iter>
<var name="${element}">reg_telmex?</var>
<kw name="Scroll Element Into View" library="Selenium2Library">
<arg>${a1['${element}']}</arg>
<doc>Scrolls the element identified by ``locator`` into view.</doc>
<status status="PASS" starttime="20220610 17:59:40.398" endtime="20220610 17:59:40.665"/>
</kw>
<kw name="Run Keyword And Continue On Failure" library="BuiltIn">
<arg>Wait Until Element is Visible</arg>
<arg>${a1['${element}']}</arg>
<doc>Runs the keyword and continues execution even if a failure occurs.</doc>
<kw name="Wait Until Element Is Visible" library="Selenium2Library">
<arg>${a1['${element}']}</arg>
<doc>Waits until the element ``locator`` is visible.</doc>
<status status="PASS" starttime="20220610 17:59:40.666" endtime="20220610 17:59:40.682"/>
</kw>
<status status="PASS" starttime="20220610 17:59:40.665" endtime="20220610 17:59:40.682"/>
</kw>
<kw name="Run Keyword And Continue On Failure" library="BuiltIn">
<arg>element text should be</arg>
<arg>${a1['${element}']}</arg>
<arg>${a2['${element}']}</arg>
<doc>Runs the keyword and continues execution even if a failure occurs.</doc>
<kw name="Element Text Should Be" library="Selenium2Library">
<arg>${a1['${element}']}</arg>
<arg>${a2['${element}']}</arg>
<doc>Verifies that element ``locator`` contains exact the text ``expected``.</doc>
<msg timestamp="20220610 17:59:40.684" level="INFO">Verifying element 'xpath=/html/body/div[2]/div/div[1]/div/div[2]/div/div/div[6]/span' contains exact text '¿Tienes Telmex o Telcel?
Conoce las promociones'.</msg>
<status status="PASS" starttime="20220610 17:59:40.682" endtime="20220610 17:59:40.701"/>
</kw>
<status status="PASS" starttime="20220610 17:59:40.682" endtime="20220610 17:59:40.701"/>
</kw>
<status status="PASS" starttime="20220610 17:59:40.398" endtime="20220610 17:59:40.701"/>
</iter>
<iter>
<var name="${element}">reg_terms_promo</var>
<kw name="Scroll Element Into View" library="Selenium2Library">
<arg>${a1['${element}']}</arg>
<doc>Scrolls the element identified by ``locator`` into view.</doc>
<status status="PASS" starttime="20220610 17:59:40.702" endtime="20220610 17:59:40.969"/>
</kw>
<kw name="Run Keyword And Continue On Failure" library="BuiltIn">
<arg>Wait Until Element is Visible</arg>
<arg>${a1['${element}']}</arg>
<doc>Runs the keyword and continues execution even if a failure occurs.</doc>
<kw name="Wait Until Element Is Visible" library="Selenium2Library">
<arg>${a1['${element}']}</arg>
<doc>Waits until the element ``locator`` is visible.</doc>
<status status="PASS" starttime="20220610 17:59:40.969" endtime="20220610 17:59:40.986"/>
</kw>
<status status="PASS" starttime="20220610 17:59:40.969" endtime="20220610 17:59:40.986"/>
</kw>
<kw name="Run Keyword And Continue On Failure" library="BuiltIn">
<arg>element text should be</arg>
<arg>${a1['${element}']}</arg>
<arg>${a2['${element}']}</arg>
<doc>Runs the keyword and continues execution even if a failure occurs.</doc>
<kw name="Element Text Should Be" library="Selenium2Library">
<arg>${a1['${element}']}</arg>
<arg>${a2['${element}']}</arg>
<doc>Verifies that element ``locator`` contains exact the text ``expected``.</doc>
<msg timestamp="20220610 17:59:40.989" level="INFO">Verifying element 'xpath=//a[normalize-space()='Conoce las promociones']' contains exact text 'Conoce las promociones'.</msg>
<status status="PASS" starttime="20220610 17:59:40.986" endtime="20220610 17:59:41.004"/>
</kw>
<status status="PASS" starttime="20220610 17:59:40.986" endtime="20220610 17:59:41.004"/>
</kw>
<status status="PASS" starttime="20220610 17:59:40.701" endtime="20220610 17:59:41.004"/>
</iter>
<iter>
<var name="${element}">reg_tienescuenta?</var>
<kw name="Scroll Element Into View" library="Selenium2Library">
<arg>${a1['${element}']}</arg>
<doc>Scrolls the element identified by ``locator`` into view.</doc>
<status status="PASS" starttime="20220610 17:59:41.005" endtime="20220610 17:59:41.281"/>
</kw>
<kw name="Run Keyword And Continue On Failure" library="BuiltIn">
<arg>Wait Until Element is Visible</arg>
<arg>${a1['${element}']}</arg>
<doc>Runs the keyword and continues execution even if a failure occurs.</doc>
<kw name="Wait Until Element Is Visible" library="Selenium2Library">
<arg>${a1['${element}']}</arg>
<doc>Waits until the element ``locator`` is visible.</doc>
<status status="PASS" starttime="20220610 17:59:41.281" endtime="20220610 17:59:41.298"/>
</kw>
<status status="PASS" starttime="20220610 17:59:41.281" endtime="20220610 17:59:41.298"/>
</kw>
<kw name="Run Keyword And Continue On Failure" library="BuiltIn">
<arg>element text should be</arg>
<arg>${a1['${element}']}</arg>
<arg>${a2['${element}']}</arg>
<doc>Runs the keyword and continues execution even if a failure occurs.</doc>
<kw name="Element Text Should Be" library="Selenium2Library">
<arg>${a1['${element}']}</arg>
<arg>${a2['${element}']}</arg>
<doc>Verifies that element ``locator`` contains exact the text ``expected``.</doc>
<msg timestamp="20220610 17:59:41.301" level="INFO">Verifying element 'xpath=/html/body/div[2]/div/div[1]/div/div[2]/div/div/div[7]/span' contains exact text '¿Ya tienes cuenta? Inicia sesión'.</msg>
<status status="PASS" starttime="20220610 17:59:41.299" endtime="20220610 17:59:41.318"/>
</kw>
<status status="PASS" starttime="20220610 17:59:41.298" endtime="20220610 17:59:41.318"/>
</kw>
<status status="PASS" starttime="20220610 17:59:41.004" endtime="20220610 17:59:41.318"/>
</iter>
<iter>
<var name="${element}">reg_sesion</var>
<kw name="Scroll Element Into View" library="Selenium2Library">
<arg>${a1['${element}']}</arg>
<doc>Scrolls the element identified by ``locator`` into view.</doc>
<status status="PASS" starttime="20220610 17:59:41.318" endtime="20220610 17:59:41.584"/>
</kw>
<kw name="Run Keyword And Continue On Failure" library="BuiltIn">
<arg>Wait Until Element is Visible</arg>
<arg>${a1['${element}']}</arg>
<doc>Runs the keyword and continues execution even if a failure occurs.</doc>
<kw name="Wait Until Element Is Visible" library="Selenium2Library">
<arg>${a1['${element}']}</arg>
<doc>Waits until the element ``locator`` is visible.</doc>
<status status="PASS" starttime="20220610 17:59:41.584" endtime="20220610 17:59:41.599"/>
</kw>
<status status="PASS" starttime="20220610 17:59:41.584" endtime="20220610 17:59:41.599"/>
</kw>
<kw name="Run Keyword And Continue On Failure" library="BuiltIn">
<arg>element text should be</arg>
<arg>${a1['${element}']}</arg>
<arg>${a2['${element}']}</arg>
<doc>Runs the keyword and continues execution even if a failure occurs.</doc>
<kw name="Element Text Should Be" library="Selenium2Library">
<arg>${a1['${element}']}</arg>
<arg>${a2['${element}']}</arg>
<doc>Verifies that element ``locator`` contains exact the text ``expected``.</doc>
<msg timestamp="20220610 17:59:41.601" level="INFO">Verifying element 'xpath=/html/body/div[2]/div/div[1]/div/div[2]/div/div/div[7]/span/a' contains exact text 'Inicia sesión'.</msg>
<status status="PASS" starttime="20220610 17:59:41.599" endtime="20220610 17:59:41.615"/>
</kw>
<status status="PASS" starttime="20220610 17:59:41.599" endtime="20220610 17:59:41.615"/>
</kw>
<status status="PASS" starttime="20220610 17:59:41.318" endtime="20220610 17:59:41.615"/>
</iter>
<status status="PASS" starttime="20220610 17:59:37.815" endtime="20220610 17:59:41.615"/>
</for>
<status status="PASS" starttime="20220610 17:59:37.815" endtime="20220610 17:59:41.615"/>
</kw>
<kw name="-INGRESAR EMAIL PARA REGISTRO-" library="tests_keywords">
<arg>${EMAIL_RANDOM_PYTHON}</arg>
<kw name="Wait Until Element Is Visible" library="Selenium2Library">
<arg>${elementos_register_page['reg_emailtextbox']}</arg>
<doc>Waits until the element ``locator`` is visible.</doc>
<status status="PASS" starttime="20220610 17:59:41.616" endtime="20220610 17:59:41.628"/>
</kw>
<kw name="Input Text" library="Selenium2Library">
<arg>${elementos_register_page['reg_emailtextbox']}</arg>
<arg>${EMAIL_RANDOM}</arg>
<doc>Types the given ``text`` into the text field identified by ``locator``.</doc>
<msg timestamp="20220610 17:59:41.629" level="INFO">Typing text 'u1g1q8a4x5@gmail.com' into text field 'xpath=//input[@id='emailRegister']'.</msg>
<status status="PASS" starttime="20220610 17:59:41.628" endtime="20220610 17:59:41.875"/>
</kw>
<kw name="Click Element" library="Selenium2Library">
<arg>${elementos_register_page['reg_terms_check']}</arg>
<doc>Click the element identified by ``locator``.</doc>
<msg timestamp="20220610 17:59:41.877" level="INFO">Clicking element 'xpath=//span[@class='_3i1FC']'.</msg>
<status status="PASS" starttime="20220610 17:59:41.876" endtime="20220610 17:59:41.927"/>
</kw>
<kw name="Click Button" library="Selenium2Library">
<arg>${elementos_register_page['reg_siguiente']}</arg>
<doc>Clicks the button identified by ``locator``.</doc>
<msg timestamp="20220610 17:59:41.928" level="INFO">Clicking button 'xpath=/html/body/div[2]/div/div[1]/div/div[2]/div/div/div[4]/div/button'.</msg>
<status status="PASS" starttime="20220610 17:59:41.927" endtime="20220610 17:59:41.986"/>
</kw>
<status status="PASS" starttime="20220610 17:59:41.615" endtime="20220610 17:59:41.986"/>
</kw>
<kw name="-VALIDAR TEXTOS Y ELEMENTOS-" library="libraries_keywords">
<arg>${elementos_register_page_pass}</arg>
<arg>${textos_elementos_register_page_pass}</arg>
<for flavor="IN">
<var>${element}</var>
<value>@{a1}</value>
<iter>
<var name="${element}">reg_registrate</var>
<kw name="Scroll Element Into View" library="Selenium2Library">
<arg>${a1['${element}']}</arg>
<doc>Scrolls the element identified by ``locator`` into view.</doc>
<status status="PASS" starttime="20220610 17:59:41.987" endtime="20220610 17:59:42.279"/>
</kw>
<kw name="Run Keyword And Continue On Failure" library="BuiltIn">
<arg>Wait Until Element is Visible</arg>
<arg>${a1['${element}']}</arg>
<doc>Runs the keyword and continues execution even if a failure occurs.</doc>
<kw name="Wait Until Element Is Visible" library="Selenium2Library">
<arg>${a1['${element}']}</arg>
<doc>Waits until the element ``locator`` is visible.</doc>
<status status="PASS" starttime="20220610 17:59:42.280" endtime="20220610 17:59:42.295"/>
</kw>
<status status="PASS" starttime="20220610 17:59:42.279" endtime="20220610 17:59:42.295"/>
</kw>
<kw name="Run Keyword And Continue On Failure" library="BuiltIn">
<arg>element text should be</arg>
<arg>${a1['${element}']}</arg>
<arg>${a2['${element}']}</arg>
<doc>Runs the keyword and continues execution even if a failure occurs.</doc>
<kw name="Element Text Should Be" library="Selenium2Library">
<arg>${a1['${element}']}</arg>
<arg>${a2['${element}']}</arg>
<doc>Verifies that element ``locator`` contains exact the text ``expected``.</doc>
<msg timestamp="20220610 17:59:42.298" level="INFO">Verifying element 'xpath=//span[normalize-space()='Regístrate']' contains exact text 'Regístrate'.</msg>
<status status="PASS" starttime="20220610 17:59:42.295" endtime="20220610 17:59:42.313"/>
</kw>
<status status="PASS" starttime="20220610 17:59:42.295" endtime="20220610 17:59:42.313"/>
</kw>
<status status="PASS" starttime="20220610 17:59:41.987" endtime="20220610 17:59:42.313"/>
</iter>
<iter>
<var name="${element}">reg_passtext?</var>
<kw name="Scroll Element Into View" library="Selenium2Library">
<arg>${a1['${element}']}</arg>
<doc>Scrolls the element identified by ``locator`` into view.</doc>
<status status="PASS" starttime="20220610 17:59:42.313" endtime="20220610 17:59:42.596"/>
</kw>
<kw name="Run Keyword And Continue On Failure" library="BuiltIn">
<arg>Wait Until Element is Visible</arg>
<arg>${a1['${element}']}</arg>
<doc>Runs the keyword and continues execution even if a failure occurs.</doc>
<kw name="Wait Until Element Is Visible" library="Selenium2Library">
<arg>${a1['${element}']}</arg>
<doc>Waits until the element ``locator`` is visible.</doc>
<status status="PASS" starttime="20220610 17:59:42.597" endtime="20220610 17:59:42.613"/>
</kw>
<status status="PASS" starttime="20220610 17:59:42.596" endtime="20220610 17:59:42.613"/>
</kw>
<kw name="Run Keyword And Continue On Failure" library="BuiltIn">
<arg>element text should be</arg>
<arg>${a1['${element}']}</arg>
<arg>${a2['${element}']}</arg>
<doc>Runs the keyword and continues execution even if a failure occurs.</doc>
<kw name="Element Text Should Be" library="Selenium2Library">
<arg>${a1['${element}']}</arg>
<arg>${a2['${element}']}</arg>
<doc>Verifies that element ``locator`` contains exact the text ``expected``.</doc>
<msg timestamp="20220610 17:59:42.616" level="INFO">Verifying element 'xpath=//span[normalize-space()='Elige una contraseña.']' contains exact text 'Elige una contraseña.'.</msg>
<status status="PASS" starttime="20220610 17:59:42.613" endtime="20220610 17:59:42.631"/>
</kw>
<status status="PASS" starttime="20220610 17:59:42.613" endtime="20220610 17:59:42.631"/>
</kw>
<status status="PASS" starttime="20220610 17:59:42.313" endtime="20220610 17:59:42.631"/>
</iter>
<iter>
<var name="${element}">reg_passfield</var>
<kw name="Scroll Element Into View" library="Selenium2Library">
<arg>${a1['${element}']}</arg>
<doc>Scrolls the element identified by ``locator`` into view.</doc>
<status status="PASS" starttime="20220610 17:59:42.632" endtime="20220610 17:59:42.913"/>
</kw>
<kw name="Run Keyword And Continue On Failure" library="BuiltIn">
<arg>Wait Until Element is Visible</arg>
<arg>${a1['${element}']}</arg>
<doc>Runs the keyword and continues execution even if a failure occurs.</doc>
<kw name="Wait Until Element Is Visible" library="Selenium2Library">
<arg>${a1['${element}']}</arg>
<doc>Waits until the element ``locator`` is visible.</doc>
<status status="PASS" starttime="20220610 17:59:42.914" endtime="20220610 17:59:42.932"/>
</kw>
<status status="PASS" starttime="20220610 17:59:42.914" endtime="20220610 17:59:42.932"/>
</kw>
<kw name="Run Keyword And Continue On Failure" library="BuiltIn">
<arg>element text should be</arg>
<arg>${a1['${element}']}</arg>
<arg>${a2['${element}']}</arg>
<doc>Runs the keyword and continues execution even if a failure occurs.</doc>
<kw name="Element Text Should Be" library="Selenium2Library">
<arg>${a1['${element}']}</arg>
<arg>${a2['${element}']}</arg>
<doc>Verifies that element ``locator`` contains exact the text ``expected``.</doc>
<msg timestamp="20220610 17:59:42.935" level="INFO">Verifying element 'xpath=//input[@id='password']' contains exact text ''.</msg>
<status status="PASS" starttime="20220610 17:59:42.932" endtime="20220610 17:59:42.951"/>
</kw>
<status status="PASS" starttime="20220610 17:59:42.932" endtime="20220610 17:59:42.951"/>
</kw>
<status status="PASS" starttime="20220610 17:59:42.632" endtime="20220610 17:59:42.951"/>
</iter>
<iter>
<var name="${element}">reg_siguiente</var>
<kw name="Scroll Element Into View" library="Selenium2Library">
<arg>${a1['${element}']}</arg>
<doc>Scrolls the element identified by ``locator`` into view.</doc>
<status status="PASS" starttime="20220610 17:59:42.951" endtime="20220610 17:59:43.219"/>
</kw>
<kw name="Run Keyword And Continue On Failure" library="BuiltIn">
<arg>Wait Until Element is Visible</arg>
<arg>${a1['${element}']}</arg>
<doc>Runs the keyword and continues execution even if a failure occurs.</doc>
<kw name="Wait Until Element Is Visible" library="Selenium2Library">
<arg>${a1['${element}']}</arg>
<doc>Waits until the element ``locator`` is visible.</doc>
<status status="PASS" starttime="20220610 17:59:43.220" endtime="20220610 17:59:43.239"/>
</kw>
<status status="PASS" starttime="20220610 17:59:43.219" endtime="20220610 17:59:43.239"/>
</kw>
<kw name="Run Keyword And Continue On Failure" library="BuiltIn">
<arg>element text should be</arg>
<arg>${a1['${element}']}</arg>
<arg>${a2['${element}']}</arg>
<doc>Runs the keyword and continues execution even if a failure occurs.</doc>
<kw name="Element Text Should Be" library="Selenium2Library">
<arg>${a1['${element}']}</arg>
<arg>${a2['${element}']}</arg>
<doc>Verifies that element ``locator`` contains exact the text ``expected``.</doc>
<msg timestamp="20220610 17:59:43.242" level="INFO">Verifying element 'xpath=//button[normalize-space()='SIGUIENTE']' contains exact text 'SIGUIENTE'.</msg>
<status status="PASS" starttime="20220610 17:59:43.240" endtime="20220610 17:59:43.259"/>
</kw>
<status status="PASS" starttime="20220610 17:59:43.240" endtime="20220610 17:59:43.259"/>
</kw>
<status status="PASS" starttime="20220610 17:59:42.951" endtime="20220610 17:59:43.259"/>
</iter>
<iter>
<var name="${element}">reg_cancelar</var>
<kw name="Scroll Element Into View" library="Selenium2Library">
<arg>${a1['${element}']}</arg>
<doc>Scrolls the element identified by ``locator`` into view.</doc>
<status status="PASS" starttime="20220610 17:59:43.259" endtime="20220610 17:59:43.528"/>
</kw>
<kw name="Run Keyword And Continue On Failure" library="BuiltIn">
<arg>Wait Until Element is Visible</arg>
<arg>${a1['${element}']}</arg>
<doc>Runs the keyword and continues execution even if a failure occurs.</doc>
<kw name="Wait Until Element Is Visible" library="Selenium2Library">
<arg>${a1['${element}']}</arg>
<doc>Waits until the element ``locator`` is visible.</doc>
<status status="PASS" starttime="20220610 17:59:43.528" endtime="20220610 17:59:43.545"/>
</kw>
<status status="PASS" starttime="20220610 17:59:43.528" endtime="20220610 17:59:43.545"/>
</kw>
<kw name="Run Keyword And Continue On Failure" library="BuiltIn">
<arg>element text should be</arg>
<arg>${a1['${element}']}</arg>
<arg>${a2['${element}']}</arg>
<doc>Runs the keyword and continues execution even if a failure occurs.</doc>
<kw name="Element Text Should Be" library="Selenium2Library">
<arg>${a1['${element}']}</arg>
<arg>${a2['${element}']}</arg>
<doc>Verifies that element ``locator`` contains exact the text ``expected``.</doc>
<msg timestamp="20220610 17:59:43.548" level="INFO">Verifying element 'xpath=//button[normalize-space()='CANCELAR']' contains exact text 'CANCELAR'.</msg>
<status status="PASS" starttime="20220610 17:59:43.546" endtime="20220610 17:59:43.564"/>
</kw>
<status status="PASS" starttime="20220610 17:59:43.545" endtime="20220610 17:59:43.564"/>
</kw>
<status status="PASS" starttime="20220610 17:59:43.259" endtime="20220610 17:59:43.564"/>
</iter>
<status status="PASS" starttime="20220610 17:59:41.987" endtime="20220610 17:59:43.564"/>
</for>
<status status="PASS" starttime="20220610 17:59:41.987" endtime="20220610 17:59:43.564"/>
</kw>
<kw name="-INGRESAR PASSWORD PARA REGISTRO-" library="tests_keywords">
<arg>${pass_valido_registro}</arg>
<kw name="Wait Until Element Is Visible" library="Selenium2Library">
<arg>${elementos_register_page_pass['reg_passfield']}</arg>
<doc>Waits until the element ``locator`` is visible.</doc>
<status status="PASS" starttime="20220610 17:59:43.565" endtime="20220610 17:59:43.577"/>
</kw>
<kw name="Input Text" library="Selenium2Library">
<arg>${elementos_register_page_pass['reg_passfield']}</arg>
<arg>${pass_valido}</arg>
<doc>Types the given ``text`` into the text field identified by ``locator``.</doc>
<msg timestamp="20220610 17:59:43.578" level="INFO">Typing text 'Claro123' into text field 'xpath=//input[@id='password']'.</msg>
<status status="PASS" starttime="20220610 17:59:43.577" endtime="20220610 17:59:43.647"/>
</kw>
<kw name="Click Button" library="Selenium2Library">
<arg>${elementos_register_page_pass['reg_siguiente']}</arg>
<doc>Clicks the button identified by ``locator``.</doc>
<msg timestamp="20220610 17:59:43.648" level="INFO">Clicking button 'xpath=//button[normalize-space()='SIGUIENTE']'.</msg>
<status status="PASS" starttime="20220610 17:59:43.647" endtime="20220610 17:59:43.706"/>
</kw>
<status status="PASS" starttime="20220610 17:59:43.565" endtime="20220610 17:59:43.706"/>
</kw>
<kw name="-TERMINAR CONFIGURACIÓN TESTCASE-" library="libraries_keywords" type="TEARDOWN">
<kw name="Capture Page Screenshot" library="Selenium2Library">
<doc>Takes a screenshot of the current page and embeds it into a log file.</doc>
<msg timestamp="20220610 17:59:43.902" level="INFO" html="true">&lt;/td&gt;&lt;/tr&gt;&lt;tr&gt;&lt;td colspan="3"&gt;&lt;a href="../screenshots/selenium-screenshot-21.png"&gt;&lt;img src="../screenshots/selenium-screenshot-21.png" width="800px"&gt;&lt;/a&gt;</msg>
<status status="PASS" starttime="20220610 17:59:43.707" endtime="20220610 17:59:43.902"/>
</kw>
<status status="PASS" starttime="20220610 17:59:43.706" endtime="20220610 17:59:43.902"/>
</kw>
<tag>test_Nofuncional</tag>
<status status="PASS" starttime="20220610 17:59:30.680" endtime="20220610 17:59:43.902"/>
</test>
<kw name="-TERMINAR CONFIGURACIÓN SUITETEST-" library="libraries_keywords" type="TEARDOWN">
<kw name="-DESCARGAR SESION CHARLES-" library="libraries_keywords">
<kw name="Download Charles Proxy Session Recording" library="charles_library">
<status status="PASS" starttime="20220610 17:59:43.903" endtime="20220610 18:01:00.159"/>
</kw>
<status status="PASS" starttime="20220610 17:59:43.903" endtime="20220610 18:01:00.159"/>
</kw>
<kw name="-DETENER GRABACION CHARLES-" library="libraries_keywords">
<kw name="Stop Charles Proxy Session Recording" library="charles_library">
<status status="PASS" starttime="20220610 18:01:00.160" endtime="20220610 18:02:15.760"/>
</kw>
<status status="PASS" starttime="20220610 18:01:00.159" endtime="20220610 18:02:15.760"/>
</kw>
<kw name="-CERRAR TODOS LOS NAVEGADORES-" library="libraries_keywords">
<kw name="Close All Browsers" library="Selenium2Library">
<doc>Closes all open browsers and resets the browser cache.</doc>
<status status="PASS" starttime="20220610 18:02:15.761" endtime="20220610 18:02:15.935"/>
</kw>
<status status="PASS" starttime="20220610 18:02:15.761" endtime="20220610 18:02:15.935"/>
</kw>
<kw name="-CERRAR CHARLES-" library="libraries_keywords">
<kw name="Terminate All Charles Proxy Sessions" library="charles_library">
<status status="PASS" starttime="20220610 18:02:15.935" endtime="20220610 18:02:16.076"/>
</kw>
<status status="PASS" starttime="20220610 18:02:15.935" endtime="20220610 18:02:16.076"/>
</kw>
<status status="PASS" starttime="20220610 17:59:43.903" endtime="20220610 18:02:16.076"/>
</kw>
<doc>tester, archivo para probar cambios</doc>
<status status="PASS" starttime="20220610 17:57:20.151" endtime="20220610 18:02:16.076"/>
</suite>
<statistics>
<total>
<stat pass="2" fail="0" skip="0">All Tests</stat>
</total>
<tag>
<stat pass="1" fail="0" skip="0">test_funcional</stat>
<stat pass="1" fail="0" skip="0">test_Nofuncional</stat>
</tag>
<suite>
<stat pass="2" fail="0" skip="0" id="s1" name="Tester">Tester</stat>
</suite>
</statistics>
<errors>
</errors>
</robot>
