<?xml version="1.0" encoding="UTF-8"?>
<robot generator="Robot 5.0 (Python 3.6.9 on linux)" generated="20220929 01:21:06.823" rpa="false" schemaversion="3">
<suite id="s1" name="CV-MX-WEB-NA" source="/home/usr_admin/auto_qc/web_auto/QC-WEB-MX/testCases/CV-MX-WEB-NA.robot">
<kw name="-CONFIGURACIÓN INICIAL SUITETEST-" library="libraries_keywords" type="SETUP">
<kw name="-ABRIR CHARLES-" library="libraries_keywords">
<kw name="Start Charles Proxy In Headless Mode" library="charles_library">
<status status="PASS" starttime="20220929 01:21:07.247" endtime="20220929 01:21:11.252"/>
</kw>
<kw name="Sleep" library="BuiltIn">
<arg>3</arg>
<doc>Pauses the test executed for the given time.</doc>
<msg timestamp="20220929 01:21:14.254" level="INFO">Slept 3 seconds</msg>
<status status="PASS" starttime="20220929 01:21:11.253" endtime="20220929 01:21:14.254"/>
</kw>
<status status="PASS" starttime="20220929 01:21:07.247" endtime="20220929 01:21:14.254"/>
</kw>
<kw name="-INICIAR GRABACION CHARLES-" library="libraries_keywords">
<kw name="Start Charles Proxy Session Recording" library="charles_library">
<status status="PASS" starttime="20220929 01:21:14.255" endtime="20220929 01:21:14.288"/>
</kw>
<status status="PASS" starttime="20220929 01:21:14.255" endtime="20220929 01:21:14.289"/>
</kw>
<status status="PASS" starttime="20220929 01:21:07.246" endtime="20220929 01:21:14.289"/>
</kw>
<test id="s1-t1" name="CV-WEB-NAVEGACION-VALIDAR ELEMENTOS LANDING PAGE" line="12">
<kw name="-CONFIGURACIÓN TESTCASE-" library="libraries_keywords" type="SETUP">
<kw name="-CONFIGURAR DIRECTORIO SCREENSHOTS-" library="libraries_keywords">
<kw name="Set Screenshot Directory" library="Selenium2Library">
<arg>${screenshots-folder}</arg>
<doc>Sets the directory for captured screenshots.</doc>
<status status="PASS" starttime="20220929 01:21:14.295" endtime="20220929 01:21:14.296"/>
</kw>
<status status="PASS" starttime="20220929 01:21:14.295" endtime="20220929 01:21:14.296"/>
</kw>
<status status="PASS" starttime="20220929 01:21:14.294" endtime="20220929 01:21:14.296"/>
</kw>
<kw name="-ABRIR LANDIND PAGE-" library="tests_keywords">
<kw name="Open Browser" library="Selenium2Library">
<arg>${url_landing_page}</arg>
<arg>${browser}</arg>
<doc>Opens a new browser instance to the optional ``url``.</doc>
<msg timestamp="20220929 01:21:14.298" level="INFO">Opening browser 'headlesschrome' to base url 'https://www.clarovideo.com/mexico/landing'.</msg>
<status status="PASS" starttime="20220929 01:21:14.297" endtime="20220929 01:21:18.744"/>
</kw>
<status status="PASS" starttime="20220929 01:21:14.297" endtime="20220929 01:21:18.744"/>
</kw>
<kw name="-VALIDAR TEXTOS Y ELEMENTOS-" library="libraries_keywords">
<arg>${elementos_landing_anonimo}</arg>
<arg>${textos_landing_anonimo}</arg>
<for flavor="IN">
<var>${element}</var>
<value>@{a1}</value>
<iter>
<var name="${element}">as_t1</var>
<kw name="Scroll Element Into View" library="Selenium2Library">
<arg>${a1['${element}']}</arg>
<doc>Scrolls the element identified by ``locator`` into view.</doc>
<status status="PASS" starttime="20220929 01:21:18.747" endtime="20220929 01:21:20.321"/>
</kw>
<kw name="Run Keyword And Continue On Failure" library="BuiltIn">
<arg>Wait Until Element is Visible</arg>
<arg>${a1['${element}']}</arg>
<doc>Runs the keyword and continues execution even if a failure occurs.</doc>
<kw name="Wait Until Element Is Visible" library="Selenium2Library">
<arg>${a1['${element}']}</arg>
<doc>Waits until the element ``locator`` is visible.</doc>
<status status="PASS" starttime="20220929 01:21:20.322" endtime="20220929 01:21:20.352"/>
</kw>
<status status="PASS" starttime="20220929 01:21:20.321" endtime="20220929 01:21:20.352"/>
</kw>
<kw name="Run Keyword And Continue On Failure" library="BuiltIn">
<arg>element text should be</arg>
<arg>${a1['${element}']}</arg>
<arg>${a2['${element}']}</arg>
<doc>Runs the keyword and continues execution even if a failure occurs.</doc>
<kw name="Element Text Should Be" library="Selenium2Library">
<arg>${a1['${element}']}</arg>
<arg>${a2['${element}']}</arg>
<doc>Verifies that element ``locator`` contains exact the text ``expected``.</doc>
<msg timestamp="20220929 01:21:20.356" level="INFO">Verifying element 'xpath=/html/body/div[2]/div/div[1]/div/div[2]/div/div/div[2]' contains exact text '¡Todo lo que te gusta en un sólo lugar!'.</msg>
<status status="PASS" starttime="20220929 01:21:20.353" endtime="20220929 01:21:20.384"/>
</kw>
<status status="PASS" starttime="20220929 01:21:20.352" endtime="20220929 01:21:20.385"/>
</kw>
<kw name="Run Keyword And Continue On Failure" library="BuiltIn">
<arg>capture element screenshot</arg>
<arg>${a1['${element}']}</arg>
<doc>Runs the keyword and continues execution even if a failure occurs.</doc>
<kw name="Capture Element Screenshot" library="Selenium2Library">
<arg>${a1['${element}']}</arg>
<doc>Captures a screenshot from the element identified by ``locator`` and embeds it into log file.</doc>
<msg timestamp="20220929 01:21:20.461" level="INFO" html="true">&lt;/td&gt;&lt;/tr&gt;&lt;tr&gt;&lt;td colspan="3"&gt;&lt;a href="../Resultados/screenshots/selenium-element-screenshot-234.png"&gt;&lt;img src="../Resultados/screenshots/selenium-element-screenshot-234.png" width="400px"&gt;&lt;/a&gt;</msg>
<status status="PASS" starttime="20220929 01:21:20.385" endtime="20220929 01:21:20.461"/>
</kw>
<status status="PASS" starttime="20220929 01:21:20.385" endtime="20220929 01:21:20.461"/>
</kw>
<status status="PASS" starttime="20220929 01:21:18.747" endtime="20220929 01:21:20.461"/>
</iter>
<iter>
<var name="${element}">as_t2</var>
<kw name="Scroll Element Into View" library="Selenium2Library">
<arg>${a1['${element}']}</arg>
<doc>Scrolls the element identified by ``locator`` into view.</doc>
<status status="PASS" starttime="20220929 01:21:20.461" endtime="20220929 01:21:20.754"/>
</kw>
<kw name="Run Keyword And Continue On Failure" library="BuiltIn">
<arg>Wait Until Element is Visible</arg>
<arg>${a1['${element}']}</arg>
<doc>Runs the keyword and continues execution even if a failure occurs.</doc>
<kw name="Wait Until Element Is Visible" library="Selenium2Library">
<arg>${a1['${element}']}</arg>
<doc>Waits until the element ``locator`` is visible.</doc>
<status status="PASS" starttime="20220929 01:21:20.755" endtime="20220929 01:21:20.785"/>
</kw>
<status status="PASS" starttime="20220929 01:21:20.754" endtime="20220929 01:21:20.785"/>
</kw>
<kw name="Run Keyword And Continue On Failure" library="BuiltIn">
<arg>element text should be</arg>
<arg>${a1['${element}']}</arg>
<arg>${a2['${element}']}</arg>
<doc>Runs the keyword and continues execution even if a failure occurs.</doc>
<kw name="Element Text Should Be" library="Selenium2Library">
<arg>${a1['${element}']}</arg>
<arg>${a2['${element}']}</arg>
<doc>Verifies that element ``locator`` contains exact the text ``expected``.</doc>
<msg timestamp="20220929 01:21:20.789" level="INFO">Verifying element 'xpath=/html/body/div[2]/div/div[1]/div/div[2]/div/div/div[3]' contains exact text 'El mejor contenido, canales de TV, películas y series.'.</msg>
<status status="PASS" starttime="20220929 01:21:20.786" endtime="20220929 01:21:20.820"/>
</kw>
<status status="PASS" starttime="20220929 01:21:20.786" endtime="20220929 01:21:20.820"/>
</kw>
<kw name="Run Keyword And Continue On Failure" library="BuiltIn">
<arg>capture element screenshot</arg>
<arg>${a1['${element}']}</arg>
<doc>Runs the keyword and continues execution even if a failure occurs.</doc>
<kw name="Capture Element Screenshot" library="Selenium2Library">
<arg>${a1['${element}']}</arg>
<doc>Captures a screenshot from the element identified by ``locator`` and embeds it into log file.</doc>
<msg timestamp="20220929 01:21:20.910" level="INFO" html="true">&lt;/td&gt;&lt;/tr&gt;&lt;tr&gt;&lt;td colspan="3"&gt;&lt;a href="../Resultados/screenshots/selenium-element-screenshot-235.png"&gt;&lt;img src="../Resultados/screenshots/selenium-element-screenshot-235.png" width="400px"&gt;&lt;/a&gt;</msg>
<status status="PASS" starttime="20220929 01:21:20.821" endtime="20220929 01:21:20.911"/>
</kw>
<status status="PASS" starttime="20220929 01:21:20.821" endtime="20220929 01:21:20.911"/>
</kw>
<status status="PASS" starttime="20220929 01:21:20.461" endtime="20220929 01:21:20.911"/>
</iter>
<iter>
<var name="${element}">as_reg</var>
<kw name="Scroll Element Into View" library="Selenium2Library">
<arg>${a1['${element}']}</arg>
<doc>Scrolls the element identified by ``locator`` into view.</doc>
<status status="PASS" starttime="20220929 01:21:20.912" endtime="20220929 01:21:21.192"/>
</kw>
<kw name="Run Keyword And Continue On Failure" library="BuiltIn">
<arg>Wait Until Element is Visible</arg>
<arg>${a1['${element}']}</arg>
<doc>Runs the keyword and continues execution even if a failure occurs.</doc>
<kw name="Wait Until Element Is Visible" library="Selenium2Library">
<arg>${a1['${element}']}</arg>
<doc>Waits until the element ``locator`` is visible.</doc>
<status status="PASS" starttime="20220929 01:21:21.193" endtime="20220929 01:21:21.217"/>
</kw>
<status status="PASS" starttime="20220929 01:21:21.192" endtime="20220929 01:21:21.217"/>
</kw>
<kw name="Run Keyword And Continue On Failure" library="BuiltIn">
<arg>element text should be</arg>
<arg>${a1['${element}']}</arg>
<arg>${a2['${element}']}</arg>
<doc>Runs the keyword and continues execution even if a failure occurs.</doc>
<kw name="Element Text Should Be" library="Selenium2Library">
<arg>${a1['${element}']}</arg>
<arg>${a2['${element}']}</arg>
<doc>Verifies that element ``locator`` contains exact the text ``expected``.</doc>
<msg timestamp="20220929 01:21:21.221" level="INFO">Verifying element 'xpath=/html/body/div[2]/div/div[1]/div/div[2]/div/div/div[4]/div/button' contains exact text 'REGÍSTRATE'.</msg>
<status status="PASS" starttime="20220929 01:21:21.218" endtime="20220929 01:21:21.248"/>
</kw>
<status status="PASS" starttime="20220929 01:21:21.217" endtime="20220929 01:21:21.249"/>
</kw>
<kw name="Run Keyword And Continue On Failure" library="BuiltIn">
<arg>capture element screenshot</arg>
<arg>${a1['${element}']}</arg>
<doc>Runs the keyword and continues execution even if a failure occurs.</doc>
<kw name="Capture Element Screenshot" library="Selenium2Library">
<arg>${a1['${element}']}</arg>
<doc>Captures a screenshot from the element identified by ``locator`` and embeds it into log file.</doc>
<msg timestamp="20220929 01:21:21.323" level="INFO" html="true">&lt;/td&gt;&lt;/tr&gt;&lt;tr&gt;&lt;td colspan="3"&gt;&lt;a href="../Resultados/screenshots/selenium-element-screenshot-236.png"&gt;&lt;img src="../Resultados/screenshots/selenium-element-screenshot-236.png" width="400px"&gt;&lt;/a&gt;</msg>
<status status="PASS" starttime="20220929 01:21:21.249" endtime="20220929 01:21:21.323"/>
</kw>
<status status="PASS" starttime="20220929 01:21:21.249" endtime="20220929 01:21:21.323"/>
</kw>
<status status="PASS" starttime="20220929 01:21:20.911" endtime="20220929 01:21:21.323"/>
</iter>
<iter>
<var name="${element}">as_sesion</var>
<kw name="Scroll Element Into View" library="Selenium2Library">
<arg>${a1['${element}']}</arg>
<doc>Scrolls the element identified by ``locator`` into view.</doc>
<status status="PASS" starttime="20220929 01:21:21.324" endtime="20220929 01:21:21.603"/>
</kw>
<kw name="Run Keyword And Continue On Failure" library="BuiltIn">
<arg>Wait Until Element is Visible</arg>
<arg>${a1['${element}']}</arg>
<doc>Runs the keyword and continues execution even if a failure occurs.</doc>
<kw name="Wait Until Element Is Visible" library="Selenium2Library">
<arg>${a1['${element}']}</arg>
<doc>Waits until the element ``locator`` is visible.</doc>
<status status="PASS" starttime="20220929 01:21:21.604" endtime="20220929 01:21:21.628"/>
</kw>
<status status="PASS" starttime="20220929 01:21:21.604" endtime="20220929 01:21:21.629"/>
</kw>
<kw name="Run Keyword And Continue On Failure" library="BuiltIn">
<arg>element text should be</arg>
<arg>${a1['${element}']}</arg>
<arg>${a2['${element}']}</arg>
<doc>Runs the keyword and continues execution even if a failure occurs.</doc>
<kw name="Element Text Should Be" library="Selenium2Library">
<arg>${a1['${element}']}</arg>
<arg>${a2['${element}']}</arg>
<doc>Verifies that element ``locator`` contains exact the text ``expected``.</doc>
<msg timestamp="20220929 01:21:21.633" level="INFO">Verifying element 'xpath=/html/body/div[2]/div/div[1]/div/div[2]/div/div/div[5]/div/button' contains exact text 'INICIA SESIÓN'.</msg>
<status status="PASS" starttime="20220929 01:21:21.629" endtime="20220929 01:21:21.659"/>
</kw>
<status status="PASS" starttime="20220929 01:21:21.629" endtime="20220929 01:21:21.659"/>
</kw>
<kw name="Run Keyword And Continue On Failure" library="BuiltIn">
<arg>capture element screenshot</arg>
<arg>${a1['${element}']}</arg>
<doc>Runs the keyword and continues execution even if a failure occurs.</doc>
<kw name="Capture Element Screenshot" library="Selenium2Library">
<arg>${a1['${element}']}</arg>
<doc>Captures a screenshot from the element identified by ``locator`` and embeds it into log file.</doc>
<msg timestamp="20220929 01:21:21.740" level="INFO" html="true">&lt;/td&gt;&lt;/tr&gt;&lt;tr&gt;&lt;td colspan="3"&gt;&lt;a href="../Resultados/screenshots/selenium-element-screenshot-237.png"&gt;&lt;img src="../Resultados/screenshots/selenium-element-screenshot-237.png" width="400px"&gt;&lt;/a&gt;</msg>
<status status="PASS" starttime="20220929 01:21:21.660" endtime="20220929 01:21:21.740"/>
</kw>
<status status="PASS" starttime="20220929 01:21:21.660" endtime="20220929 01:21:21.740"/>
</kw>
<status status="PASS" starttime="20220929 01:21:21.323" endtime="20220929 01:21:21.740"/>
</iter>
<iter>
<var name="${element}">as_gratis</var>
<kw name="Scroll Element Into View" library="Selenium2Library">
<arg>${a1['${element}']}</arg>
<doc>Scrolls the element identified by ``locator`` into view.</doc>
<status status="PASS" starttime="20220929 01:21:21.741" endtime="20220929 01:21:22.020"/>
</kw>
<kw name="Run Keyword And Continue On Failure" library="BuiltIn">
<arg>Wait Until Element is Visible</arg>
<arg>${a1['${element}']}</arg>
<doc>Runs the keyword and continues execution even if a failure occurs.</doc>
<kw name="Wait Until Element Is Visible" library="Selenium2Library">
<arg>${a1['${element}']}</arg>
<doc>Waits until the element ``locator`` is visible.</doc>
<status status="PASS" starttime="20220929 01:21:22.021" endtime="20220929 01:21:22.059"/>
</kw>
<status status="PASS" starttime="20220929 01:21:22.021" endtime="20220929 01:21:22.059"/>
</kw>
<kw name="Run Keyword And Continue On Failure" library="BuiltIn">
<arg>element text should be</arg>
<arg>${a1['${element}']}</arg>
<arg>${a2['${element}']}</arg>
<doc>Runs the keyword and continues execution even if a failure occurs.</doc>
<kw name="Element Text Should Be" library="Selenium2Library">
<arg>${a1['${element}']}</arg>
<arg>${a2['${element}']}</arg>
<doc>Verifies that element ``locator`` contains exact the text ``expected``.</doc>
<msg timestamp="20220929 01:21:22.063" level="INFO">Verifying element 'xpath=/html/body/div[2]/div/div[1]/div/div[2]/div/div/div[6]/div/button' contains exact text 'VER GRATIS'.</msg>
<status status="PASS" starttime="20220929 01:21:22.060" endtime="20220929 01:21:22.090"/>
</kw>
<status status="PASS" starttime="20220929 01:21:22.060" endtime="20220929 01:21:22.090"/>
</kw>
<kw name="Run Keyword And Continue On Failure" library="BuiltIn">
<arg>capture element screenshot</arg>
<arg>${a1['${element}']}</arg>
<doc>Runs the keyword and continues execution even if a failure occurs.</doc>
<kw name="Capture Element Screenshot" library="Selenium2Library">
<arg>${a1['${element}']}</arg>
<doc>Captures a screenshot from the element identified by ``locator`` and embeds it into log file.</doc>
<msg timestamp="20220929 01:21:22.173" level="INFO" html="true">&lt;/td&gt;&lt;/tr&gt;&lt;tr&gt;&lt;td colspan="3"&gt;&lt;a href="../Resultados/screenshots/selenium-element-screenshot-238.png"&gt;&lt;img src="../Resultados/screenshots/selenium-element-screenshot-238.png" width="400px"&gt;&lt;/a&gt;</msg>
<status status="PASS" starttime="20220929 01:21:22.091" endtime="20220929 01:21:22.173"/>
</kw>
<status status="PASS" starttime="20220929 01:21:22.091" endtime="20220929 01:21:22.173"/>
</kw>
<status status="PASS" starttime="20220929 01:21:21.741" endtime="20220929 01:21:22.173"/>
</iter>
<status status="PASS" starttime="20220929 01:21:18.746" endtime="20220929 01:21:22.173"/>
</for>
<status status="PASS" starttime="20220929 01:21:18.745" endtime="20220929 01:21:22.173"/>
</kw>
<kw name="-CERRAR TODOS LOS NAVEGADORES-" library="libraries_keywords">
<kw name="Close All Browsers" library="Selenium2Library">
<doc>Closes all open browsers and resets the browser cache.</doc>
<status status="PASS" starttime="20220929 01:21:22.174" endtime="20220929 01:21:22.232"/>
</kw>
<status status="PASS" starttime="20220929 01:21:22.174" endtime="20220929 01:21:22.232"/>
</kw>
<kw name="-TERMINAR CONFIGURACIÓN TESTCASE-" library="libraries_keywords" type="TEARDOWN">
<kw name="Capture Page Screenshot" library="Selenium2Library">
<doc>Takes a screenshot of the current page and embeds it into a log file.</doc>
<msg timestamp="20220929 01:21:22.234" level="INFO">Cannot capture screenshot because no browser is open.</msg>
<status status="PASS" starttime="20220929 01:21:22.234" endtime="20220929 01:21:22.234"/>
</kw>
<status status="PASS" starttime="20220929 01:21:22.233" endtime="20220929 01:21:22.234"/>
</kw>
<status status="PASS" starttime="20220929 01:21:14.290" endtime="20220929 01:21:22.234"/>
</test>
<test id="s1-t2" name="CV-WEB-NAVEGACION-VALIDAR ELEMENTOS LOGIN PAGE" line="19">
<kw name="-CONFIGURACIÓN TESTCASE-" library="libraries_keywords" type="SETUP">
<kw name="-CONFIGURAR DIRECTORIO SCREENSHOTS-" library="libraries_keywords">
<kw name="Set Screenshot Directory" library="Selenium2Library">
<arg>${screenshots-folder}</arg>
<doc>Sets the directory for captured screenshots.</doc>
<status status="PASS" starttime="20220929 01:21:22.237" endtime="20220929 01:21:22.238"/>
</kw>
<status status="PASS" starttime="20220929 01:21:22.237" endtime="20220929 01:21:22.238"/>
</kw>
<status status="PASS" starttime="20220929 01:21:22.236" endtime="20220929 01:21:22.238"/>
</kw>
<kw name="-ABRIR LOGIN PAGE-" library="tests_keywords">
<kw name="Open Browser" library="Selenium2Library">
<arg>${url_login_page}</arg>
<arg>${browser}</arg>
<doc>Opens a new browser instance to the optional ``url``.</doc>
<msg timestamp="20220929 01:21:22.240" level="INFO">Opening browser 'headlesschrome' to base url 'https://www.clarovideo.com/mexico/login'.</msg>
<status status="PASS" starttime="20220929 01:21:22.239" endtime="20220929 01:21:26.346"/>
</kw>
<status status="PASS" starttime="20220929 01:21:22.239" endtime="20220929 01:21:26.346"/>
</kw>
<kw name="-VALIDAR TEXTOS Y ELEMENTOS-" library="libraries_keywords">
<arg>${elementos_login_email}</arg>
<arg>${textos_elementos_login_email}</arg>
<for flavor="IN">
<var>${element}</var>
<value>@{a1}</value>
<iter>
<var name="${element}">log_title</var>
<kw name="Scroll Element Into View" library="Selenium2Library">
<arg>${a1['${element}']}</arg>
<doc>Scrolls the element identified by ``locator`` into view.</doc>
<status status="PASS" starttime="20220929 01:21:26.349" endtime="20220929 01:21:27.899"/>
</kw>
<kw name="Run Keyword And Continue On Failure" library="BuiltIn">
<arg>Wait Until Element is Visible</arg>
<arg>${a1['${element}']}</arg>
<doc>Runs the keyword and continues execution even if a failure occurs.</doc>
<kw name="Wait Until Element Is Visible" library="Selenium2Library">
<arg>${a1['${element}']}</arg>
<doc>Waits until the element ``locator`` is visible.</doc>
<status status="PASS" starttime="20220929 01:21:27.900" endtime="20220929 01:21:27.932"/>
</kw>
<status status="PASS" starttime="20220929 01:21:27.900" endtime="20220929 01:21:27.932"/>
</kw>
<kw name="Run Keyword And Continue On Failure" library="BuiltIn">
<arg>element text should be</arg>
<arg>${a1['${element}']}</arg>
<arg>${a2['${element}']}</arg>
<doc>Runs the keyword and continues execution even if a failure occurs.</doc>
<kw name="Element Text Should Be" library="Selenium2Library">
<arg>${a1['${element}']}</arg>
<arg>${a2['${element}']}</arg>
<doc>Verifies that element ``locator`` contains exact the text ``expected``.</doc>
<msg timestamp="20220929 01:21:27.936" level="INFO">Verifying element 'xpath=/html/body/div[2]/div/div[1]/div/div[2]/div/div/div[1]' contains exact text 'Inicia sesión'.</msg>
<status status="PASS" starttime="20220929 01:21:27.933" endtime="20220929 01:21:27.965"/>
</kw>
<status status="PASS" starttime="20220929 01:21:27.932" endtime="20220929 01:21:27.965"/>
</kw>
<kw name="Run Keyword And Continue On Failure" library="BuiltIn">
<arg>capture element screenshot</arg>
<arg>${a1['${element}']}</arg>
<doc>Runs the keyword and continues execution even if a failure occurs.</doc>
<kw name="Capture Element Screenshot" library="Selenium2Library">
<arg>${a1['${element}']}</arg>
<doc>Captures a screenshot from the element identified by ``locator`` and embeds it into log file.</doc>
<msg timestamp="20220929 01:21:28.042" level="INFO" html="true">&lt;/td&gt;&lt;/tr&gt;&lt;tr&gt;&lt;td colspan="3"&gt;&lt;a href="../Resultados/screenshots/selenium-element-screenshot-239.png"&gt;&lt;img src="../Resultados/screenshots/selenium-element-screenshot-239.png" width="400px"&gt;&lt;/a&gt;</msg>
<status status="PASS" starttime="20220929 01:21:27.966" endtime="20220929 01:21:28.042"/>
</kw>
<status status="PASS" starttime="20220929 01:21:27.965" endtime="20220929 01:21:28.042"/>
</kw>
<status status="PASS" starttime="20220929 01:21:26.349" endtime="20220929 01:21:28.042"/>
</iter>
<iter>
<var name="${element}">log_correoText</var>
<kw name="Scroll Element Into View" library="Selenium2Library">
<arg>${a1['${element}']}</arg>
<doc>Scrolls the element identified by ``locator`` into view.</doc>
<status status="PASS" starttime="20220929 01:21:28.043" endtime="20220929 01:21:28.337"/>
</kw>
<kw name="Run Keyword And Continue On Failure" library="BuiltIn">
<arg>Wait Until Element is Visible</arg>
<arg>${a1['${element}']}</arg>
<doc>Runs the keyword and continues execution even if a failure occurs.</doc>
<kw name="Wait Until Element Is Visible" library="Selenium2Library">
<arg>${a1['${element}']}</arg>
<doc>Waits until the element ``locator`` is visible.</doc>
<status status="PASS" starttime="20220929 01:21:28.338" endtime="20220929 01:21:28.367"/>
</kw>
<status status="PASS" starttime="20220929 01:21:28.337" endtime="20220929 01:21:28.367"/>
</kw>
<kw name="Run Keyword And Continue On Failure" library="BuiltIn">
<arg>element text should be</arg>
<arg>${a1['${element}']}</arg>
<arg>${a2['${element}']}</arg>
<doc>Runs the keyword and continues execution even if a failure occurs.</doc>
<kw name="Element Text Should Be" library="Selenium2Library">
<arg>${a1['${element}']}</arg>
<arg>${a2['${element}']}</arg>
<doc>Verifies that element ``locator`` contains exact the text ``expected``.</doc>
<msg timestamp="20220929 01:21:28.371" level="INFO">Verifying element 'xpath=/html/body/div[2]/div/div[1]/div/div[2]/div/div/div[2]/div[1]/span' contains exact text '¿Cuál es tu correo electrónico?'.</msg>
<status status="PASS" starttime="20220929 01:21:28.368" endtime="20220929 01:21:28.399"/>
</kw>
<status status="PASS" starttime="20220929 01:21:28.368" endtime="20220929 01:21:28.399"/>
</kw>
<kw name="Run Keyword And Continue On Failure" library="BuiltIn">
<arg>capture element screenshot</arg>
<arg>${a1['${element}']}</arg>
<doc>Runs the keyword and continues execution even if a failure occurs.</doc>
<kw name="Capture Element Screenshot" library="Selenium2Library">
<arg>${a1['${element}']}</arg>
<doc>Captures a screenshot from the element identified by ``locator`` and embeds it into log file.</doc>
<msg timestamp="20220929 01:21:28.457" level="INFO" html="true">&lt;/td&gt;&lt;/tr&gt;&lt;tr&gt;&lt;td colspan="3"&gt;&lt;a href="../Resultados/screenshots/selenium-element-screenshot-240.png"&gt;&lt;img src="../Resultados/screenshots/selenium-element-screenshot-240.png" width="400px"&gt;&lt;/a&gt;</msg>
<status status="PASS" starttime="20220929 01:21:28.399" endtime="20220929 01:21:28.457"/>
</kw>
<status status="PASS" starttime="20220929 01:21:28.399" endtime="20220929 01:21:28.457"/>
</kw>
<status status="PASS" starttime="20220929 01:21:28.042" endtime="20220929 01:21:28.457"/>
</iter>
<iter>
<var name="${element}">reg_emailtextbox</var>
<kw name="Scroll Element Into View" library="Selenium2Library">
<arg>${a1['${element}']}</arg>
<doc>Scrolls the element identified by ``locator`` into view.</doc>
<status status="PASS" starttime="20220929 01:21:28.458" endtime="20220929 01:21:28.753"/>
</kw>
<kw name="Run Keyword And Continue On Failure" library="BuiltIn">
<arg>Wait Until Element is Visible</arg>
<arg>${a1['${element}']}</arg>
<doc>Runs the keyword and continues execution even if a failure occurs.</doc>
<kw name="Wait Until Element Is Visible" library="Selenium2Library">
<arg>${a1['${element}']}</arg>
<doc>Waits until the element ``locator`` is visible.</doc>
<status status="PASS" starttime="20220929 01:21:28.754" endtime="20220929 01:21:28.778"/>
</kw>
<status status="PASS" starttime="20220929 01:21:28.754" endtime="20220929 01:21:28.778"/>
</kw>
<kw name="Run Keyword And Continue On Failure" library="BuiltIn">
<arg>element text should be</arg>
<arg>${a1['${element}']}</arg>
<arg>${a2['${element}']}</arg>
<doc>Runs the keyword and continues execution even if a failure occurs.</doc>
<kw name="Element Text Should Be" library="Selenium2Library">
<arg>${a1['${element}']}</arg>
<arg>${a2['${element}']}</arg>
<doc>Verifies that element ``locator`` contains exact the text ``expected``.</doc>
<msg timestamp="20220929 01:21:28.782" level="INFO">Verifying element 'xpath=//*[@id="emailLogin"]' contains exact text ''.</msg>
<status status="PASS" starttime="20220929 01:21:28.779" endtime="20220929 01:21:28.808"/>
</kw>
<status status="PASS" starttime="20220929 01:21:28.779" endtime="20220929 01:21:28.808"/>
</kw>
<kw name="Run Keyword And Continue On Failure" library="BuiltIn">
<arg>capture element screenshot</arg>
<arg>${a1['${element}']}</arg>
<doc>Runs the keyword and continues execution even if a failure occurs.</doc>
<kw name="Capture Element Screenshot" library="Selenium2Library">
<arg>${a1['${element}']}</arg>
<doc>Captures a screenshot from the element identified by ``locator`` and embeds it into log file.</doc>
<msg timestamp="20220929 01:21:28.890" level="INFO" html="true">&lt;/td&gt;&lt;/tr&gt;&lt;tr&gt;&lt;td colspan="3"&gt;&lt;a href="../Resultados/screenshots/selenium-element-screenshot-241.png"&gt;&lt;img src="../Resultados/screenshots/selenium-element-screenshot-241.png" width="400px"&gt;&lt;/a&gt;</msg>
<status status="PASS" starttime="20220929 01:21:28.809" endtime="20220929 01:21:28.890"/>
</kw>
<status status="PASS" starttime="20220929 01:21:28.808" endtime="20220929 01:21:28.890"/>
</kw>
<status status="PASS" starttime="20220929 01:21:28.457" endtime="20220929 01:21:28.890"/>
</iter>
<iter>
<var name="${element}">log_siguiente</var>
<kw name="Scroll Element Into View" library="Selenium2Library">
<arg>${a1['${element}']}</arg>
<doc>Scrolls the element identified by ``locator`` into view.</doc>
<status status="PASS" starttime="20220929 01:21:28.891" endtime="20220929 01:21:29.176"/>
</kw>
<kw name="Run Keyword And Continue On Failure" library="BuiltIn">
<arg>Wait Until Element is Visible</arg>
<arg>${a1['${element}']}</arg>
<doc>Runs the keyword and continues execution even if a failure occurs.</doc>
<kw name="Wait Until Element Is Visible" library="Selenium2Library">
<arg>${a1['${element}']}</arg>
<doc>Waits until the element ``locator`` is visible.</doc>
<status status="PASS" starttime="20220929 01:21:29.177" endtime="20220929 01:21:29.201"/>
</kw>
<status status="PASS" starttime="20220929 01:21:29.176" endtime="20220929 01:21:29.201"/>
</kw>
<kw name="Run Keyword And Continue On Failure" library="BuiltIn">
<arg>element text should be</arg>
<arg>${a1['${element}']}</arg>
<arg>${a2['${element}']}</arg>
<doc>Runs the keyword and continues execution even if a failure occurs.</doc>
<kw name="Element Text Should Be" library="Selenium2Library">
<arg>${a1['${element}']}</arg>
<arg>${a2['${element}']}</arg>
<doc>Verifies that element ``locator`` contains exact the text ``expected``.</doc>
<msg timestamp="20220929 01:21:29.205" level="INFO">Verifying element 'xpath=/html/body/div[2]/div/div[1]/div/div[2]/div/div/div[3]/div/button' contains exact text 'SIGUIENTE'.</msg>
<status status="PASS" starttime="20220929 01:21:29.202" endtime="20220929 01:21:29.233"/>
</kw>
<status status="PASS" starttime="20220929 01:21:29.202" endtime="20220929 01:21:29.233"/>
</kw>
<kw name="Run Keyword And Continue On Failure" library="BuiltIn">
<arg>capture element screenshot</arg>
<arg>${a1['${element}']}</arg>
<doc>Runs the keyword and continues execution even if a failure occurs.</doc>
<kw name="Capture Element Screenshot" library="Selenium2Library">
<arg>${a1['${element}']}</arg>
<doc>Captures a screenshot from the element identified by ``locator`` and embeds it into log file.</doc>
<msg timestamp="20220929 01:21:29.289" level="INFO" html="true">&lt;/td&gt;&lt;/tr&gt;&lt;tr&gt;&lt;td colspan="3"&gt;&lt;a href="../Resultados/screenshots/selenium-element-screenshot-242.png"&gt;&lt;img src="../Resultados/screenshots/selenium-element-screenshot-242.png" width="400px"&gt;&lt;/a&gt;</msg>
<status status="PASS" starttime="20220929 01:21:29.234" endtime="20220929 01:21:29.289"/>
</kw>
<status status="PASS" starttime="20220929 01:21:29.234" endtime="20220929 01:21:29.289"/>
</kw>
<status status="PASS" starttime="20220929 01:21:28.890" endtime="20220929 01:21:29.289"/>
</iter>
<iter>
<var name="${element}">log_cancelar</var>
<kw name="Scroll Element Into View" library="Selenium2Library">
<arg>${a1['${element}']}</arg>
<doc>Scrolls the element identified by ``locator`` into view.</doc>
<status status="PASS" starttime="20220929 01:21:29.290" endtime="20220929 01:21:29.587"/>
</kw>
<kw name="Run Keyword And Continue On Failure" library="BuiltIn">
<arg>Wait Until Element is Visible</arg>
<arg>${a1['${element}']}</arg>
<doc>Runs the keyword and continues execution even if a failure occurs.</doc>
<kw name="Wait Until Element Is Visible" library="Selenium2Library">
<arg>${a1['${element}']}</arg>
<doc>Waits until the element ``locator`` is visible.</doc>
<status status="PASS" starttime="20220929 01:21:29.588" endtime="20220929 01:21:29.612"/>
</kw>
<status status="PASS" starttime="20220929 01:21:29.587" endtime="20220929 01:21:29.612"/>
</kw>
<kw name="Run Keyword And Continue On Failure" library="BuiltIn">
<arg>element text should be</arg>
<arg>${a1['${element}']}</arg>
<arg>${a2['${element}']}</arg>
<doc>Runs the keyword and continues execution even if a failure occurs.</doc>
<kw name="Element Text Should Be" library="Selenium2Library">
<arg>${a1['${element}']}</arg>
<arg>${a2['${element}']}</arg>
<doc>Verifies that element ``locator`` contains exact the text ``expected``.</doc>
<msg timestamp="20220929 01:21:29.617" level="INFO">Verifying element 'xpath=/html/body/div[2]/div/div[1]/div/div[2]/div/div/div[4]/div/button' contains exact text 'CANCELAR'.</msg>
<status status="PASS" starttime="20220929 01:21:29.613" endtime="20220929 01:21:29.644"/>
</kw>
<status status="PASS" starttime="20220929 01:21:29.613" endtime="20220929 01:21:29.644"/>
</kw>
<kw name="Run Keyword And Continue On Failure" library="BuiltIn">
<arg>capture element screenshot</arg>
<arg>${a1['${element}']}</arg>
<doc>Runs the keyword and continues execution even if a failure occurs.</doc>
<kw name="Capture Element Screenshot" library="Selenium2Library">
<arg>${a1['${element}']}</arg>
<doc>Captures a screenshot from the element identified by ``locator`` and embeds it into log file.</doc>
<msg timestamp="20220929 01:21:29.706" level="INFO" html="true">&lt;/td&gt;&lt;/tr&gt;&lt;tr&gt;&lt;td colspan="3"&gt;&lt;a href="../Resultados/screenshots/selenium-element-screenshot-243.png"&gt;&lt;img src="../Resultados/screenshots/selenium-element-screenshot-243.png" width="400px"&gt;&lt;/a&gt;</msg>
<status status="PASS" starttime="20220929 01:21:29.645" endtime="20220929 01:21:29.706"/>
</kw>
<status status="PASS" starttime="20220929 01:21:29.644" endtime="20220929 01:21:29.707"/>
</kw>
<status status="PASS" starttime="20220929 01:21:29.290" endtime="20220929 01:21:29.707"/>
</iter>
<iter>
<var name="${element}">log_continuaFB</var>
<kw name="Scroll Element Into View" library="Selenium2Library">
<arg>${a1['${element}']}</arg>
<doc>Scrolls the element identified by ``locator`` into view.</doc>
<status status="PASS" starttime="20220929 01:21:29.707" endtime="20220929 01:21:30.003"/>
</kw>
<kw name="Run Keyword And Continue On Failure" library="BuiltIn">
<arg>Wait Until Element is Visible</arg>
<arg>${a1['${element}']}</arg>
<doc>Runs the keyword and continues execution even if a failure occurs.</doc>
<kw name="Wait Until Element Is Visible" library="Selenium2Library">
<arg>${a1['${element}']}</arg>
<doc>Waits until the element ``locator`` is visible.</doc>
<status status="PASS" starttime="20220929 01:21:30.005" endtime="20220929 01:21:30.028"/>
</kw>
<status status="PASS" starttime="20220929 01:21:30.004" endtime="20220929 01:21:30.028"/>
</kw>
<kw name="Run Keyword And Continue On Failure" library="BuiltIn">
<arg>element text should be</arg>
<arg>${a1['${element}']}</arg>
<arg>${a2['${element}']}</arg>
<doc>Runs the keyword and continues execution even if a failure occurs.</doc>
<kw name="Element Text Should Be" library="Selenium2Library">
<arg>${a1['${element}']}</arg>
<arg>${a2['${element}']}</arg>
<doc>Verifies that element ``locator`` contains exact the text ``expected``.</doc>
<msg timestamp="20220929 01:21:30.032" level="INFO">Verifying element 'xpath=/html/body/div[2]/div/div[1]/div/div[2]/div/div/div[5]/div/button' contains exact text 'CONTINÚA CON FACEBOOK'.</msg>
<status status="PASS" starttime="20220929 01:21:30.029" endtime="20220929 01:21:30.058"/>
</kw>
<status status="PASS" starttime="20220929 01:21:30.028" endtime="20220929 01:21:30.059"/>
</kw>
<kw name="Run Keyword And Continue On Failure" library="BuiltIn">
<arg>capture element screenshot</arg>
<arg>${a1['${element}']}</arg>
<doc>Runs the keyword and continues execution even if a failure occurs.</doc>
<kw name="Capture Element Screenshot" library="Selenium2Library">
<arg>${a1['${element}']}</arg>
<doc>Captures a screenshot from the element identified by ``locator`` and embeds it into log file.</doc>
<msg timestamp="20220929 01:21:30.123" level="INFO" html="true">&lt;/td&gt;&lt;/tr&gt;&lt;tr&gt;&lt;td colspan="3"&gt;&lt;a href="../Resultados/screenshots/selenium-element-screenshot-244.png"&gt;&lt;img src="../Resultados/screenshots/selenium-element-screenshot-244.png" width="400px"&gt;&lt;/a&gt;</msg>
<status status="PASS" starttime="20220929 01:21:30.059" endtime="20220929 01:21:30.123"/>
</kw>
<status status="PASS" starttime="20220929 01:21:30.059" endtime="20220929 01:21:30.123"/>
</kw>
<status status="PASS" starttime="20220929 01:21:29.707" endtime="20220929 01:21:30.124"/>
</iter>
<iter>
<var name="${element}">log_sesionAPPLE</var>
<kw name="Scroll Element Into View" library="Selenium2Library">
<arg>${a1['${element}']}</arg>
<doc>Scrolls the element identified by ``locator`` into view.</doc>
<status status="PASS" starttime="20220929 01:21:30.124" endtime="20220929 01:21:30.420"/>
</kw>
<kw name="Run Keyword And Continue On Failure" library="BuiltIn">
<arg>Wait Until Element is Visible</arg>
<arg>${a1['${element}']}</arg>
<doc>Runs the keyword and continues execution even if a failure occurs.</doc>
<kw name="Wait Until Element Is Visible" library="Selenium2Library">
<arg>${a1['${element}']}</arg>
<doc>Waits until the element ``locator`` is visible.</doc>
<status status="PASS" starttime="20220929 01:21:30.421" endtime="20220929 01:21:30.446"/>
</kw>
<status status="PASS" starttime="20220929 01:21:30.420" endtime="20220929 01:21:30.446"/>
</kw>
<kw name="Run Keyword And Continue On Failure" library="BuiltIn">
<arg>element text should be</arg>
<arg>${a1['${element}']}</arg>
<arg>${a2['${element}']}</arg>
<doc>Runs the keyword and continues execution even if a failure occurs.</doc>
<kw name="Element Text Should Be" library="Selenium2Library">
<arg>${a1['${element}']}</arg>
<arg>${a2['${element}']}</arg>
<doc>Verifies that element ``locator`` contains exact the text ``expected``.</doc>
<msg timestamp="20220929 01:21:30.450" level="INFO">Verifying element 'xpath=/html/body/div[2]/div/div[1]/div/div[2]/div/div/div[6]/div/button' contains exact text 'INICIAR SESIÓN CON APPLE'.</msg>
<status status="PASS" starttime="20220929 01:21:30.447" endtime="20220929 01:21:30.481"/>
</kw>
<status status="PASS" starttime="20220929 01:21:30.447" endtime="20220929 01:21:30.481"/>
</kw>
<kw name="Run Keyword And Continue On Failure" library="BuiltIn">
<arg>capture element screenshot</arg>
<arg>${a1['${element}']}</arg>
<doc>Runs the keyword and continues execution even if a failure occurs.</doc>
<kw name="Capture Element Screenshot" library="Selenium2Library">
<arg>${a1['${element}']}</arg>
<doc>Captures a screenshot from the element identified by ``locator`` and embeds it into log file.</doc>
<msg timestamp="20220929 01:21:30.540" level="INFO" html="true">&lt;/td&gt;&lt;/tr&gt;&lt;tr&gt;&lt;td colspan="3"&gt;&lt;a href="../Resultados/screenshots/selenium-element-screenshot-245.png"&gt;&lt;img src="../Resultados/screenshots/selenium-element-screenshot-245.png" width="400px"&gt;&lt;/a&gt;</msg>
<status status="PASS" starttime="20220929 01:21:30.482" endtime="20220929 01:21:30.540"/>
</kw>
<status status="PASS" starttime="20220929 01:21:30.481" endtime="20220929 01:21:30.540"/>
</kw>
<status status="PASS" starttime="20220929 01:21:30.124" endtime="20220929 01:21:30.540"/>
</iter>
<iter>
<var name="${element}">log_nuevo?</var>
<kw name="Scroll Element Into View" library="Selenium2Library">
<arg>${a1['${element}']}</arg>
<doc>Scrolls the element identified by ``locator`` into view.</doc>
<status status="PASS" starttime="20220929 01:21:30.541" endtime="20220929 01:21:30.822"/>
</kw>
<kw name="Run Keyword And Continue On Failure" library="BuiltIn">
<arg>Wait Until Element is Visible</arg>
<arg>${a1['${element}']}</arg>
<doc>Runs the keyword and continues execution even if a failure occurs.</doc>
<kw name="Wait Until Element Is Visible" library="Selenium2Library">
<arg>${a1['${element}']}</arg>
<doc>Waits until the element ``locator`` is visible.</doc>
<status status="PASS" starttime="20220929 01:21:30.823" endtime="20220929 01:21:30.847"/>
</kw>
<status status="PASS" starttime="20220929 01:21:30.823" endtime="20220929 01:21:30.847"/>
</kw>
<kw name="Run Keyword And Continue On Failure" library="BuiltIn">
<arg>element text should be</arg>
<arg>${a1['${element}']}</arg>
<arg>${a2['${element}']}</arg>
<doc>Runs the keyword and continues execution even if a failure occurs.</doc>
<kw name="Element Text Should Be" library="Selenium2Library">
<arg>${a1['${element}']}</arg>
<arg>${a2['${element}']}</arg>
<doc>Verifies that element ``locator`` contains exact the text ``expected``.</doc>
<msg timestamp="20220929 01:21:30.851" level="INFO">Verifying element 'xpath=/html/body/div[2]/div/div[1]/div/div[2]/div/div/div[7]/span' contains exact text '¿Nuevo en Claro video? Registrate'.</msg>
<status status="PASS" starttime="20220929 01:21:30.848" endtime="20220929 01:21:30.879"/>
</kw>
<status status="PASS" starttime="20220929 01:21:30.848" endtime="20220929 01:21:30.880"/>
</kw>
<kw name="Run Keyword And Continue On Failure" library="BuiltIn">
<arg>capture element screenshot</arg>
<arg>${a1['${element}']}</arg>
<doc>Runs the keyword and continues execution even if a failure occurs.</doc>
<kw name="Capture Element Screenshot" library="Selenium2Library">
<arg>${a1['${element}']}</arg>
<doc>Captures a screenshot from the element identified by ``locator`` and embeds it into log file.</doc>
<msg timestamp="20220929 01:21:30.956" level="INFO" html="true">&lt;/td&gt;&lt;/tr&gt;&lt;tr&gt;&lt;td colspan="3"&gt;&lt;a href="../Resultados/screenshots/selenium-element-screenshot-246.png"&gt;&lt;img src="../Resultados/screenshots/selenium-element-screenshot-246.png" width="400px"&gt;&lt;/a&gt;</msg>
<status status="PASS" starttime="20220929 01:21:30.880" endtime="20220929 01:21:30.956"/>
</kw>
<status status="PASS" starttime="20220929 01:21:30.880" endtime="20220929 01:21:30.956"/>
</kw>
<status status="PASS" starttime="20220929 01:21:30.540" endtime="20220929 01:21:30.956"/>
</iter>
<iter>
<var name="${element}">log_RegLink</var>
<kw name="Scroll Element Into View" library="Selenium2Library">
<arg>${a1['${element}']}</arg>
<doc>Scrolls the element identified by ``locator`` into view.</doc>
<status status="PASS" starttime="20220929 01:21:30.957" endtime="20220929 01:21:31.236"/>
</kw>
<kw name="Run Keyword And Continue On Failure" library="BuiltIn">
<arg>Wait Until Element is Visible</arg>
<arg>${a1['${element}']}</arg>
<doc>Runs the keyword and continues execution even if a failure occurs.</doc>
<kw name="Wait Until Element Is Visible" library="Selenium2Library">
<arg>${a1['${element}']}</arg>
<doc>Waits until the element ``locator`` is visible.</doc>
<status status="PASS" starttime="20220929 01:21:31.237" endtime="20220929 01:21:31.261"/>
</kw>
<status status="PASS" starttime="20220929 01:21:31.236" endtime="20220929 01:21:31.261"/>
</kw>
<kw name="Run Keyword And Continue On Failure" library="BuiltIn">
<arg>element text should be</arg>
<arg>${a1['${element}']}</arg>
<arg>${a2['${element}']}</arg>
<doc>Runs the keyword and continues execution even if a failure occurs.</doc>
<kw name="Element Text Should Be" library="Selenium2Library">
<arg>${a1['${element}']}</arg>
<arg>${a2['${element}']}</arg>
<doc>Verifies that element ``locator`` contains exact the text ``expected``.</doc>
<msg timestamp="20220929 01:21:31.266" level="INFO">Verifying element 'xpath=//*[@id="app"]/div/div[1]/div/div[2]/div/div/div[7]/span/a' contains exact text 'Registrate'.</msg>
<status status="PASS" starttime="20220929 01:21:31.262" endtime="20220929 01:21:31.293"/>
</kw>
<status status="PASS" starttime="20220929 01:21:31.262" endtime="20220929 01:21:31.293"/>
</kw>
<kw name="Run Keyword And Continue On Failure" library="BuiltIn">
<arg>capture element screenshot</arg>
<arg>${a1['${element}']}</arg>
<doc>Runs the keyword and continues execution even if a failure occurs.</doc>
<kw name="Capture Element Screenshot" library="Selenium2Library">
<arg>${a1['${element}']}</arg>
<doc>Captures a screenshot from the element identified by ``locator`` and embeds it into log file.</doc>
<msg timestamp="20220929 01:21:31.355" level="INFO" html="true">&lt;/td&gt;&lt;/tr&gt;&lt;tr&gt;&lt;td colspan="3"&gt;&lt;a href="../Resultados/screenshots/selenium-element-screenshot-247.png"&gt;&lt;img src="../Resultados/screenshots/selenium-element-screenshot-247.png" width="400px"&gt;&lt;/a&gt;</msg>
<status status="PASS" starttime="20220929 01:21:31.294" endtime="20220929 01:21:31.355"/>
</kw>
<status status="PASS" starttime="20220929 01:21:31.293" endtime="20220929 01:21:31.355"/>
</kw>
<status status="PASS" starttime="20220929 01:21:30.957" endtime="20220929 01:21:31.355"/>
</iter>
<status status="PASS" starttime="20220929 01:21:26.348" endtime="20220929 01:21:31.355"/>
</for>
<status status="PASS" starttime="20220929 01:21:26.347" endtime="20220929 01:21:31.356"/>
</kw>
<kw name="-INGRESAR EMAIL PARA LOGIN-" library="tests_keywords">
<arg>${email_valido}</arg>
<kw name="Wait Until Element Is Visible" library="Selenium2Library">
<arg>${elementos_login_email['reg_emailtextbox']}</arg>
<doc>Waits until the element ``locator`` is visible.</doc>
<status status="PASS" starttime="20220929 01:21:31.357" endtime="20220929 01:21:31.381"/>
</kw>
<kw name="Input Text" library="Selenium2Library">
<arg>${elementos_login_email['reg_emailtextbox']}</arg>
<arg>${email}</arg>
<doc>Types the given ``text`` into the text field identified by ``locator``.</doc>
<msg timestamp="20220929 01:21:31.384" level="INFO">Typing text 's_tamezaa@globalhitss.com' into text field 'xpath=//*[@id="emailLogin"]'.</msg>
<status status="PASS" starttime="20220929 01:21:31.382" endtime="20220929 01:21:31.573"/>
</kw>
<kw name="Click Button" library="Selenium2Library">
<arg>${elementos_login_email['log_siguiente']}</arg>
<doc>Clicks the button identified by ``locator``.</doc>
<msg timestamp="20220929 01:21:31.576" level="INFO">Clicking button 'xpath=/html/body/div[2]/div/div[1]/div/div[2]/div/div/div[3]/div/button'.</msg>
<status status="PASS" starttime="20220929 01:21:31.573" endtime="20220929 01:21:31.702"/>
</kw>
<status status="PASS" starttime="20220929 01:21:31.356" endtime="20220929 01:21:31.703"/>
</kw>
<kw name="-VALIDAR TEXTOS Y ELEMENTOS-" library="libraries_keywords">
<arg>${elementos_login_pass}</arg>
<arg>${textos_elementos_login_pass}</arg>
<for flavor="IN">
<var>${element}</var>
<value>@{a1}</value>
<iter>
<var name="${element}">log_pass_title</var>
<kw name="Scroll Element Into View" library="Selenium2Library">
<arg>${a1['${element}']}</arg>
<doc>Scrolls the element identified by ``locator`` into view.</doc>
<status status="PASS" starttime="20220929 01:21:31.705" endtime="20220929 01:21:32.025"/>
</kw>
<kw name="Run Keyword And Continue On Failure" library="BuiltIn">
<arg>Wait Until Element is Visible</arg>
<arg>${a1['${element}']}</arg>
<doc>Runs the keyword and continues execution even if a failure occurs.</doc>
<kw name="Wait Until Element Is Visible" library="Selenium2Library">
<arg>${a1['${element}']}</arg>
<doc>Waits until the element ``locator`` is visible.</doc>
<status status="PASS" starttime="20220929 01:21:32.026" endtime="20220929 01:21:32.051"/>
</kw>
<status status="PASS" starttime="20220929 01:21:32.025" endtime="20220929 01:21:32.051"/>
</kw>
<kw name="Run Keyword And Continue On Failure" library="BuiltIn">
<arg>element text should be</arg>
<arg>${a1['${element}']}</arg>
<arg>${a2['${element}']}</arg>
<doc>Runs the keyword and continues execution even if a failure occurs.</doc>
<kw name="Element Text Should Be" library="Selenium2Library">
<arg>${a1['${element}']}</arg>
<arg>${a2['${element}']}</arg>
<doc>Verifies that element ``locator`` contains exact the text ``expected``.</doc>
<msg timestamp="20220929 01:21:32.055" level="INFO">Verifying element 'xpath=/html/body/div[2]/div/div[1]/div/div[2]/div/div/div[1]/span' contains exact text 'Inicia sesión'.</msg>
<status status="PASS" starttime="20220929 01:21:32.052" endtime="20220929 01:21:32.082"/>
</kw>
<status status="PASS" starttime="20220929 01:21:32.051" endtime="20220929 01:21:32.083"/>
</kw>
<kw name="Run Keyword And Continue On Failure" library="BuiltIn">
<arg>capture element screenshot</arg>
<arg>${a1['${element}']}</arg>
<doc>Runs the keyword and continues execution even if a failure occurs.</doc>
<kw name="Capture Element Screenshot" library="Selenium2Library">
<arg>${a1['${element}']}</arg>
<doc>Captures a screenshot from the element identified by ``locator`` and embeds it into log file.</doc>
<msg timestamp="20220929 01:21:32.156" level="INFO" html="true">&lt;/td&gt;&lt;/tr&gt;&lt;tr&gt;&lt;td colspan="3"&gt;&lt;a href="../Resultados/screenshots/selenium-element-screenshot-248.png"&gt;&lt;img src="../Resultados/screenshots/selenium-element-screenshot-248.png" width="400px"&gt;&lt;/a&gt;</msg>
<status status="PASS" starttime="20220929 01:21:32.083" endtime="20220929 01:21:32.156"/>
</kw>
<status status="PASS" starttime="20220929 01:21:32.083" endtime="20220929 01:21:32.156"/>
</kw>
<status status="PASS" starttime="20220929 01:21:31.705" endtime="20220929 01:21:32.156"/>
</iter>
<iter>
<var name="${element}">log_pass_passText</var>
<kw name="Scroll Element Into View" library="Selenium2Library">
<arg>${a1['${element}']}</arg>
<doc>Scrolls the element identified by ``locator`` into view.</doc>
<status status="PASS" starttime="20220929 01:21:32.157" endtime="20220929 01:21:32.437"/>
</kw>
<kw name="Run Keyword And Continue On Failure" library="BuiltIn">
<arg>Wait Until Element is Visible</arg>
<arg>${a1['${element}']}</arg>
<doc>Runs the keyword and continues execution even if a failure occurs.</doc>
<kw name="Wait Until Element Is Visible" library="Selenium2Library">
<arg>${a1['${element}']}</arg>
<doc>Waits until the element ``locator`` is visible.</doc>
<status status="PASS" starttime="20220929 01:21:32.437" endtime="20220929 01:21:32.462"/>
</kw>
<status status="PASS" starttime="20220929 01:21:32.437" endtime="20220929 01:21:32.462"/>
</kw>
<kw name="Run Keyword And Continue On Failure" library="BuiltIn">
<arg>element text should be</arg>
<arg>${a1['${element}']}</arg>
<arg>${a2['${element}']}</arg>
<doc>Runs the keyword and continues execution even if a failure occurs.</doc>
<kw name="Element Text Should Be" library="Selenium2Library">
<arg>${a1['${element}']}</arg>
<arg>${a2['${element}']}</arg>
<doc>Verifies that element ``locator`` contains exact the text ``expected``.</doc>
<msg timestamp="20220929 01:21:32.466" level="INFO">Verifying element 'xpath=/html/body/div[2]/div/div[1]/div/div[2]/div/div/div[2]/span' contains exact text 'Contraseña'.</msg>
<status status="PASS" starttime="20220929 01:21:32.462" endtime="20220929 01:21:32.494"/>
</kw>
<status status="PASS" starttime="20220929 01:21:32.462" endtime="20220929 01:21:32.494"/>
</kw>
<kw name="Run Keyword And Continue On Failure" library="BuiltIn">
<arg>capture element screenshot</arg>
<arg>${a1['${element}']}</arg>
<doc>Runs the keyword and continues execution even if a failure occurs.</doc>
<kw name="Capture Element Screenshot" library="Selenium2Library">
<arg>${a1['${element}']}</arg>
<doc>Captures a screenshot from the element identified by ``locator`` and embeds it into log file.</doc>
<msg timestamp="20220929 01:21:32.572" level="INFO" html="true">&lt;/td&gt;&lt;/tr&gt;&lt;tr&gt;&lt;td colspan="3"&gt;&lt;a href="../Resultados/screenshots/selenium-element-screenshot-249.png"&gt;&lt;img src="../Resultados/screenshots/selenium-element-screenshot-249.png" width="400px"&gt;&lt;/a&gt;</msg>
<status status="PASS" starttime="20220929 01:21:32.495" endtime="20220929 01:21:32.572"/>
</kw>
<status status="PASS" starttime="20220929 01:21:32.494" endtime="20220929 01:21:32.572"/>
</kw>
<status status="PASS" starttime="20220929 01:21:32.156" endtime="20220929 01:21:32.572"/>
</iter>
<iter>
<var name="${element}">reg_pass_passtextbox</var>
<kw name="Scroll Element Into View" library="Selenium2Library">
<arg>${a1['${element}']}</arg>
<doc>Scrolls the element identified by ``locator`` into view.</doc>
<status status="PASS" starttime="20220929 01:21:32.573" endtime="20220929 01:21:32.853"/>
</kw>
<kw name="Run Keyword And Continue On Failure" library="BuiltIn">
<arg>Wait Until Element is Visible</arg>
<arg>${a1['${element}']}</arg>
<doc>Runs the keyword and continues execution even if a failure occurs.</doc>
<kw name="Wait Until Element Is Visible" library="Selenium2Library">
<arg>${a1['${element}']}</arg>
<doc>Waits until the element ``locator`` is visible.</doc>
<status status="PASS" starttime="20220929 01:21:32.854" endtime="20220929 01:21:32.879"/>
</kw>
<status status="PASS" starttime="20220929 01:21:32.853" endtime="20220929 01:21:32.879"/>
</kw>
<kw name="Run Keyword And Continue On Failure" library="BuiltIn">
<arg>element text should be</arg>
<arg>${a1['${element}']}</arg>
<arg>${a2['${element}']}</arg>
<doc>Runs the keyword and continues execution even if a failure occurs.</doc>
<kw name="Element Text Should Be" library="Selenium2Library">
<arg>${a1['${element}']}</arg>
<arg>${a2['${element}']}</arg>
<doc>Verifies that element ``locator`` contains exact the text ``expected``.</doc>
<msg timestamp="20220929 01:21:32.886" level="INFO">Verifying element 'xpath=//*[@id="password"]' contains exact text ''.</msg>
<status status="PASS" starttime="20220929 01:21:32.880" endtime="20220929 01:21:32.915"/>
</kw>
<status status="PASS" starttime="20220929 01:21:32.879" endtime="20220929 01:21:32.915"/>
</kw>
<kw name="Run Keyword And Continue On Failure" library="BuiltIn">
<arg>capture element screenshot</arg>
<arg>${a1['${element}']}</arg>
<doc>Runs the keyword and continues execution even if a failure occurs.</doc>
<kw name="Capture Element Screenshot" library="Selenium2Library">
<arg>${a1['${element}']}</arg>
<doc>Captures a screenshot from the element identified by ``locator`` and embeds it into log file.</doc>
<msg timestamp="20220929 01:21:32.990" level="INFO" html="true">&lt;/td&gt;&lt;/tr&gt;&lt;tr&gt;&lt;td colspan="3"&gt;&lt;a href="../Resultados/screenshots/selenium-element-screenshot-250.png"&gt;&lt;img src="../Resultados/screenshots/selenium-element-screenshot-250.png" width="400px"&gt;&lt;/a&gt;</msg>
<status status="PASS" starttime="20220929 01:21:32.916" endtime="20220929 01:21:32.990"/>
</kw>
<status status="PASS" starttime="20220929 01:21:32.915" endtime="20220929 01:21:32.990"/>
</kw>
<status status="PASS" starttime="20220929 01:21:32.572" endtime="20220929 01:21:32.990"/>
</iter>
<iter>
<var name="${element}">log_pass_siguiente</var>
<kw name="Scroll Element Into View" library="Selenium2Library">
<arg>${a1['${element}']}</arg>
<doc>Scrolls the element identified by ``locator`` into view.</doc>
<status status="PASS" starttime="20220929 01:21:32.990" endtime="20220929 01:21:33.264"/>
</kw>
<kw name="Run Keyword And Continue On Failure" library="BuiltIn">
<arg>Wait Until Element is Visible</arg>
<arg>${a1['${element}']}</arg>
<doc>Runs the keyword and continues execution even if a failure occurs.</doc>
<kw name="Wait Until Element Is Visible" library="Selenium2Library">
<arg>${a1['${element}']}</arg>
<doc>Waits until the element ``locator`` is visible.</doc>
<status status="PASS" starttime="20220929 01:21:33.265" endtime="20220929 01:21:33.291"/>
</kw>
<status status="PASS" starttime="20220929 01:21:33.264" endtime="20220929 01:21:33.291"/>
</kw>
<kw name="Run Keyword And Continue On Failure" library="BuiltIn">
<arg>element text should be</arg>
<arg>${a1['${element}']}</arg>
<arg>${a2['${element}']}</arg>
<doc>Runs the keyword and continues execution even if a failure occurs.</doc>
<kw name="Element Text Should Be" library="Selenium2Library">
<arg>${a1['${element}']}</arg>
<arg>${a2['${element}']}</arg>
<doc>Verifies that element ``locator`` contains exact the text ``expected``.</doc>
<msg timestamp="20220929 01:21:33.295" level="INFO">Verifying element 'xpath=/html/body/div[2]/div/div[1]/div/div[2]/div/div/div[4]/div/button' contains exact text 'SIGUIENTE'.</msg>
<status status="PASS" starttime="20220929 01:21:33.292" endtime="20220929 01:21:33.323"/>
</kw>
<status status="PASS" starttime="20220929 01:21:33.291" endtime="20220929 01:21:33.323"/>
</kw>
<kw name="Run Keyword And Continue On Failure" library="BuiltIn">
<arg>capture element screenshot</arg>
<arg>${a1['${element}']}</arg>
<doc>Runs the keyword and continues execution even if a failure occurs.</doc>
<kw name="Capture Element Screenshot" library="Selenium2Library">
<arg>${a1['${element}']}</arg>
<doc>Captures a screenshot from the element identified by ``locator`` and embeds it into log file.</doc>
<msg timestamp="20220929 01:21:33.406" level="INFO" html="true">&lt;/td&gt;&lt;/tr&gt;&lt;tr&gt;&lt;td colspan="3"&gt;&lt;a href="../Resultados/screenshots/selenium-element-screenshot-251.png"&gt;&lt;img src="../Resultados/screenshots/selenium-element-screenshot-251.png" width="400px"&gt;&lt;/a&gt;</msg>
<status status="PASS" starttime="20220929 01:21:33.324" endtime="20220929 01:21:33.406"/>
</kw>
<status status="PASS" starttime="20220929 01:21:33.323" endtime="20220929 01:21:33.406"/>
</kw>
<status status="PASS" starttime="20220929 01:21:32.990" endtime="20220929 01:21:33.406"/>
</iter>
<iter>
<var name="${element}">log_pass_cancelar</var>
<kw name="Scroll Element Into View" library="Selenium2Library">
<arg>${a1['${element}']}</arg>
<doc>Scrolls the element identified by ``locator`` into view.</doc>
<status status="PASS" starttime="20220929 01:21:33.407" endtime="20220929 01:21:33.687"/>
</kw>
<kw name="Run Keyword And Continue On Failure" library="BuiltIn">
<arg>Wait Until Element is Visible</arg>
<arg>${a1['${element}']}</arg>
<doc>Runs the keyword and continues execution even if a failure occurs.</doc>
<kw name="Wait Until Element Is Visible" library="Selenium2Library">
<arg>${a1['${element}']}</arg>
<doc>Waits until the element ``locator`` is visible.</doc>
<status status="PASS" starttime="20220929 01:21:33.687" endtime="20220929 01:21:33.712"/>
</kw>
<status status="PASS" starttime="20220929 01:21:33.687" endtime="20220929 01:21:33.712"/>
</kw>
<kw name="Run Keyword And Continue On Failure" library="BuiltIn">
<arg>element text should be</arg>
<arg>${a1['${element}']}</arg>
<arg>${a2['${element}']}</arg>
<doc>Runs the keyword and continues execution even if a failure occurs.</doc>
<kw name="Element Text Should Be" library="Selenium2Library">
<arg>${a1['${element}']}</arg>
<arg>${a2['${element}']}</arg>
<doc>Verifies that element ``locator`` contains exact the text ``expected``.</doc>
<msg timestamp="20220929 01:21:33.716" level="INFO">Verifying element 'xpath=/html/body/div[2]/div/div[1]/div/div[2]/div/div/div[5]/div/button' contains exact text 'CANCELAR'.</msg>
<status status="PASS" starttime="20220929 01:21:33.713" endtime="20220929 01:21:33.744"/>
</kw>
<status status="PASS" starttime="20220929 01:21:33.712" endtime="20220929 01:21:33.744"/>
</kw>
<kw name="Run Keyword And Continue On Failure" library="BuiltIn">
<arg>capture element screenshot</arg>
<arg>${a1['${element}']}</arg>
<doc>Runs the keyword and continues execution even if a failure occurs.</doc>
<kw name="Capture Element Screenshot" library="Selenium2Library">
<arg>${a1['${element}']}</arg>
<doc>Captures a screenshot from the element identified by ``locator`` and embeds it into log file.</doc>
<msg timestamp="20220929 01:21:33.822" level="INFO" html="true">&lt;/td&gt;&lt;/tr&gt;&lt;tr&gt;&lt;td colspan="3"&gt;&lt;a href="../Resultados/screenshots/selenium-element-screenshot-252.png"&gt;&lt;img src="../Resultados/screenshots/selenium-element-screenshot-252.png" width="400px"&gt;&lt;/a&gt;</msg>
<status status="PASS" starttime="20220929 01:21:33.745" endtime="20220929 01:21:33.823"/>
</kw>
<status status="PASS" starttime="20220929 01:21:33.744" endtime="20220929 01:21:33.823"/>
</kw>
<status status="PASS" starttime="20220929 01:21:33.406" endtime="20220929 01:21:33.823"/>
</iter>
<iter>
<var name="${element}">log_pass_olvidoPass</var>
<kw name="Scroll Element Into View" library="Selenium2Library">
<arg>${a1['${element}']}</arg>
<doc>Scrolls the element identified by ``locator`` into view.</doc>
<status status="PASS" starttime="20220929 01:21:33.823" endtime="20220929 01:21:34.096"/>
</kw>
<kw name="Run Keyword And Continue On Failure" library="BuiltIn">
<arg>Wait Until Element is Visible</arg>
<arg>${a1['${element}']}</arg>
<doc>Runs the keyword and continues execution even if a failure occurs.</doc>
<kw name="Wait Until Element Is Visible" library="Selenium2Library">
<arg>${a1['${element}']}</arg>
<doc>Waits until the element ``locator`` is visible.</doc>
<status status="PASS" starttime="20220929 01:21:34.097" endtime="20220929 01:21:34.121"/>
</kw>
<status status="PASS" starttime="20220929 01:21:34.096" endtime="20220929 01:21:34.121"/>
</kw>
<kw name="Run Keyword And Continue On Failure" library="BuiltIn">
<arg>element text should be</arg>
<arg>${a1['${element}']}</arg>
<arg>${a2['${element}']}</arg>
<doc>Runs the keyword and continues execution even if a failure occurs.</doc>
<kw name="Element Text Should Be" library="Selenium2Library">
<arg>${a1['${element}']}</arg>
<arg>${a2['${element}']}</arg>
<doc>Verifies that element ``locator`` contains exact the text ``expected``.</doc>
<msg timestamp="20220929 01:21:34.126" level="INFO">Verifying element 'xpath=/html/body/div[2]/div/div[1]/div/div[2]/div/div/div[6]/div/button' contains exact text '¿OLVIDASTE TU CONTRASEÑA?'.</msg>
<status status="PASS" starttime="20220929 01:21:34.122" endtime="20220929 01:21:34.153"/>
</kw>
<status status="PASS" starttime="20220929 01:21:34.122" endtime="20220929 01:21:34.153"/>
</kw>
<kw name="Run Keyword And Continue On Failure" library="BuiltIn">
<arg>capture element screenshot</arg>
<arg>${a1['${element}']}</arg>
<doc>Runs the keyword and continues execution even if a failure occurs.</doc>
<kw name="Capture Element Screenshot" library="Selenium2Library">
<arg>${a1['${element}']}</arg>
<doc>Captures a screenshot from the element identified by ``locator`` and embeds it into log file.</doc>
<msg timestamp="20220929 01:21:34.224" level="INFO" html="true">&lt;/td&gt;&lt;/tr&gt;&lt;tr&gt;&lt;td colspan="3"&gt;&lt;a href="../Resultados/screenshots/selenium-element-screenshot-253.png"&gt;&lt;img src="../Resultados/screenshots/selenium-element-screenshot-253.png" width="400px"&gt;&lt;/a&gt;</msg>
<status status="PASS" starttime="20220929 01:21:34.154" endtime="20220929 01:21:34.224"/>
</kw>
<status status="PASS" starttime="20220929 01:21:34.153" endtime="20220929 01:21:34.224"/>
</kw>
<status status="PASS" starttime="20220929 01:21:33.823" endtime="20220929 01:21:34.224"/>
</iter>
<status status="PASS" starttime="20220929 01:21:31.704" endtime="20220929 01:21:34.224"/>
</for>
<status status="PASS" starttime="20220929 01:21:31.703" endtime="20220929 01:21:34.225"/>
</kw>
<kw name="-INGRESAR PASSWORD PARA LOGIN-" library="tests_keywords">
<arg>${pass_valido}</arg>
<kw name="Wait Until Element Is Visible" library="Selenium2Library">
<arg>${elementos_login_pass['reg_pass_passtextbox']}</arg>
<doc>Waits until the element ``locator`` is visible.</doc>
<status status="PASS" starttime="20220929 01:21:34.226" endtime="20220929 01:21:34.248"/>
</kw>
<kw name="Input Text" library="Selenium2Library">
<arg>${elementos_login_pass['reg_pass_passtextbox']}</arg>
<arg>${password}</arg>
<doc>Types the given ``text`` into the text field identified by ``locator``.</doc>
<msg timestamp="20220929 01:21:34.251" level="INFO">Typing text 'Claro123!' into text field 'xpath=//*[@id="password"]'.</msg>
<status status="PASS" starttime="20220929 01:21:34.249" endtime="20220929 01:21:34.382"/>
</kw>
<kw name="Click Button" library="Selenium2Library">
<arg>${elementos_login_pass['log_pass_siguiente']}</arg>
<doc>Clicks the button identified by ``locator``.</doc>
<msg timestamp="20220929 01:21:34.386" level="INFO">Clicking button 'xpath=/html/body/div[2]/div/div[1]/div/div[2]/div/div/div[4]/div/button'.</msg>
<status status="PASS" starttime="20220929 01:21:34.383" endtime="20220929 01:21:34.495"/>
</kw>
<status status="PASS" starttime="20220929 01:21:34.225" endtime="20220929 01:21:34.495"/>
</kw>
<kw name="-CERRAR TODOS LOS NAVEGADORES-" library="libraries_keywords">
<kw name="Close All Browsers" library="Selenium2Library">
<doc>Closes all open browsers and resets the browser cache.</doc>
<status status="PASS" starttime="20220929 01:21:34.496" endtime="20220929 01:21:34.554"/>
</kw>
<status status="PASS" starttime="20220929 01:21:34.496" endtime="20220929 01:21:34.555"/>
</kw>
<kw name="-TERMINAR CONFIGURACIÓN TESTCASE-" library="libraries_keywords" type="TEARDOWN">
<kw name="Capture Page Screenshot" library="Selenium2Library">
<doc>Takes a screenshot of the current page and embeds it into a log file.</doc>
<msg timestamp="20220929 01:21:34.557" level="INFO">Cannot capture screenshot because no browser is open.</msg>
<status status="PASS" starttime="20220929 01:21:34.556" endtime="20220929 01:21:34.557"/>
</kw>
<status status="PASS" starttime="20220929 01:21:34.555" endtime="20220929 01:21:34.557"/>
</kw>
<status status="PASS" starttime="20220929 01:21:22.236" endtime="20220929 01:21:34.557"/>
</test>
<kw name="-TERMINAR CONFIGURACIÓN SUITETEST-" library="libraries_keywords" type="TEARDOWN">
<kw name="-DESCARGAR SESION CHARLES-" library="libraries_keywords">
<kw name="Download Charles Proxy Session Recording" library="charles_library">
<status status="PASS" starttime="20220929 01:21:34.559" endtime="20220929 01:21:34.587"/>
</kw>
<status status="PASS" starttime="20220929 01:21:34.559" endtime="20220929 01:21:34.588"/>
</kw>
<kw name="-DETENER GRABACION CHARLES-" library="libraries_keywords">
<kw name="Stop Charles Proxy Session Recording" library="charles_library">
<status status="PASS" starttime="20220929 01:21:34.589" endtime="20220929 01:21:34.618"/>
</kw>
<status status="PASS" starttime="20220929 01:21:34.589" endtime="20220929 01:21:34.618"/>
</kw>
<kw name="Capture Page Screenshot" library="Selenium2Library">
<doc>Takes a screenshot of the current page and embeds it into a log file.</doc>
<msg timestamp="20220929 01:21:34.620" level="INFO">Cannot capture screenshot because no browser is open.</msg>
<status status="PASS" starttime="20220929 01:21:34.619" endtime="20220929 01:21:34.620"/>
</kw>
<kw name="-CERRAR TODOS LOS NAVEGADORES-" library="libraries_keywords">
<kw name="Close All Browsers" library="Selenium2Library">
<doc>Closes all open browsers and resets the browser cache.</doc>
<status status="PASS" starttime="20220929 01:21:34.621" endtime="20220929 01:21:34.621"/>
</kw>
<status status="PASS" starttime="20220929 01:21:34.620" endtime="20220929 01:21:34.621"/>
</kw>
<kw name="-CERRAR CHARLES-" library="libraries_keywords">
<kw name="Terminate All Charles Proxy Sessions" library="charles_library">
<status status="PASS" starttime="20220929 01:21:34.622" endtime="20220929 01:21:34.634"/>
</kw>
<status status="PASS" starttime="20220929 01:21:34.621" endtime="20220929 01:21:34.635"/>
</kw>
<status status="PASS" starttime="20220929 01:21:34.559" endtime="20220929 01:21:34.635"/>
</kw>
<doc>MÉXICO- suitetest Regression (NA)</doc>
<status status="PASS" starttime="20220929 01:21:06.825" endtime="20220929 01:21:34.635"/>
</suite>
<statistics>
<total>
<stat pass="2" fail="0" skip="0">All Tests</stat>
</total>
<tag>
</tag>
<suite>
<stat pass="2" fail="0" skip="0" id="s1" name="CV-MX-WEB-NA">CV-MX-WEB-NA</stat>
</suite>
</statistics>
<errors>
</errors>
</robot>
