<?xml version="1.0" encoding="UTF-8"?>
<robot generator="Robot 5.0.1 (Python 3.9.13 on win32)" generated="20221026 19:34:18.644" rpa="false" schemaversion="3">
<suite id="s1" name="CV-MX-WEB-NA" source="C:\Users\Hitss\Desktop\ATMWEB\qc-web-mx\testcases\CV-MX-WEB-NA.robot">
<kw name="-CONFIGURACIÓN INICIAL SUITETEST-" library="libraries_keywords" type="SETUP">
<kw name="-ABRIR CHARLES-" library="libraries_keywords">
<kw name="Sleep" library="BuiltIn">
<arg>1</arg>
<doc>Pauses the test executed for the given time.</doc>
<msg timestamp="20221026 19:34:19.953" level="INFO">Slept 1 second</msg>
<status status="PASS" starttime="20221026 19:34:18.945" endtime="20221026 19:34:19.953"/>
</kw>
<status status="PASS" starttime="20221026 19:34:18.945" endtime="20221026 19:34:19.953"/>
</kw>
<kw name="-INICIAR GRABACION CHARLES-" library="libraries_keywords">
<kw name="Sleep" library="BuiltIn">
<arg>1</arg>
<doc>Pauses the test executed for the given time.</doc>
<msg timestamp="20221026 19:34:20.960" level="INFO">Slept 1 second</msg>
<status status="PASS" starttime="20221026 19:34:19.953" endtime="20221026 19:34:20.960"/>
</kw>
<status status="PASS" starttime="20221026 19:34:19.953" endtime="20221026 19:34:20.960"/>
</kw>
<status status="PASS" starttime="20221026 19:34:18.945" endtime="20221026 19:34:20.960"/>
</kw>
<test id="s1-t1" name="CV-WEB-NAVEGACION-VALIDAR ELEMENTOS-NODO HOME PAGE" line="35">
<kw name="-CONFIGURACIÓN TESTCASE-" library="libraries_keywords" type="SETUP">
<kw name="-CONFIGURAR DIRECTORIO SCREENSHOTS-" library="libraries_keywords">
<kw name="Set Screenshot Directory" library="Selenium2Library">
<arg>${screenshots-folder}</arg>
<doc>Sets the directory for captured screenshots.</doc>
<status status="PASS" starttime="20221026 19:34:20.960" endtime="20221026 19:34:20.960"/>
</kw>
<status status="PASS" starttime="20221026 19:34:20.960" endtime="20221026 19:34:20.960"/>
</kw>
<status status="PASS" starttime="20221026 19:34:20.960" endtime="20221026 19:34:20.960"/>
</kw>
<kw name="-ABRIR LOGIN PAGE-" library="tests_keywords">
<kw name="Open Browser" library="Selenium2Library">
<arg>${url_login_page}</arg>
<arg>${browser}</arg>
<doc>Opens a new browser instance to the optional ``url``.</doc>
<msg timestamp="20221026 19:34:20.960" level="INFO">Opening browser 'Chrome' to base url 'https://www.clarovideo.com/mexico/login'.</msg>
<status status="PASS" starttime="20221026 19:34:20.960" endtime="20221026 19:34:28.469"/>
</kw>
<kw name="Set Window Size" library="Selenium2Library">
<arg>1600</arg>
<arg>1600</arg>
<doc>Sets current windows size to given ``width`` and ``height``.</doc>
<status status="PASS" starttime="20221026 19:34:28.470" endtime="20221026 19:34:28.611"/>
</kw>
<status status="PASS" starttime="20221026 19:34:20.960" endtime="20221026 19:34:28.611"/>
</kw>
<kw name="-INGRESAR EMAIL PARA LOGIN-" library="tests_keywords">
<arg>${email_valido}</arg>
<kw name="Wait Until Element Is Visible" library="Selenium2Library">
<arg>${elementos_login_email['reg_emailtextbox']}</arg>
<doc>Waits until the element ``locator`` is visible.</doc>
<status status="PASS" starttime="20221026 19:34:28.611" endtime="20221026 19:34:29.144"/>
</kw>
<kw name="Input Text" library="Selenium2Library">
<arg>${elementos_login_email['reg_emailtextbox']}</arg>
<arg>${email}</arg>
<doc>Types the given ``text`` into the text field identified by ``locator``.</doc>
<msg timestamp="20221026 19:34:29.146" level="INFO">Typing text 's_tamezaa@globalhitss.com' into text field 'xpath=//input[@id="emailLogin"]'.</msg>
<status status="PASS" starttime="20221026 19:34:29.144" endtime="20221026 19:34:29.383"/>
</kw>
<kw name="Click Button" library="Selenium2Library">
<arg>${elementos_login_email['log_siguiente']}</arg>
<doc>Clicks the button identified by ``locator``.</doc>
<msg timestamp="20221026 19:34:29.387" level="INFO">Clicking button 'xpath=//button[@id="submitEmail"]'.</msg>
<status status="PASS" starttime="20221026 19:34:29.384" endtime="20221026 19:34:29.563"/>
</kw>
<status status="PASS" starttime="20221026 19:34:28.611" endtime="20221026 19:34:29.563"/>
</kw>
<kw name="-INGRESAR PASSWORD PARA LOGIN-" library="tests_keywords">
<arg>${pass_valido}</arg>
<kw name="Wait Until Element Is Visible" library="Selenium2Library">
<arg>${elementos_login_pass['reg_pass_passtextbox']}</arg>
<doc>Waits until the element ``locator`` is visible.</doc>
<status status="PASS" starttime="20221026 19:34:29.575" endtime="20221026 19:34:31.297"/>
</kw>
<kw name="Input Text" library="Selenium2Library">
<arg>${elementos_login_pass['reg_pass_passtextbox']}</arg>
<arg>${password}</arg>
<doc>Types the given ``text`` into the text field identified by ``locator``.</doc>
<msg timestamp="20221026 19:34:31.298" level="INFO">Typing text 'Claro123!' into text field 'xpath=//input[@id="password"]'.</msg>
<status status="PASS" starttime="20221026 19:34:31.297" endtime="20221026 19:34:31.394"/>
</kw>
<kw name="Click Button" library="Selenium2Library">
<arg>${elementos_login_pass['log_pass_siguiente']}</arg>
<doc>Clicks the button identified by ``locator``.</doc>
<msg timestamp="20221026 19:34:31.396" level="INFO">Clicking button 'xpath=//button[@id="submitPassword"]'.</msg>
<status status="PASS" starttime="20221026 19:34:31.395" endtime="20221026 19:34:31.472"/>
</kw>
<status status="PASS" starttime="20221026 19:34:29.575" endtime="20221026 19:34:31.472"/>
</kw>
<kw name="-CLICK ELEMENTO-" library="tests_keywords">
<arg>${elementos_profile_page['selectProfile_1_image']}</arg>
<kw name="Wait Until Element Is Visible" library="Selenium2Library">
<arg>${elemento}</arg>
<doc>Waits until the element ``locator`` is visible.</doc>
<status status="PASS" starttime="20221026 19:34:31.473" endtime="20221026 19:34:47.993"/>
</kw>
<kw name="Click Element" library="Selenium2Library">
<arg>${elemento}</arg>
<doc>Click the element identified by ``locator``.</doc>
<msg timestamp="20221026 19:34:47.993" level="INFO">Clicking element 'xpath=//body/div[@id='app']/div/div[contains(@class,'wrap')]/div/div[contains(@class,'profile-container-admin')]/div[contains(@class,'undefined profile-container')]/div[contains(@class,'profile-container-body')]/div/div[contains(@class,'image-grid-container')]/div[1]'.</msg>
<status status="PASS" starttime="20221026 19:34:47.993" endtime="20221026 19:34:48.141"/>
</kw>
<status status="PASS" starttime="20221026 19:34:31.472" endtime="20221026 19:34:48.141"/>
</kw>
<kw name="-Sleep-" library="tests_keywords">
<kw name="Sleep" library="BuiltIn">
<arg>60</arg>
<doc>Pauses the test executed for the given time.</doc>
<msg timestamp="20221026 19:35:48.149" level="INFO">Slept 1 minute</msg>
<status status="PASS" starttime="20221026 19:34:48.142" endtime="20221026 19:35:48.149"/>
</kw>
<status status="PASS" starttime="20221026 19:34:48.142" endtime="20221026 19:35:48.149"/>
</kw>
<kw name="-VALIDAR TEXTOS Y ELEMENTOS-" library="libraries_keywords">
<arg>${elementos_home_page}</arg>
<arg>${textos_home_page}</arg>
<for flavor="IN">
<var>${element}</var>
<value>@{a1}</value>
<iter>
<var name="${element}">home_logocv</var>
<kw name="Scroll Element Into View" library="Selenium2Library">
<arg>${a1['${element}']}</arg>
<doc>Scrolls the element identified by ``locator`` into view.</doc>
<status status="PASS" starttime="20221026 19:35:48.149" endtime="20221026 19:35:48.433"/>
</kw>
<kw name="Wait Until Element Is Visible" library="Selenium2Library">
<arg>${a1['${element}']}</arg>
<doc>Waits until the element ``locator`` is visible.</doc>
<status status="PASS" starttime="20221026 19:35:48.433" endtime="20221026 19:35:48.459"/>
</kw>
<kw name="Run Keyword And Continue On Failure" library="BuiltIn">
<arg>Wait Until Element is Visible</arg>
<arg>${a1['${element}']}</arg>
<doc>Runs the keyword and continues execution even if a failure occurs.</doc>
<kw name="Wait Until Element Is Visible" library="Selenium2Library">
<arg>${a1['${element}']}</arg>
<doc>Waits until the element ``locator`` is visible.</doc>
<status status="PASS" starttime="20221026 19:35:48.459" endtime="20221026 19:35:48.470"/>
</kw>
<status status="PASS" starttime="20221026 19:35:48.459" endtime="20221026 19:35:48.470"/>
</kw>
<kw name="Run Keyword And Continue On Failure" library="BuiltIn">
<arg>element text should be</arg>
<arg>${a1['${element}']}</arg>
<arg>${a2['${element}']}</arg>
<doc>Runs the keyword and continues execution even if a failure occurs.</doc>
<kw name="Element Text Should Be" library="Selenium2Library">
<arg>${a1['${element}']}</arg>
<arg>${a2['${element}']}</arg>
<doc>Verifies that element ``locator`` contains exact the text ``expected``.</doc>
<msg timestamp="20221026 19:35:48.470" level="INFO">Verifying element 'xpath=//img[@alt='Clarovideo Logo']' contains exact text ''.</msg>
<status status="PASS" starttime="20221026 19:35:48.470" endtime="20221026 19:35:48.486"/>
</kw>
<status status="PASS" starttime="20221026 19:35:48.470" endtime="20221026 19:35:48.486"/>
</kw>
<kw name="Run Keyword And Continue On Failure" library="BuiltIn">
<arg>capture element screenshot</arg>
<arg>${a1['${element}']}</arg>
<doc>Runs the keyword and continues execution even if a failure occurs.</doc>
<kw name="Capture Element Screenshot" library="Selenium2Library">
<arg>${a1['${element}']}</arg>
<doc>Captures a screenshot from the element identified by ``locator`` and embeds it into log file.</doc>
<msg timestamp="20221026 19:35:48.615" level="INFO" html="true">&lt;/td&gt;&lt;/tr&gt;&lt;tr&gt;&lt;td colspan="3"&gt;&lt;a href="../Resultados/screenshots/selenium-element-screenshot-473.png"&gt;&lt;img src="../Resultados/screenshots/selenium-element-screenshot-473.png" width="400px"&gt;&lt;/a&gt;</msg>
<status status="PASS" starttime="20221026 19:35:48.486" endtime="20221026 19:35:48.616"/>
</kw>
<status status="PASS" starttime="20221026 19:35:48.486" endtime="20221026 19:35:48.616"/>
</kw>
<status status="PASS" starttime="20221026 19:35:48.149" endtime="20221026 19:35:48.616"/>
</iter>
<iter>
<var name="${element}">home_input_buscador</var>
<kw name="Scroll Element Into View" library="Selenium2Library">
<arg>${a1['${element}']}</arg>
<doc>Scrolls the element identified by ``locator`` into view.</doc>
<status status="PASS" starttime="20221026 19:35:48.616" endtime="20221026 19:35:48.898"/>
</kw>
<kw name="Wait Until Element Is Visible" library="Selenium2Library">
<arg>${a1['${element}']}</arg>
<doc>Waits until the element ``locator`` is visible.</doc>
<status status="PASS" starttime="20221026 19:35:48.898" endtime="20221026 19:35:48.920"/>
</kw>
<kw name="Run Keyword And Continue On Failure" library="BuiltIn">
<arg>Wait Until Element is Visible</arg>
<arg>${a1['${element}']}</arg>
<doc>Runs the keyword and continues execution even if a failure occurs.</doc>
<kw name="Wait Until Element Is Visible" library="Selenium2Library">
<arg>${a1['${element}']}</arg>
<doc>Waits until the element ``locator`` is visible.</doc>
<status status="PASS" starttime="20221026 19:35:48.921" endtime="20221026 19:35:48.942"/>
</kw>
<status status="PASS" starttime="20221026 19:35:48.920" endtime="20221026 19:35:48.942"/>
</kw>
<kw name="Run Keyword And Continue On Failure" library="BuiltIn">
<arg>element text should be</arg>
<arg>${a1['${element}']}</arg>
<arg>${a2['${element}']}</arg>
<doc>Runs the keyword and continues execution even if a failure occurs.</doc>
<kw name="Element Text Should Be" library="Selenium2Library">
<arg>${a1['${element}']}</arg>
<arg>${a2['${element}']}</arg>
<doc>Verifies that element ``locator`` contains exact the text ``expected``.</doc>
<msg timestamp="20221026 19:35:48.945" level="INFO">Verifying element 'xpath=//input[@placeholder="Buscar"]' contains exact text ''.</msg>
<status status="PASS" starttime="20221026 19:35:48.942" endtime="20221026 19:35:48.964"/>
</kw>
<status status="PASS" starttime="20221026 19:35:48.942" endtime="20221026 19:35:48.964"/>
</kw>
<kw name="Run Keyword And Continue On Failure" library="BuiltIn">
<arg>capture element screenshot</arg>
<arg>${a1['${element}']}</arg>
<doc>Runs the keyword and continues execution even if a failure occurs.</doc>
<kw name="Capture Element Screenshot" library="Selenium2Library">
<arg>${a1['${element}']}</arg>
<doc>Captures a screenshot from the element identified by ``locator`` and embeds it into log file.</doc>
<msg timestamp="20221026 19:35:49.080" level="INFO" html="true">&lt;/td&gt;&lt;/tr&gt;&lt;tr&gt;&lt;td colspan="3"&gt;&lt;a href="../Resultados/screenshots/selenium-element-screenshot-474.png"&gt;&lt;img src="../Resultados/screenshots/selenium-element-screenshot-474.png" width="400px"&gt;&lt;/a&gt;</msg>
<status status="PASS" starttime="20221026 19:35:48.964" endtime="20221026 19:35:49.080"/>
</kw>
<status status="PASS" starttime="20221026 19:35:48.964" endtime="20221026 19:35:49.080"/>
</kw>
<status status="PASS" starttime="20221026 19:35:48.616" endtime="20221026 19:35:49.080"/>
</iter>
<iter>
<var name="${element}">home_lupa</var>
<kw name="Scroll Element Into View" library="Selenium2Library">
<arg>${a1['${element}']}</arg>
<doc>Scrolls the element identified by ``locator`` into view.</doc>
<status status="PASS" starttime="20221026 19:35:49.081" endtime="20221026 19:35:49.369"/>
</kw>
<kw name="Wait Until Element Is Visible" library="Selenium2Library">
<arg>${a1['${element}']}</arg>
<doc>Waits until the element ``locator`` is visible.</doc>
<status status="PASS" starttime="20221026 19:35:49.369" endtime="20221026 19:35:49.384"/>
</kw>
<kw name="Run Keyword And Continue On Failure" library="BuiltIn">
<arg>Wait Until Element is Visible</arg>
<arg>${a1['${element}']}</arg>
<doc>Runs the keyword and continues execution even if a failure occurs.</doc>
<kw name="Wait Until Element Is Visible" library="Selenium2Library">
<arg>${a1['${element}']}</arg>
<doc>Waits until the element ``locator`` is visible.</doc>
<status status="PASS" starttime="20221026 19:35:49.384" endtime="20221026 19:35:49.406"/>
</kw>
<status status="PASS" starttime="20221026 19:35:49.384" endtime="20221026 19:35:49.406"/>
</kw>
<kw name="Run Keyword And Continue On Failure" library="BuiltIn">
<arg>element text should be</arg>
<arg>${a1['${element}']}</arg>
<arg>${a2['${element}']}</arg>
<doc>Runs the keyword and continues execution even if a failure occurs.</doc>
<kw name="Element Text Should Be" library="Selenium2Library">
<arg>${a1['${element}']}</arg>
<arg>${a2['${element}']}</arg>
<doc>Verifies that element ``locator`` contains exact the text ``expected``.</doc>
<msg timestamp="20221026 19:35:49.406" level="INFO">Verifying element 'xpath=//i[@name='search']' contains exact text ''.</msg>
<status status="PASS" starttime="20221026 19:35:49.406" endtime="20221026 19:35:49.438"/>
</kw>
<status status="PASS" starttime="20221026 19:35:49.406" endtime="20221026 19:35:49.438"/>
</kw>
<kw name="Run Keyword And Continue On Failure" library="BuiltIn">
<arg>capture element screenshot</arg>
<arg>${a1['${element}']}</arg>
<doc>Runs the keyword and continues execution even if a failure occurs.</doc>
<kw name="Capture Element Screenshot" library="Selenium2Library">
<arg>${a1['${element}']}</arg>
<doc>Captures a screenshot from the element identified by ``locator`` and embeds it into log file.</doc>
<msg timestamp="20221026 19:35:49.564" level="INFO" html="true">&lt;/td&gt;&lt;/tr&gt;&lt;tr&gt;&lt;td colspan="3"&gt;&lt;a href="../Resultados/screenshots/selenium-element-screenshot-475.png"&gt;&lt;img src="../Resultados/screenshots/selenium-element-screenshot-475.png" width="400px"&gt;&lt;/a&gt;</msg>
<status status="PASS" starttime="20221026 19:35:49.439" endtime="20221026 19:35:49.564"/>
</kw>
<status status="PASS" starttime="20221026 19:35:49.438" endtime="20221026 19:35:49.564"/>
</kw>
<status status="PASS" starttime="20221026 19:35:49.080" endtime="20221026 19:35:49.564"/>
</iter>
<iter>
<var name="${element}">home_avatar</var>
<kw name="Scroll Element Into View" library="Selenium2Library">
<arg>${a1['${element}']}</arg>
<doc>Scrolls the element identified by ``locator`` into view.</doc>
<status status="PASS" starttime="20221026 19:35:49.564" endtime="20221026 19:35:49.891"/>
</kw>
<kw name="Wait Until Element Is Visible" library="Selenium2Library">
<arg>${a1['${element}']}</arg>
<doc>Waits until the element ``locator`` is visible.</doc>
<status status="PASS" starttime="20221026 19:35:49.891" endtime="20221026 19:35:49.912"/>
</kw>
<kw name="Run Keyword And Continue On Failure" library="BuiltIn">
<arg>Wait Until Element is Visible</arg>
<arg>${a1['${element}']}</arg>
<doc>Runs the keyword and continues execution even if a failure occurs.</doc>
<kw name="Wait Until Element Is Visible" library="Selenium2Library">
<arg>${a1['${element}']}</arg>
<doc>Waits until the element ``locator`` is visible.</doc>
<status status="PASS" starttime="20221026 19:35:49.912" endtime="20221026 19:35:49.919"/>
</kw>
<status status="PASS" starttime="20221026 19:35:49.912" endtime="20221026 19:35:49.919"/>
</kw>
<kw name="Run Keyword And Continue On Failure" library="BuiltIn">
<arg>element text should be</arg>
<arg>${a1['${element}']}</arg>
<arg>${a2['${element}']}</arg>
<doc>Runs the keyword and continues execution even if a failure occurs.</doc>
<kw name="Element Text Should Be" library="Selenium2Library">
<arg>${a1['${element}']}</arg>
<arg>${a2['${element}']}</arg>
<doc>Verifies that element ``locator`` contains exact the text ``expected``.</doc>
<msg timestamp="20221026 19:35:49.919" level="INFO">Verifying element 'xpath=//a[@class='dropdown-toggle dropdownUser menu_user custom-menu-user-style hidden-xs']//img[@class='menu_user--img']' contains exact text ''.</msg>
<status status="PASS" starttime="20221026 19:35:49.919" endtime="20221026 19:35:49.951"/>
</kw>
<status status="PASS" starttime="20221026 19:35:49.919" endtime="20221026 19:35:49.951"/>
</kw>
<kw name="Run Keyword And Continue On Failure" library="BuiltIn">
<arg>capture element screenshot</arg>
<arg>${a1['${element}']}</arg>
<doc>Runs the keyword and continues execution even if a failure occurs.</doc>
<kw name="Capture Element Screenshot" library="Selenium2Library">
<arg>${a1['${element}']}</arg>
<doc>Captures a screenshot from the element identified by ``locator`` and embeds it into log file.</doc>
<msg timestamp="20221026 19:35:50.079" level="INFO" html="true">&lt;/td&gt;&lt;/tr&gt;&lt;tr&gt;&lt;td colspan="3"&gt;&lt;a href="../Resultados/screenshots/selenium-element-screenshot-476.png"&gt;&lt;img src="../Resultados/screenshots/selenium-element-screenshot-476.png" width="400px"&gt;&lt;/a&gt;</msg>
<status status="PASS" starttime="20221026 19:35:49.951" endtime="20221026 19:35:50.079"/>
</kw>
<status status="PASS" starttime="20221026 19:35:49.951" endtime="20221026 19:35:50.079"/>
</kw>
<status status="PASS" starttime="20221026 19:35:49.564" endtime="20221026 19:35:50.079"/>
</iter>
<iter>
<var name="${element}">home_nodo_inicio</var>
<kw name="Scroll Element Into View" library="Selenium2Library">
<arg>${a1['${element}']}</arg>
<doc>Scrolls the element identified by ``locator`` into view.</doc>
<status status="PASS" starttime="20221026 19:35:50.079" endtime="20221026 19:35:50.360"/>
</kw>
<kw name="Wait Until Element Is Visible" library="Selenium2Library">
<arg>${a1['${element}']}</arg>
<doc>Waits until the element ``locator`` is visible.</doc>
<status status="PASS" starttime="20221026 19:35:50.360" endtime="20221026 19:35:50.384"/>
</kw>
<kw name="Run Keyword And Continue On Failure" library="BuiltIn">
<arg>Wait Until Element is Visible</arg>
<arg>${a1['${element}']}</arg>
<doc>Runs the keyword and continues execution even if a failure occurs.</doc>
<kw name="Wait Until Element Is Visible" library="Selenium2Library">
<arg>${a1['${element}']}</arg>
<doc>Waits until the element ``locator`` is visible.</doc>
<status status="PASS" starttime="20221026 19:35:50.384" endtime="20221026 19:35:50.407"/>
</kw>
<status status="PASS" starttime="20221026 19:35:50.384" endtime="20221026 19:35:50.407"/>
</kw>
<kw name="Run Keyword And Continue On Failure" library="BuiltIn">
<arg>element text should be</arg>
<arg>${a1['${element}']}</arg>
<arg>${a2['${element}']}</arg>
<doc>Runs the keyword and continues execution even if a failure occurs.</doc>
<kw name="Element Text Should Be" library="Selenium2Library">
<arg>${a1['${element}']}</arg>
<arg>${a2['${element}']}</arg>
<doc>Verifies that element ``locator`` contains exact the text ``expected``.</doc>
<msg timestamp="20221026 19:35:50.409" level="INFO">Verifying element 'xpath=//div[contains(text(),'Inicio')]' contains exact text 'Inicio'.</msg>
<status status="PASS" starttime="20221026 19:35:50.407" endtime="20221026 19:35:50.431"/>
</kw>
<status status="PASS" starttime="20221026 19:35:50.407" endtime="20221026 19:35:50.431"/>
</kw>
<kw name="Run Keyword And Continue On Failure" library="BuiltIn">
<arg>capture element screenshot</arg>
<arg>${a1['${element}']}</arg>
<doc>Runs the keyword and continues execution even if a failure occurs.</doc>
<kw name="Capture Element Screenshot" library="Selenium2Library">
<arg>${a1['${element}']}</arg>
<doc>Captures a screenshot from the element identified by ``locator`` and embeds it into log file.</doc>
<msg timestamp="20221026 19:35:50.545" level="INFO" html="true">&lt;/td&gt;&lt;/tr&gt;&lt;tr&gt;&lt;td colspan="3"&gt;&lt;a href="../Resultados/screenshots/selenium-element-screenshot-477.png"&gt;&lt;img src="../Resultados/screenshots/selenium-element-screenshot-477.png" width="400px"&gt;&lt;/a&gt;</msg>
<status status="PASS" starttime="20221026 19:35:50.431" endtime="20221026 19:35:50.545"/>
</kw>
<status status="PASS" starttime="20221026 19:35:50.431" endtime="20221026 19:35:50.545"/>
</kw>
<status status="PASS" starttime="20221026 19:35:50.079" endtime="20221026 19:35:50.545"/>
</iter>
<iter>
<var name="${element}">home_nodo_CS</var>
<kw name="Scroll Element Into View" library="Selenium2Library">
<arg>${a1['${element}']}</arg>
<doc>Scrolls the element identified by ``locator`` into view.</doc>
<status status="PASS" starttime="20221026 19:35:50.545" endtime="20221026 19:35:50.829"/>
</kw>
<kw name="Wait Until Element Is Visible" library="Selenium2Library">
<arg>${a1['${element}']}</arg>
<doc>Waits until the element ``locator`` is visible.</doc>
<status status="PASS" starttime="20221026 19:35:50.829" endtime="20221026 19:35:50.844"/>
</kw>
<kw name="Run Keyword And Continue On Failure" library="BuiltIn">
<arg>Wait Until Element is Visible</arg>
<arg>${a1['${element}']}</arg>
<doc>Runs the keyword and continues execution even if a failure occurs.</doc>
<kw name="Wait Until Element Is Visible" library="Selenium2Library">
<arg>${a1['${element}']}</arg>
<doc>Waits until the element ``locator`` is visible.</doc>
<status status="PASS" starttime="20221026 19:35:50.844" endtime="20221026 19:35:50.860"/>
</kw>
<status status="PASS" starttime="20221026 19:35:50.844" endtime="20221026 19:35:50.860"/>
</kw>
<kw name="Run Keyword And Continue On Failure" library="BuiltIn">
<arg>element text should be</arg>
<arg>${a1['${element}']}</arg>
<arg>${a2['${element}']}</arg>
<doc>Runs the keyword and continues execution even if a failure occurs.</doc>
<kw name="Element Text Should Be" library="Selenium2Library">
<arg>${a1['${element}']}</arg>
<arg>${a2['${element}']}</arg>
<doc>Verifies that element ``locator`` contains exact the text ``expected``.</doc>
<msg timestamp="20221026 19:35:50.876" level="INFO">Verifying element 'xpath=//img[@alt='Claro Sports']' contains exact text ''.</msg>
<status status="PASS" starttime="20221026 19:35:50.860" endtime="20221026 19:35:50.891"/>
</kw>
<status status="PASS" starttime="20221026 19:35:50.860" endtime="20221026 19:35:50.891"/>
</kw>
<kw name="Run Keyword And Continue On Failure" library="BuiltIn">
<arg>capture element screenshot</arg>
<arg>${a1['${element}']}</arg>
<doc>Runs the keyword and continues execution even if a failure occurs.</doc>
<kw name="Capture Element Screenshot" library="Selenium2Library">
<arg>${a1['${element}']}</arg>
<doc>Captures a screenshot from the element identified by ``locator`` and embeds it into log file.</doc>
<msg timestamp="20221026 19:35:51.011" level="INFO" html="true">&lt;/td&gt;&lt;/tr&gt;&lt;tr&gt;&lt;td colspan="3"&gt;&lt;a href="../Resultados/screenshots/selenium-element-screenshot-478.png"&gt;&lt;img src="../Resultados/screenshots/selenium-element-screenshot-478.png" width="400px"&gt;&lt;/a&gt;</msg>
<status status="PASS" starttime="20221026 19:35:50.891" endtime="20221026 19:35:51.011"/>
</kw>
<status status="PASS" starttime="20221026 19:35:50.891" endtime="20221026 19:35:51.011"/>
</kw>
<status status="PASS" starttime="20221026 19:35:50.545" endtime="20221026 19:35:51.011"/>
</iter>
<iter>
<var name="${element}">home_nodo_catalogo</var>
<kw name="Scroll Element Into View" library="Selenium2Library">
<arg>${a1['${element}']}</arg>
<doc>Scrolls the element identified by ``locator`` into view.</doc>
<status status="PASS" starttime="20221026 19:35:51.011" endtime="20221026 19:35:51.294"/>
</kw>
<kw name="Wait Until Element Is Visible" library="Selenium2Library">
<arg>${a1['${element}']}</arg>
<doc>Waits until the element ``locator`` is visible.</doc>
<status status="PASS" starttime="20221026 19:35:51.294" endtime="20221026 19:35:51.316"/>
</kw>
<kw name="Run Keyword And Continue On Failure" library="BuiltIn">
<arg>Wait Until Element is Visible</arg>
<arg>${a1['${element}']}</arg>
<doc>Runs the keyword and continues execution even if a failure occurs.</doc>
<kw name="Wait Until Element Is Visible" library="Selenium2Library">
<arg>${a1['${element}']}</arg>
<doc>Waits until the element ``locator`` is visible.</doc>
<status status="PASS" starttime="20221026 19:35:51.316" endtime="20221026 19:35:51.332"/>
</kw>
<status status="PASS" starttime="20221026 19:35:51.316" endtime="20221026 19:35:51.332"/>
</kw>
<kw name="Run Keyword And Continue On Failure" library="BuiltIn">
<arg>element text should be</arg>
<arg>${a1['${element}']}</arg>
<arg>${a2['${element}']}</arg>
<doc>Runs the keyword and continues execution even if a failure occurs.</doc>
<kw name="Element Text Should Be" library="Selenium2Library">
<arg>${a1['${element}']}</arg>
<arg>${a2['${element}']}</arg>
<doc>Verifies that element ``locator`` contains exact the text ``expected``.</doc>
<msg timestamp="20221026 19:35:51.332" level="INFO">Verifying element 'xpath=//div[contains(text(),'Catálogo')]' contains exact text 'Catálogo'.</msg>
<status status="PASS" starttime="20221026 19:35:51.332" endtime="20221026 19:35:51.378"/>
</kw>
<status status="PASS" starttime="20221026 19:35:51.332" endtime="20221026 19:35:51.378"/>
</kw>
<kw name="Run Keyword And Continue On Failure" library="BuiltIn">
<arg>capture element screenshot</arg>
<arg>${a1['${element}']}</arg>
<doc>Runs the keyword and continues execution even if a failure occurs.</doc>
<kw name="Capture Element Screenshot" library="Selenium2Library">
<arg>${a1['${element}']}</arg>
<doc>Captures a screenshot from the element identified by ``locator`` and embeds it into log file.</doc>
<msg timestamp="20221026 19:35:51.511" level="INFO" html="true">&lt;/td&gt;&lt;/tr&gt;&lt;tr&gt;&lt;td colspan="3"&gt;&lt;a href="../Resultados/screenshots/selenium-element-screenshot-479.png"&gt;&lt;img src="../Resultados/screenshots/selenium-element-screenshot-479.png" width="400px"&gt;&lt;/a&gt;</msg>
<status status="PASS" starttime="20221026 19:35:51.378" endtime="20221026 19:35:51.511"/>
</kw>
<status status="PASS" starttime="20221026 19:35:51.378" endtime="20221026 19:35:51.511"/>
</kw>
<status status="PASS" starttime="20221026 19:35:51.011" endtime="20221026 19:35:51.511"/>
</iter>
<iter>
<var name="${element}">home_nodo_generos</var>
<kw name="Scroll Element Into View" library="Selenium2Library">
<arg>${a1['${element}']}</arg>
<doc>Scrolls the element identified by ``locator`` into view.</doc>
<status status="PASS" starttime="20221026 19:35:51.511" endtime="20221026 19:35:51.796"/>
</kw>
<kw name="Wait Until Element Is Visible" library="Selenium2Library">
<arg>${a1['${element}']}</arg>
<doc>Waits until the element ``locator`` is visible.</doc>
<status status="PASS" starttime="20221026 19:35:51.796" endtime="20221026 19:35:51.812"/>
</kw>
<kw name="Run Keyword And Continue On Failure" library="BuiltIn">
<arg>Wait Until Element is Visible</arg>
<arg>${a1['${element}']}</arg>
<doc>Runs the keyword and continues execution even if a failure occurs.</doc>
<kw name="Wait Until Element Is Visible" library="Selenium2Library">
<arg>${a1['${element}']}</arg>
<doc>Waits until the element ``locator`` is visible.</doc>
<status status="PASS" starttime="20221026 19:35:51.812" endtime="20221026 19:35:51.834"/>
</kw>
<status status="PASS" starttime="20221026 19:35:51.812" endtime="20221026 19:35:51.834"/>
</kw>
<kw name="Run Keyword And Continue On Failure" library="BuiltIn">
<arg>element text should be</arg>
<arg>${a1['${element}']}</arg>
<arg>${a2['${element}']}</arg>
<doc>Runs the keyword and continues execution even if a failure occurs.</doc>
<kw name="Element Text Should Be" library="Selenium2Library">
<arg>${a1['${element}']}</arg>
<arg>${a2['${element}']}</arg>
<doc>Verifies that element ``locator`` contains exact the text ``expected``.</doc>
<msg timestamp="20221026 19:35:51.834" level="INFO">Verifying element 'xpath=//div[contains(text(),'Géneros')] ' contains exact text 'Géneros'.</msg>
<status status="PASS" starttime="20221026 19:35:51.834" endtime="20221026 19:35:51.857"/>
</kw>
<status status="PASS" starttime="20221026 19:35:51.834" endtime="20221026 19:35:51.857"/>
</kw>
<kw name="Run Keyword And Continue On Failure" library="BuiltIn">
<arg>capture element screenshot</arg>
<arg>${a1['${element}']}</arg>
<doc>Runs the keyword and continues execution even if a failure occurs.</doc>
<kw name="Capture Element Screenshot" library="Selenium2Library">
<arg>${a1['${element}']}</arg>
<doc>Captures a screenshot from the element identified by ``locator`` and embeds it into log file.</doc>
<msg timestamp="20221026 19:35:51.976" level="INFO" html="true">&lt;/td&gt;&lt;/tr&gt;&lt;tr&gt;&lt;td colspan="3"&gt;&lt;a href="../Resultados/screenshots/selenium-element-screenshot-480.png"&gt;&lt;img src="../Resultados/screenshots/selenium-element-screenshot-480.png" width="400px"&gt;&lt;/a&gt;</msg>
<status status="PASS" starttime="20221026 19:35:51.857" endtime="20221026 19:35:51.977"/>
</kw>
<status status="PASS" starttime="20221026 19:35:51.857" endtime="20221026 19:35:51.977"/>
</kw>
<status status="PASS" starttime="20221026 19:35:51.511" endtime="20221026 19:35:51.977"/>
</iter>
<iter>
<var name="${element}">home_nodo_compra</var>
<kw name="Scroll Element Into View" library="Selenium2Library">
<arg>${a1['${element}']}</arg>
<doc>Scrolls the element identified by ``locator`` into view.</doc>
<status status="PASS" starttime="20221026 19:35:51.977" endtime="20221026 19:35:52.284"/>
</kw>
<kw name="Wait Until Element Is Visible" library="Selenium2Library">
<arg>${a1['${element}']}</arg>
<doc>Waits until the element ``locator`` is visible.</doc>
<status status="PASS" starttime="20221026 19:35:52.284" endtime="20221026 19:35:52.299"/>
</kw>
<kw name="Run Keyword And Continue On Failure" library="BuiltIn">
<arg>Wait Until Element is Visible</arg>
<arg>${a1['${element}']}</arg>
<doc>Runs the keyword and continues execution even if a failure occurs.</doc>
<kw name="Wait Until Element Is Visible" library="Selenium2Library">
<arg>${a1['${element}']}</arg>
<doc>Waits until the element ``locator`` is visible.</doc>
<status status="PASS" starttime="20221026 19:35:52.299" endtime="20221026 19:35:52.321"/>
</kw>
<status status="PASS" starttime="20221026 19:35:52.299" endtime="20221026 19:35:52.321"/>
</kw>
<kw name="Run Keyword And Continue On Failure" library="BuiltIn">
<arg>element text should be</arg>
<arg>${a1['${element}']}</arg>
<arg>${a2['${element}']}</arg>
<doc>Runs the keyword and continues execution even if a failure occurs.</doc>
<kw name="Element Text Should Be" library="Selenium2Library">
<arg>${a1['${element}']}</arg>
<arg>${a2['${element}']}</arg>
<doc>Verifies that element ``locator`` contains exact the text ``expected``.</doc>
<msg timestamp="20221026 19:35:52.321" level="INFO">Verifying element 'xpath=//div[contains(text(),'Compra y Renta')] ' contains exact text 'Compra y Renta'.</msg>
<status status="PASS" starttime="20221026 19:35:52.321" endtime="20221026 19:35:52.336"/>
</kw>
<status status="PASS" starttime="20221026 19:35:52.321" endtime="20221026 19:35:52.336"/>
</kw>
<kw name="Run Keyword And Continue On Failure" library="BuiltIn">
<arg>capture element screenshot</arg>
<arg>${a1['${element}']}</arg>
<doc>Runs the keyword and continues execution even if a failure occurs.</doc>
<kw name="Capture Element Screenshot" library="Selenium2Library">
<arg>${a1['${element}']}</arg>
<doc>Captures a screenshot from the element identified by ``locator`` and embeds it into log file.</doc>
<msg timestamp="20221026 19:35:52.461" level="INFO" html="true">&lt;/td&gt;&lt;/tr&gt;&lt;tr&gt;&lt;td colspan="3"&gt;&lt;a href="../Resultados/screenshots/selenium-element-screenshot-481.png"&gt;&lt;img src="../Resultados/screenshots/selenium-element-screenshot-481.png" width="400px"&gt;&lt;/a&gt;</msg>
<status status="PASS" starttime="20221026 19:35:52.336" endtime="20221026 19:35:52.461"/>
</kw>
<status status="PASS" starttime="20221026 19:35:52.336" endtime="20221026 19:35:52.461"/>
</kw>
<status status="PASS" starttime="20221026 19:35:51.977" endtime="20221026 19:35:52.461"/>
</iter>
<iter>
<var name="${element}">home_nodo_canales</var>
<kw name="Scroll Element Into View" library="Selenium2Library">
<arg>${a1['${element}']}</arg>
<doc>Scrolls the element identified by ``locator`` into view.</doc>
<status status="PASS" starttime="20221026 19:35:52.461" endtime="20221026 19:35:52.753"/>
</kw>
<kw name="Wait Until Element Is Visible" library="Selenium2Library">
<arg>${a1['${element}']}</arg>
<doc>Waits until the element ``locator`` is visible.</doc>
<status status="PASS" starttime="20221026 19:35:52.753" endtime="20221026 19:35:52.779"/>
</kw>
<kw name="Run Keyword And Continue On Failure" library="BuiltIn">
<arg>Wait Until Element is Visible</arg>
<arg>${a1['${element}']}</arg>
<doc>Runs the keyword and continues execution even if a failure occurs.</doc>
<kw name="Wait Until Element Is Visible" library="Selenium2Library">
<arg>${a1['${element}']}</arg>
<doc>Waits until the element ``locator`` is visible.</doc>
<status status="PASS" starttime="20221026 19:35:52.779" endtime="20221026 19:35:52.799"/>
</kw>
<status status="PASS" starttime="20221026 19:35:52.779" endtime="20221026 19:35:52.799"/>
</kw>
<kw name="Run Keyword And Continue On Failure" library="BuiltIn">
<arg>element text should be</arg>
<arg>${a1['${element}']}</arg>
<arg>${a2['${element}']}</arg>
<doc>Runs the keyword and continues execution even if a failure occurs.</doc>
<kw name="Element Text Should Be" library="Selenium2Library">
<arg>${a1['${element}']}</arg>
<arg>${a2['${element}']}</arg>
<doc>Verifies that element ``locator`` contains exact the text ``expected``.</doc>
<msg timestamp="20221026 19:35:52.803" level="INFO">Verifying element 'xpath=//div[contains(text(),'Canales')] ' contains exact text 'Canales'.</msg>
<status status="PASS" starttime="20221026 19:35:52.800" endtime="20221026 19:35:52.825"/>
</kw>
<status status="PASS" starttime="20221026 19:35:52.799" endtime="20221026 19:35:52.825"/>
</kw>
<kw name="Run Keyword And Continue On Failure" library="BuiltIn">
<arg>capture element screenshot</arg>
<arg>${a1['${element}']}</arg>
<doc>Runs the keyword and continues execution even if a failure occurs.</doc>
<kw name="Capture Element Screenshot" library="Selenium2Library">
<arg>${a1['${element}']}</arg>
<doc>Captures a screenshot from the element identified by ``locator`` and embeds it into log file.</doc>
<msg timestamp="20221026 19:35:52.960" level="INFO" html="true">&lt;/td&gt;&lt;/tr&gt;&lt;tr&gt;&lt;td colspan="3"&gt;&lt;a href="../Resultados/screenshots/selenium-element-screenshot-482.png"&gt;&lt;img src="../Resultados/screenshots/selenium-element-screenshot-482.png" width="400px"&gt;&lt;/a&gt;</msg>
<status status="PASS" starttime="20221026 19:35:52.825" endtime="20221026 19:35:52.960"/>
</kw>
<status status="PASS" starttime="20221026 19:35:52.825" endtime="20221026 19:35:52.960"/>
</kw>
<status status="PASS" starttime="20221026 19:35:52.461" endtime="20221026 19:35:52.960"/>
</iter>
<iter>
<var name="${element}">home_nodo_kids</var>
<kw name="Scroll Element Into View" library="Selenium2Library">
<arg>${a1['${element}']}</arg>
<doc>Scrolls the element identified by ``locator`` into view.</doc>
<status status="PASS" starttime="20221026 19:35:52.960" endtime="20221026 19:35:53.241"/>
</kw>
<kw name="Wait Until Element Is Visible" library="Selenium2Library">
<arg>${a1['${element}']}</arg>
<doc>Waits until the element ``locator`` is visible.</doc>
<status status="PASS" starttime="20221026 19:35:53.241" endtime="20221026 19:35:53.256"/>
</kw>
<kw name="Run Keyword And Continue On Failure" library="BuiltIn">
<arg>Wait Until Element is Visible</arg>
<arg>${a1['${element}']}</arg>
<doc>Runs the keyword and continues execution even if a failure occurs.</doc>
<kw name="Wait Until Element Is Visible" library="Selenium2Library">
<arg>${a1['${element}']}</arg>
<doc>Waits until the element ``locator`` is visible.</doc>
<status status="PASS" starttime="20221026 19:35:53.256" endtime="20221026 19:35:53.272"/>
</kw>
<status status="PASS" starttime="20221026 19:35:53.256" endtime="20221026 19:35:53.272"/>
</kw>
<kw name="Run Keyword And Continue On Failure" library="BuiltIn">
<arg>element text should be</arg>
<arg>${a1['${element}']}</arg>
<arg>${a2['${element}']}</arg>
<doc>Runs the keyword and continues execution even if a failure occurs.</doc>
<kw name="Element Text Should Be" library="Selenium2Library">
<arg>${a1['${element}']}</arg>
<arg>${a2['${element}']}</arg>
<doc>Verifies that element ``locator`` contains exact the text ``expected``.</doc>
<msg timestamp="20221026 19:35:53.287" level="INFO">Verifying element 'xpath=//img[@alt='Kids'] ' contains exact text ''.</msg>
<status status="PASS" starttime="20221026 19:35:53.272" endtime="20221026 19:35:53.303"/>
</kw>
<status status="PASS" starttime="20221026 19:35:53.272" endtime="20221026 19:35:53.303"/>
</kw>
<kw name="Run Keyword And Continue On Failure" library="BuiltIn">
<arg>capture element screenshot</arg>
<arg>${a1['${element}']}</arg>
<doc>Runs the keyword and continues execution even if a failure occurs.</doc>
<kw name="Capture Element Screenshot" library="Selenium2Library">
<arg>${a1['${element}']}</arg>
<doc>Captures a screenshot from the element identified by ``locator`` and embeds it into log file.</doc>
<msg timestamp="20221026 19:35:53.459" level="INFO" html="true">&lt;/td&gt;&lt;/tr&gt;&lt;tr&gt;&lt;td colspan="3"&gt;&lt;a href="../Resultados/screenshots/selenium-element-screenshot-483.png"&gt;&lt;img src="../Resultados/screenshots/selenium-element-screenshot-483.png" width="400px"&gt;&lt;/a&gt;</msg>
<status status="PASS" starttime="20221026 19:35:53.303" endtime="20221026 19:35:53.459"/>
</kw>
<status status="PASS" starttime="20221026 19:35:53.303" endtime="20221026 19:35:53.459"/>
</kw>
<status status="PASS" starttime="20221026 19:35:52.960" endtime="20221026 19:35:53.459"/>
</iter>
<iter>
<var name="${element}">home_nodo_miscontenidos</var>
<kw name="Scroll Element Into View" library="Selenium2Library">
<arg>${a1['${element}']}</arg>
<doc>Scrolls the element identified by ``locator`` into view.</doc>
<status status="PASS" starttime="20221026 19:35:53.459" endtime="20221026 19:35:53.743"/>
</kw>
<kw name="Wait Until Element Is Visible" library="Selenium2Library">
<arg>${a1['${element}']}</arg>
<doc>Waits until the element ``locator`` is visible.</doc>
<status status="PASS" starttime="20221026 19:35:53.743" endtime="20221026 19:35:53.758"/>
</kw>
<kw name="Run Keyword And Continue On Failure" library="BuiltIn">
<arg>Wait Until Element is Visible</arg>
<arg>${a1['${element}']}</arg>
<doc>Runs the keyword and continues execution even if a failure occurs.</doc>
<kw name="Wait Until Element Is Visible" library="Selenium2Library">
<arg>${a1['${element}']}</arg>
<doc>Waits until the element ``locator`` is visible.</doc>
<status status="PASS" starttime="20221026 19:35:53.758" endtime="20221026 19:35:53.774"/>
</kw>
<status status="PASS" starttime="20221026 19:35:53.758" endtime="20221026 19:35:53.774"/>
</kw>
<kw name="Run Keyword And Continue On Failure" library="BuiltIn">
<arg>element text should be</arg>
<arg>${a1['${element}']}</arg>
<arg>${a2['${element}']}</arg>
<doc>Runs the keyword and continues execution even if a failure occurs.</doc>
<kw name="Element Text Should Be" library="Selenium2Library">
<arg>${a1['${element}']}</arg>
<arg>${a2['${element}']}</arg>
<doc>Verifies that element ``locator`` contains exact the text ``expected``.</doc>
<msg timestamp="20221026 19:35:53.789" level="INFO">Verifying element 'xpath=//div[contains(text(),'Mis Contenidos')] ' contains exact text 'Mis Contenidos'.</msg>
<status status="PASS" starttime="20221026 19:35:53.774" endtime="20221026 19:35:53.805"/>
</kw>
<status status="PASS" starttime="20221026 19:35:53.774" endtime="20221026 19:35:53.805"/>
</kw>
<kw name="Run Keyword And Continue On Failure" library="BuiltIn">
<arg>capture element screenshot</arg>
<arg>${a1['${element}']}</arg>
<doc>Runs the keyword and continues execution even if a failure occurs.</doc>
<kw name="Capture Element Screenshot" library="Selenium2Library">
<arg>${a1['${element}']}</arg>
<doc>Captures a screenshot from the element identified by ``locator`` and embeds it into log file.</doc>
<msg timestamp="20221026 19:35:53.926" level="INFO" html="true">&lt;/td&gt;&lt;/tr&gt;&lt;tr&gt;&lt;td colspan="3"&gt;&lt;a href="../Resultados/screenshots/selenium-element-screenshot-484.png"&gt;&lt;img src="../Resultados/screenshots/selenium-element-screenshot-484.png" width="400px"&gt;&lt;/a&gt;</msg>
<status status="PASS" starttime="20221026 19:35:53.805" endtime="20221026 19:35:53.926"/>
</kw>
<status status="PASS" starttime="20221026 19:35:53.805" endtime="20221026 19:35:53.926"/>
</kw>
<status status="PASS" starttime="20221026 19:35:53.459" endtime="20221026 19:35:53.926"/>
</iter>
<iter>
<var name="${element}">home_nodo_musica</var>
<kw name="Scroll Element Into View" library="Selenium2Library">
<arg>${a1['${element}']}</arg>
<doc>Scrolls the element identified by ``locator`` into view.</doc>
<status status="PASS" starttime="20221026 19:35:53.926" endtime="20221026 19:35:54.208"/>
</kw>
<kw name="Wait Until Element Is Visible" library="Selenium2Library">
<arg>${a1['${element}']}</arg>
<doc>Waits until the element ``locator`` is visible.</doc>
<status status="PASS" starttime="20221026 19:35:54.208" endtime="20221026 19:35:54.223"/>
</kw>
<kw name="Run Keyword And Continue On Failure" library="BuiltIn">
<arg>Wait Until Element is Visible</arg>
<arg>${a1['${element}']}</arg>
<doc>Runs the keyword and continues execution even if a failure occurs.</doc>
<kw name="Wait Until Element Is Visible" library="Selenium2Library">
<arg>${a1['${element}']}</arg>
<doc>Waits until the element ``locator`` is visible.</doc>
<status status="PASS" starttime="20221026 19:35:54.223" endtime="20221026 19:35:54.245"/>
</kw>
<status status="PASS" starttime="20221026 19:35:54.223" endtime="20221026 19:35:54.245"/>
</kw>
<kw name="Run Keyword And Continue On Failure" library="BuiltIn">
<arg>element text should be</arg>
<arg>${a1['${element}']}</arg>
<arg>${a2['${element}']}</arg>
<doc>Runs the keyword and continues execution even if a failure occurs.</doc>
<kw name="Element Text Should Be" library="Selenium2Library">
<arg>${a1['${element}']}</arg>
<arg>${a2['${element}']}</arg>
<doc>Verifies that element ``locator`` contains exact the text ``expected``.</doc>
<msg timestamp="20221026 19:35:54.245" level="INFO">Verifying element 'xpath=//img[@alt='Claro música'] ' contains exact text ''.</msg>
<status status="PASS" starttime="20221026 19:35:54.245" endtime="20221026 19:35:54.261"/>
</kw>
<status status="PASS" starttime="20221026 19:35:54.245" endtime="20221026 19:35:54.261"/>
</kw>
<kw name="Run Keyword And Continue On Failure" library="BuiltIn">
<arg>capture element screenshot</arg>
<arg>${a1['${element}']}</arg>
<doc>Runs the keyword and continues execution even if a failure occurs.</doc>
<kw name="Capture Element Screenshot" library="Selenium2Library">
<arg>${a1['${element}']}</arg>
<doc>Captures a screenshot from the element identified by ``locator`` and embeds it into log file.</doc>
<msg timestamp="20221026 19:35:54.374" level="INFO" html="true">&lt;/td&gt;&lt;/tr&gt;&lt;tr&gt;&lt;td colspan="3"&gt;&lt;a href="../Resultados/screenshots/selenium-element-screenshot-485.png"&gt;&lt;img src="../Resultados/screenshots/selenium-element-screenshot-485.png" width="400px"&gt;&lt;/a&gt;</msg>
<status status="PASS" starttime="20221026 19:35:54.261" endtime="20221026 19:35:54.375"/>
</kw>
<status status="PASS" starttime="20221026 19:35:54.261" endtime="20221026 19:35:54.375"/>
</kw>
<status status="PASS" starttime="20221026 19:35:53.926" endtime="20221026 19:35:54.375"/>
</iter>
<iter>
<var name="${element}">home_superdestacados</var>
<kw name="Scroll Element Into View" library="Selenium2Library">
<arg>${a1['${element}']}</arg>
<doc>Scrolls the element identified by ``locator`` into view.</doc>
<status status="PASS" starttime="20221026 19:35:54.375" endtime="20221026 19:35:54.663"/>
</kw>
<kw name="Wait Until Element Is Visible" library="Selenium2Library">
<arg>${a1['${element}']}</arg>
<doc>Waits until the element ``locator`` is visible.</doc>
<status status="PASS" starttime="20221026 19:35:54.663" endtime="20221026 19:35:54.678"/>
</kw>
<kw name="Run Keyword And Continue On Failure" library="BuiltIn">
<arg>Wait Until Element is Visible</arg>
<arg>${a1['${element}']}</arg>
<doc>Runs the keyword and continues execution even if a failure occurs.</doc>
<kw name="Wait Until Element Is Visible" library="Selenium2Library">
<arg>${a1['${element}']}</arg>
<doc>Waits until the element ``locator`` is visible.</doc>
<status status="PASS" starttime="20221026 19:35:54.678" endtime="20221026 19:35:54.732"/>
</kw>
<status status="PASS" starttime="20221026 19:35:54.678" endtime="20221026 19:35:54.732"/>
</kw>
<kw name="Run Keyword And Continue On Failure" library="BuiltIn">
<arg>element text should be</arg>
<arg>${a1['${element}']}</arg>
<arg>${a2['${element}']}</arg>
<doc>Runs the keyword and continues execution even if a failure occurs.</doc>
<kw name="Element Text Should Be" library="Selenium2Library">
<arg>${a1['${element}']}</arg>
<arg>${a2['${element}']}</arg>
<doc>Verifies that element ``locator`` contains exact the text ``expected``.</doc>
<msg timestamp="20221026 19:35:54.732" level="INFO">Verifying element 'xpath=//*[@class='jcarousel carousel-destacado']' contains exact text ''.</msg>
<status status="PASS" starttime="20221026 19:35:54.732" endtime="20221026 19:35:54.894"/>
</kw>
<status status="PASS" starttime="20221026 19:35:54.732" endtime="20221026 19:35:54.894"/>
</kw>
<kw name="Run Keyword And Continue On Failure" library="BuiltIn">
<arg>capture element screenshot</arg>
<arg>${a1['${element}']}</arg>
<doc>Runs the keyword and continues execution even if a failure occurs.</doc>
<kw name="Capture Element Screenshot" library="Selenium2Library">
<arg>${a1['${element}']}</arg>
<doc>Captures a screenshot from the element identified by ``locator`` and embeds it into log file.</doc>
<msg timestamp="20221026 19:35:55.238" level="INFO" html="true">&lt;/td&gt;&lt;/tr&gt;&lt;tr&gt;&lt;td colspan="3"&gt;&lt;a href="../Resultados/screenshots/selenium-element-screenshot-486.png"&gt;&lt;img src="../Resultados/screenshots/selenium-element-screenshot-486.png" width="400px"&gt;&lt;/a&gt;</msg>
<status status="PASS" starttime="20221026 19:35:54.894" endtime="20221026 19:35:55.238"/>
</kw>
<status status="PASS" starttime="20221026 19:35:54.894" endtime="20221026 19:35:55.238"/>
</kw>
<status status="PASS" starttime="20221026 19:35:54.375" endtime="20221026 19:35:55.238"/>
</iter>
<iter>
<var name="${element}">home_scroll_left_super</var>
<kw name="Scroll Element Into View" library="Selenium2Library">
<arg>${a1['${element}']}</arg>
<doc>Scrolls the element identified by ``locator`` into view.</doc>
<status status="PASS" starttime="20221026 19:35:55.239" endtime="20221026 19:35:55.513"/>
</kw>
<kw name="Wait Until Element Is Visible" library="Selenium2Library">
<arg>${a1['${element}']}</arg>
<doc>Waits until the element ``locator`` is visible.</doc>
<status status="PASS" starttime="20221026 19:35:55.513" endtime="20221026 19:35:55.533"/>
</kw>
<kw name="Run Keyword And Continue On Failure" library="BuiltIn">
<arg>Wait Until Element is Visible</arg>
<arg>${a1['${element}']}</arg>
<doc>Runs the keyword and continues execution even if a failure occurs.</doc>
<kw name="Wait Until Element Is Visible" library="Selenium2Library">
<arg>${a1['${element}']}</arg>
<doc>Waits until the element ``locator`` is visible.</doc>
<status status="PASS" starttime="20221026 19:35:55.533" endtime="20221026 19:35:55.548"/>
</kw>
<status status="PASS" starttime="20221026 19:35:55.533" endtime="20221026 19:35:55.548"/>
</kw>
<kw name="Run Keyword And Continue On Failure" library="BuiltIn">
<arg>element text should be</arg>
<arg>${a1['${element}']}</arg>
<arg>${a2['${element}']}</arg>
<doc>Runs the keyword and continues execution even if a failure occurs.</doc>
<kw name="Element Text Should Be" library="Selenium2Library">
<arg>${a1['${element}']}</arg>
<arg>${a2['${element}']}</arg>
<doc>Verifies that element ``locator`` contains exact the text ``expected``.</doc>
<msg timestamp="20221026 19:35:55.548" level="INFO">Verifying element 'xpath=//*[@class='jcarousel carousel-destacado']//div[@class='fa fa-chevron-left fa-2x']' contains exact text ''.</msg>
<status status="PASS" starttime="20221026 19:35:55.548" endtime="20221026 19:35:55.580"/>
</kw>
<status status="PASS" starttime="20221026 19:35:55.548" endtime="20221026 19:35:55.580"/>
</kw>
<kw name="Run Keyword And Continue On Failure" library="BuiltIn">
<arg>capture element screenshot</arg>
<arg>${a1['${element}']}</arg>
<doc>Runs the keyword and continues execution even if a failure occurs.</doc>
<kw name="Capture Element Screenshot" library="Selenium2Library">
<arg>${a1['${element}']}</arg>
<doc>Captures a screenshot from the element identified by ``locator`` and embeds it into log file.</doc>
<msg timestamp="20221026 19:35:55.707" level="INFO" html="true">&lt;/td&gt;&lt;/tr&gt;&lt;tr&gt;&lt;td colspan="3"&gt;&lt;a href="../Resultados/screenshots/selenium-element-screenshot-487.png"&gt;&lt;img src="../Resultados/screenshots/selenium-element-screenshot-487.png" width="400px"&gt;&lt;/a&gt;</msg>
<status status="PASS" starttime="20221026 19:35:55.580" endtime="20221026 19:35:55.707"/>
</kw>
<status status="PASS" starttime="20221026 19:35:55.580" endtime="20221026 19:35:55.707"/>
</kw>
<status status="PASS" starttime="20221026 19:35:55.238" endtime="20221026 19:35:55.707"/>
</iter>
<iter>
<var name="${element}">home_scroll_right_super</var>
<kw name="Scroll Element Into View" library="Selenium2Library">
<arg>${a1['${element}']}</arg>
<doc>Scrolls the element identified by ``locator`` into view.</doc>
<status status="PASS" starttime="20221026 19:35:55.708" endtime="20221026 19:35:55.998"/>
</kw>
<kw name="Wait Until Element Is Visible" library="Selenium2Library">
<arg>${a1['${element}']}</arg>
<doc>Waits until the element ``locator`` is visible.</doc>
<status status="PASS" starttime="20221026 19:35:55.998" endtime="20221026 19:35:56.013"/>
</kw>
<kw name="Run Keyword And Continue On Failure" library="BuiltIn">
<arg>Wait Until Element is Visible</arg>
<arg>${a1['${element}']}</arg>
<doc>Runs the keyword and continues execution even if a failure occurs.</doc>
<kw name="Wait Until Element Is Visible" library="Selenium2Library">
<arg>${a1['${element}']}</arg>
<doc>Waits until the element ``locator`` is visible.</doc>
<status status="PASS" starttime="20221026 19:35:56.013" endtime="20221026 19:35:56.035"/>
</kw>
<status status="PASS" starttime="20221026 19:35:56.013" endtime="20221026 19:35:56.035"/>
</kw>
<kw name="Run Keyword And Continue On Failure" library="BuiltIn">
<arg>element text should be</arg>
<arg>${a1['${element}']}</arg>
<arg>${a2['${element}']}</arg>
<doc>Runs the keyword and continues execution even if a failure occurs.</doc>
<kw name="Element Text Should Be" library="Selenium2Library">
<arg>${a1['${element}']}</arg>
<arg>${a2['${element}']}</arg>
<doc>Verifies that element ``locator`` contains exact the text ``expected``.</doc>
<msg timestamp="20221026 19:35:56.035" level="INFO">Verifying element 'xpath=//*[@class='jcarousel carousel-destacado']//div[@class='fa fa-chevron-right fa-2x']' contains exact text ''.</msg>
<status status="PASS" starttime="20221026 19:35:56.035" endtime="20221026 19:35:56.066"/>
</kw>
<status status="PASS" starttime="20221026 19:35:56.035" endtime="20221026 19:35:56.066"/>
</kw>
<kw name="Run Keyword And Continue On Failure" library="BuiltIn">
<arg>capture element screenshot</arg>
<arg>${a1['${element}']}</arg>
<doc>Runs the keyword and continues execution even if a failure occurs.</doc>
<kw name="Capture Element Screenshot" library="Selenium2Library">
<arg>${a1['${element}']}</arg>
<doc>Captures a screenshot from the element identified by ``locator`` and embeds it into log file.</doc>
<msg timestamp="20221026 19:35:56.189" level="INFO" html="true">&lt;/td&gt;&lt;/tr&gt;&lt;tr&gt;&lt;td colspan="3"&gt;&lt;a href="../Resultados/screenshots/selenium-element-screenshot-488.png"&gt;&lt;img src="../Resultados/screenshots/selenium-element-screenshot-488.png" width="400px"&gt;&lt;/a&gt;</msg>
<status status="PASS" starttime="20221026 19:35:56.066" endtime="20221026 19:35:56.189"/>
</kw>
<status status="PASS" starttime="20221026 19:35:56.066" endtime="20221026 19:35:56.189"/>
</kw>
<status status="PASS" starttime="20221026 19:35:55.708" endtime="20221026 19:35:56.189"/>
</iter>
<iter>
<var name="${element}">home_recomienda</var>
<kw name="Scroll Element Into View" library="Selenium2Library">
<arg>${a1['${element}']}</arg>
<doc>Scrolls the element identified by ``locator`` into view.</doc>
<status status="PASS" starttime="20221026 19:35:56.190" endtime="20221026 19:35:56.469"/>
</kw>
<kw name="Wait Until Element Is Visible" library="Selenium2Library">
<arg>${a1['${element}']}</arg>
<doc>Waits until the element ``locator`` is visible.</doc>
<status status="PASS" starttime="20221026 19:35:56.469" endtime="20221026 19:35:56.484"/>
</kw>
<kw name="Run Keyword And Continue On Failure" library="BuiltIn">
<arg>Wait Until Element is Visible</arg>
<arg>${a1['${element}']}</arg>
<doc>Runs the keyword and continues execution even if a failure occurs.</doc>
<kw name="Wait Until Element Is Visible" library="Selenium2Library">
<arg>${a1['${element}']}</arg>
<doc>Waits until the element ``locator`` is visible.</doc>
<status status="PASS" starttime="20221026 19:35:56.484" endtime="20221026 19:35:56.499"/>
</kw>
<status status="PASS" starttime="20221026 19:35:56.484" endtime="20221026 19:35:56.499"/>
</kw>
<kw name="Run Keyword And Continue On Failure" library="BuiltIn">
<arg>element text should be</arg>
<arg>${a1['${element}']}</arg>
<arg>${a2['${element}']}</arg>
<doc>Runs the keyword and continues execution even if a failure occurs.</doc>
<kw name="Element Text Should Be" library="Selenium2Library">
<arg>${a1['${element}']}</arg>
<arg>${a2['${element}']}</arg>
<doc>Verifies that element ``locator`` contains exact the text ``expected``.</doc>
<msg timestamp="20221026 19:35:56.515" level="INFO">Verifying element 'xpath=//div[contains(@class, 'pull-left') and contains(., 'Claro video te recomienda')] ' contains exact text 'Claro video te recomienda'.</msg>
<status status="PASS" starttime="20221026 19:35:56.499" endtime="20221026 19:35:56.537"/>
</kw>
<status status="PASS" starttime="20221026 19:35:56.499" endtime="20221026 19:35:56.537"/>
</kw>
<kw name="Run Keyword And Continue On Failure" library="BuiltIn">
<arg>capture element screenshot</arg>
<arg>${a1['${element}']}</arg>
<doc>Runs the keyword and continues execution even if a failure occurs.</doc>
<kw name="Capture Element Screenshot" library="Selenium2Library">
<arg>${a1['${element}']}</arg>
<doc>Captures a screenshot from the element identified by ``locator`` and embeds it into log file.</doc>
<msg timestamp="20221026 19:35:56.658" level="INFO" html="true">&lt;/td&gt;&lt;/tr&gt;&lt;tr&gt;&lt;td colspan="3"&gt;&lt;a href="../Resultados/screenshots/selenium-element-screenshot-489.png"&gt;&lt;img src="../Resultados/screenshots/selenium-element-screenshot-489.png" width="400px"&gt;&lt;/a&gt;</msg>
<status status="PASS" starttime="20221026 19:35:56.537" endtime="20221026 19:35:56.658"/>
</kw>
<status status="PASS" starttime="20221026 19:35:56.537" endtime="20221026 19:35:56.658"/>
</kw>
<status status="PASS" starttime="20221026 19:35:56.189" endtime="20221026 19:35:56.658"/>
</iter>
<iter>
<var name="${element}">home_carrusel_recomienda</var>
<kw name="Scroll Element Into View" library="Selenium2Library">
<arg>${a1['${element}']}</arg>
<doc>Scrolls the element identified by ``locator`` into view.</doc>
<msg timestamp="20221026 19:35:57.138" level="INFO" html="true">&lt;/td&gt;&lt;/tr&gt;&lt;tr&gt;&lt;td colspan="3"&gt;&lt;a href="../Resultados/screenshots/selenium-screenshot-196.png"&gt;&lt;img src="../Resultados/screenshots/selenium-screenshot-196.png" width="800px"&gt;&lt;/a&gt;</msg>
<msg timestamp="20221026 19:35:57.138" level="FAIL">ElementNotInteractableException: Message: element not interactable: [object HTMLScriptElement] has no size and location
  (Session info: chrome=106.0.5249.119)
Stacktrace:
Backtrace:
	Ordinal0 [0x00ACDF13+2219795]
	Ordinal0 [0x00A62841+1779777]
	Ordinal0 [0x0097423D+803389]
	Ordinal0 [0x00976D04+814340]
	Ordinal0 [0x00976BC2+814018]
	Ordinal0 [0x00976E50+814672]
	Ordinal0 [0x009A8DB1+1019313]
	Ordinal0 [0x009A8446+1016902]
	Ordinal0 [0x009D6C08+1207304]
	Ordinal0 [0x009BE7FC+1107964]
	Ordinal0 [0x009CF192+1175954]
	Ordinal0 [0x009BE616+1107478]
	Ordinal0 [0x00997F89+950153]
	Ordinal0 [0x00998F56+954198]
	GetHandleVerifier [0x00DC2CB2+3040210]
	GetHandleVerifier [0x00DB2BB4+2974420]
	GetHandleVerifier [0x00B66A0A+565546]
	GetHandleVerifier [0x00B65680+560544]
	Ordinal0 [0x00A69A5C+1808988]
	Ordinal0 [0x00A6E3A8+1827752]
	Ordinal0 [0x00A6E495+1827989]
	Ordinal0 [0x00A780A4+1867940]
	BaseThreadInitThunk [0x7587FA29+25]
	RtlGetAppContainerNamedObjectPath [0x77027BBE+286]
	RtlGetAppContainerNamedObjectPath [0x77027B8E+238]
</msg>
<status status="FAIL" starttime="20221026 19:35:56.658" endtime="20221026 19:35:57.217"/>
</kw>
<kw name="Wait Until Element Is Visible" library="Selenium2Library">
<arg>${a1['${element}']}</arg>
<doc>Waits until the element ``locator`` is visible.</doc>
<status status="NOT RUN" starttime="20221026 19:35:57.217" endtime="20221026 19:35:57.217"/>
</kw>
<kw name="Run Keyword And Continue On Failure" library="BuiltIn">
<arg>Wait Until Element is Visible</arg>
<arg>${a1['${element}']}</arg>
<doc>Runs the keyword and continues execution even if a failure occurs.</doc>
<status status="NOT RUN" starttime="20221026 19:35:57.217" endtime="20221026 19:35:57.217"/>
</kw>
<kw name="Run Keyword And Continue On Failure" library="BuiltIn">
<arg>element text should be</arg>
<arg>${a1['${element}']}</arg>
<arg>${a2['${element}']}</arg>
<doc>Runs the keyword and continues execution even if a failure occurs.</doc>
<status status="NOT RUN" starttime="20221026 19:35:57.217" endtime="20221026 19:35:57.217"/>
</kw>
<kw name="Run Keyword And Continue On Failure" library="BuiltIn">
<arg>capture element screenshot</arg>
<arg>${a1['${element}']}</arg>
<doc>Runs the keyword and continues execution even if a failure occurs.</doc>
<status status="NOT RUN" starttime="20221026 19:35:57.217" endtime="20221026 19:35:57.217"/>
</kw>
<status status="FAIL" starttime="20221026 19:35:56.658" endtime="20221026 19:35:57.217"/>
</iter>
<status status="FAIL" starttime="20221026 19:35:48.149" endtime="20221026 19:35:57.217"/>
</for>
<status status="FAIL" starttime="20221026 19:35:48.149" endtime="20221026 19:35:57.217"/>
</kw>
<kw name="-CERRAR TODOS LOS NAVEGADORES-" library="libraries_keywords">
<status status="NOT RUN" starttime="20221026 19:35:57.217" endtime="20221026 19:35:57.217"/>
</kw>
<kw name="-TERMINAR CONFIGURACIÓN TESTCASE-" library="libraries_keywords" type="TEARDOWN">
<kw name="Capture Page Screenshot" library="Selenium2Library">
<doc>Takes a screenshot of the current page and embeds it into a log file.</doc>
<msg timestamp="20221026 19:35:57.740" level="INFO" html="true">&lt;/td&gt;&lt;/tr&gt;&lt;tr&gt;&lt;td colspan="3"&gt;&lt;a href="../Resultados/screenshots/selenium-screenshot-197.png"&gt;&lt;img src="../Resultados/screenshots/selenium-screenshot-197.png" width="800px"&gt;&lt;/a&gt;</msg>
<status status="PASS" starttime="20221026 19:35:57.217" endtime="20221026 19:35:57.740"/>
</kw>
<status status="PASS" starttime="20221026 19:35:57.217" endtime="20221026 19:35:57.740"/>
</kw>
<status status="FAIL" starttime="20221026 19:34:20.960" endtime="20221026 19:35:57.740">ElementNotInteractableException: Message: element not interactable: [object HTMLScriptElement] has no size and location
  (Session info: chrome=106.0.5249.119)
Stacktrace:
Backtrace:
	Ordinal0 [0x00ACDF13+2219795]
	Ordinal0 [0x00A62841+1779777]
	Ordinal0 [0x0097423D+803389]
	Ordinal0 [0x00976D04+814340]
	Ordinal0 [0x00976BC2+814018]
	Ordinal0 [0x00976E50+814672]
	Ordinal0 [0x009A8DB1+1019313]
	Ordinal0 [0x009A8446+1016902]
	Ordinal0 [0x009D6C08+1207304]
	Ordinal0 [0x009BE7FC+1107964]
	Ordinal0 [0x009CF192+1175954]
	Ordinal0 [0x009BE616+1107478]
	Ordinal0 [0x00997F89+950153]
	Ordinal0 [0x00998F56+954198]
	GetHandleVerifier [0x00DC2CB2+3040210]
	GetHandleVerifier [0x00DB2BB4+2974420]
	GetHandleVerifier [0x00B66A0A+565546]
	GetHandleVerifier [0x00B65680+560544]
	Ordinal0 [0x00A69A5C+1808988]
	Ordinal0 [0x00A6E3A8+1827752]
	Ordinal0 [0x00A6E495+1827989]
	Ordinal0 [0x00A780A4+1867940]
	BaseThreadInitThunk [0x7587FA29+25]
	RtlGetAppContainerNamedObjectPath [0x77027BBE+286]
	RtlGetAppContainerNamedObjectPath [0x77027B8E+238]
</status>
</test>
<test id="s1-t2" name="CV-WEB-SEARCH CANALES NO EXISTENTES" line="45">
<kw name="-CONFIGURACIÓN TESTCASE-" library="libraries_keywords" type="SETUP">
<kw name="-CONFIGURAR DIRECTORIO SCREENSHOTS-" library="libraries_keywords">
<kw name="Set Screenshot Directory" library="Selenium2Library">
<arg>${screenshots-folder}</arg>
<doc>Sets the directory for captured screenshots.</doc>
<status status="PASS" starttime="20221026 19:35:57.740" endtime="20221026 19:35:57.740"/>
</kw>
<status status="PASS" starttime="20221026 19:35:57.740" endtime="20221026 19:35:57.740"/>
</kw>
<status status="PASS" starttime="20221026 19:35:57.740" endtime="20221026 19:35:57.740"/>
</kw>
<kw name="-ABRIR LOGIN PAGE-" library="tests_keywords">
<kw name="Open Browser" library="Selenium2Library">
<arg>${url_login_page}</arg>
<arg>${browser}</arg>
<doc>Opens a new browser instance to the optional ``url``.</doc>
<msg timestamp="20221026 19:35:57.740" level="INFO">Opening browser 'Chrome' to base url 'https://www.clarovideo.com/mexico/login'.</msg>
<status status="PASS" starttime="20221026 19:35:57.740" endtime="20221026 19:36:04.286"/>
</kw>
<kw name="Set Window Size" library="Selenium2Library">
<arg>1600</arg>
<arg>1600</arg>
<doc>Sets current windows size to given ``width`` and ``height``.</doc>
<status status="PASS" starttime="20221026 19:36:04.287" endtime="20221026 19:36:04.412"/>
</kw>
<status status="PASS" starttime="20221026 19:35:57.740" endtime="20221026 19:36:04.412"/>
</kw>
<kw name="-INGRESAR EMAIL PARA LOGIN-" library="tests_keywords">
<arg>${email_valido}</arg>
<kw name="Wait Until Element Is Visible" library="Selenium2Library">
<arg>${elementos_login_email['reg_emailtextbox']}</arg>
<doc>Waits until the element ``locator`` is visible.</doc>
<status status="PASS" starttime="20221026 19:36:04.412" endtime="20221026 19:36:06.967"/>
</kw>
<kw name="Input Text" library="Selenium2Library">
<arg>${elementos_login_email['reg_emailtextbox']}</arg>
<arg>${email}</arg>
<doc>Types the given ``text`` into the text field identified by ``locator``.</doc>
<msg timestamp="20221026 19:36:06.967" level="INFO">Typing text 's_tamezaa@globalhitss.com' into text field 'xpath=//input[@id="emailLogin"]'.</msg>
<status status="PASS" starttime="20221026 19:36:06.967" endtime="20221026 19:36:07.145"/>
</kw>
<kw name="Click Button" library="Selenium2Library">
<arg>${elementos_login_email['log_siguiente']}</arg>
<doc>Clicks the button identified by ``locator``.</doc>
<msg timestamp="20221026 19:36:07.148" level="INFO">Clicking button 'xpath=//button[@id="submitEmail"]'.</msg>
<status status="PASS" starttime="20221026 19:36:07.146" endtime="20221026 19:36:07.291"/>
</kw>
<status status="PASS" starttime="20221026 19:36:04.412" endtime="20221026 19:36:07.291"/>
</kw>
<kw name="-INGRESAR PASSWORD PARA LOGIN-" library="tests_keywords">
<arg>${pass_valido}</arg>
<kw name="Wait Until Element Is Visible" library="Selenium2Library">
<arg>${elementos_login_pass['reg_pass_passtextbox']}</arg>
<doc>Waits until the element ``locator`` is visible.</doc>
<status status="PASS" starttime="20221026 19:36:07.294" endtime="20221026 19:36:09.047"/>
</kw>
<kw name="Input Text" library="Selenium2Library">
<arg>${elementos_login_pass['reg_pass_passtextbox']}</arg>
<arg>${password}</arg>
<doc>Types the given ``text`` into the text field identified by ``locator``.</doc>
<msg timestamp="20221026 19:36:09.049" level="INFO">Typing text 'Claro123!' into text field 'xpath=//input[@id="password"]'.</msg>
<status status="PASS" starttime="20221026 19:36:09.047" endtime="20221026 19:36:09.150"/>
</kw>
<kw name="Click Button" library="Selenium2Library">
<arg>${elementos_login_pass['log_pass_siguiente']}</arg>
<doc>Clicks the button identified by ``locator``.</doc>
<msg timestamp="20221026 19:36:09.151" level="INFO">Clicking button 'xpath=//button[@id="submitPassword"]'.</msg>
<status status="PASS" starttime="20221026 19:36:09.150" endtime="20221026 19:36:09.231"/>
</kw>
<status status="PASS" starttime="20221026 19:36:07.293" endtime="20221026 19:36:09.231"/>
</kw>
<kw name="-CLICK ELEMENTO-" library="tests_keywords">
<arg>${elementos_profile_page['selectProfile_1_image']}</arg>
<kw name="Wait Until Element Is Visible" library="Selenium2Library">
<arg>${elemento}</arg>
<doc>Waits until the element ``locator`` is visible.</doc>
<status status="PASS" starttime="20221026 19:36:09.233" endtime="20221026 19:36:26.550"/>
</kw>
<kw name="Click Element" library="Selenium2Library">
<arg>${elemento}</arg>
<doc>Click the element identified by ``locator``.</doc>
<msg timestamp="20221026 19:36:26.567" level="INFO">Clicking element 'xpath=//body/div[@id='app']/div/div[contains(@class,'wrap')]/div/div[contains(@class,'profile-container-admin')]/div[contains(@class,'undefined profile-container')]/div[contains(@class,'profile-container-body')]/div/div[contains(@class,'image-grid-container')]/div[1]'.</msg>
<status status="PASS" starttime="20221026 19:36:26.566" endtime="20221026 19:36:26.631"/>
</kw>
<status status="PASS" starttime="20221026 19:36:09.232" endtime="20221026 19:36:26.631"/>
</kw>
<kw name="-CLICK ELEMENTO-" library="tests_keywords">
<arg>${Elementos_Search['buscador']}</arg>
<kw name="Wait Until Element Is Visible" library="Selenium2Library">
<arg>${elemento}</arg>
<doc>Waits until the element ``locator`` is visible.</doc>
<msg timestamp="20221026 19:36:47.029" level="INFO" html="true">&lt;/td&gt;&lt;/tr&gt;&lt;tr&gt;&lt;td colspan="3"&gt;&lt;a href="../Resultados/screenshots/selenium-screenshot-198.png"&gt;&lt;img src="../Resultados/screenshots/selenium-screenshot-198.png" width="800px"&gt;&lt;/a&gt;</msg>
<msg timestamp="20221026 19:36:47.029" level="FAIL">Element 'xpath=//input[@placeholder="Buscar"]' not visible after 5 seconds.</msg>
<status status="FAIL" starttime="20221026 19:36:26.635" endtime="20221026 19:36:47.029"/>
</kw>
<kw name="Click Element" library="Selenium2Library">
<arg>${elemento}</arg>
<doc>Click the element identified by ``locator``.</doc>
<status status="NOT RUN" starttime="20221026 19:36:47.029" endtime="20221026 19:36:47.029"/>
</kw>
<status status="FAIL" starttime="20221026 19:36:26.631" endtime="20221026 19:36:47.029"/>
</kw>
<kw name="-INGRESAR TEXTO PARA SEARCH-" library="tests_keywords">
<arg>${Elementos_Search['buscador']}</arg>
<arg>${Canal fake}</arg>
<status status="NOT RUN" starttime="20221026 19:36:47.029" endtime="20221026 19:36:47.029"/>
</kw>
<kw name="-CERRAR TODOS LOS NAVEGADORES-" library="libraries_keywords">
<status status="NOT RUN" starttime="20221026 19:36:47.029" endtime="20221026 19:36:47.029"/>
</kw>
<kw name="-TERMINAR CONFIGURACIÓN TESTCASE-" library="libraries_keywords" type="TEARDOWN">
<kw name="Capture Page Screenshot" library="Selenium2Library">
<doc>Takes a screenshot of the current page and embeds it into a log file.</doc>
<msg timestamp="20221026 19:36:47.145" level="INFO" html="true">&lt;/td&gt;&lt;/tr&gt;&lt;tr&gt;&lt;td colspan="3"&gt;&lt;a href="../Resultados/screenshots/selenium-screenshot-199.png"&gt;&lt;img src="../Resultados/screenshots/selenium-screenshot-199.png" width="800px"&gt;&lt;/a&gt;</msg>
<status status="PASS" starttime="20221026 19:36:47.029" endtime="20221026 19:36:47.145"/>
</kw>
<status status="PASS" starttime="20221026 19:36:47.029" endtime="20221026 19:36:47.145"/>
</kw>
<status status="FAIL" starttime="20221026 19:35:57.740" endtime="20221026 19:36:47.145">Element 'xpath=//input[@placeholder="Buscar"]' not visible after 5 seconds.</status>
</test>
<kw name="-TERMINAR CONFIGURACIÓN SUITETEST-" library="libraries_keywords" type="TEARDOWN">
<kw name="-DESCARGAR SESION CHARLES-" library="libraries_keywords">
<kw name="Sleep" library="BuiltIn">
<arg>1</arg>
<doc>Pauses the test executed for the given time.</doc>
<msg timestamp="20221026 19:36:48.147" level="INFO">Slept 1 second</msg>
<status status="PASS" starttime="20221026 19:36:47.145" endtime="20221026 19:36:48.147"/>
</kw>
<status status="PASS" starttime="20221026 19:36:47.145" endtime="20221026 19:36:48.147"/>
</kw>
<kw name="-DETENER GRABACION CHARLES-" library="libraries_keywords">
<kw name="Sleep" library="BuiltIn">
<arg>1</arg>
<doc>Pauses the test executed for the given time.</doc>
<msg timestamp="20221026 19:36:49.154" level="INFO">Slept 1 second</msg>
<status status="PASS" starttime="20221026 19:36:48.147" endtime="20221026 19:36:49.154"/>
</kw>
<status status="PASS" starttime="20221026 19:36:48.147" endtime="20221026 19:36:49.154"/>
</kw>
<kw name="Capture Page Screenshot" library="Selenium2Library">
<doc>Takes a screenshot of the current page and embeds it into a log file.</doc>
<msg timestamp="20221026 19:36:49.259" level="INFO" html="true">&lt;/td&gt;&lt;/tr&gt;&lt;tr&gt;&lt;td colspan="3"&gt;&lt;a href="../Resultados/screenshots/selenium-screenshot-200.png"&gt;&lt;img src="../Resultados/screenshots/selenium-screenshot-200.png" width="800px"&gt;&lt;/a&gt;</msg>
<status status="PASS" starttime="20221026 19:36:49.154" endtime="20221026 19:36:49.259"/>
</kw>
<kw name="-CERRAR TODOS LOS NAVEGADORES-" library="libraries_keywords">
<kw name="Close All Browsers" library="Selenium2Library">
<doc>Closes all open browsers and resets the browser cache.</doc>
<status status="PASS" starttime="20221026 19:36:49.259" endtime="20221026 19:36:53.837"/>
</kw>
<status status="PASS" starttime="20221026 19:36:49.259" endtime="20221026 19:36:53.837"/>
</kw>
<kw name="-CERRAR CHARLES-" library="libraries_keywords">
<kw name="Sleep" library="BuiltIn">
<arg>1</arg>
<doc>Pauses the test executed for the given time.</doc>
<msg timestamp="20221026 19:36:54.844" level="INFO">Slept 1 second</msg>
<status status="PASS" starttime="20221026 19:36:53.837" endtime="20221026 19:36:54.844"/>
</kw>
<status status="PASS" starttime="20221026 19:36:53.837" endtime="20221026 19:36:54.844"/>
</kw>
<status status="PASS" starttime="20221026 19:36:47.145" endtime="20221026 19:36:54.844"/>
</kw>
<doc>MÉXICO- suitetest Regression (NA)</doc>
<status status="FAIL" starttime="20221026 19:34:18.644" endtime="20221026 19:36:54.844"/>
</suite>
<statistics>
<total>
<stat pass="0" fail="2" skip="0">All Tests</stat>
</total>
<tag>
</tag>
<suite>
<stat pass="0" fail="2" skip="0" id="s1" name="CV-MX-WEB-NA">CV-MX-WEB-NA</stat>
</suite>
</statistics>
<errors>
<msg timestamp="20221026 19:34:18.945" level="ERROR">Error in file 'C:\Users\Hitss\Desktop\ATMWEB\qc-web-mx\resources\common_functionalities\libraries_keywords.robot' on line 10: Importing library 'ExcelLibrary' failed: ModuleNotFoundError: No module named 'ExcelLibrary'
Traceback (most recent call last):
  None
PYTHONPATH:
  C:\Users\Hitss\AppData\Local\Programs\Python\Python39\Scripts\robot.exe
  C:\Users\Hitss\AppData\Local\Programs\Python\Python39\python39.zip
  C:\Users\Hitss\AppData\Local\Programs\Python\Python39\DLLs
  C:\Users\Hitss\AppData\Local\Programs\Python\Python39\lib
  C:\Users\Hitss\AppData\Local\Programs\Python\Python39
  C:\Users\Hitss\AppData\Local\Programs\Python\Python39\lib\site-packages</msg>
</errors>
</robot>
