<?xml version="1.0" encoding="UTF-8"?>
<robot generator="Robot 5.0 (Python 3.6.9 on linux)" generated="20220526 17:29:49.687" rpa="false" schemaversion="3">
<suite id="s1" name="Tester" source="/home/usr_admin/auto_qc/web_auto/QC-WEB-MX/testCases/tester.robot">
<kw name="-CONFIGURACIÓN INICIAL SUITETEST-" library="libraries_keywords" type="SETUP">
<kw name="-ABRIR CHARLES-" library="libraries_keywords">
<kw name="Start Charles Proxy In Headless Mode" library="charles_library">
<status status="PASS" starttime="20220526 17:29:50.120" endtime="20220526 17:29:54.127"/>
</kw>
<kw name="Sleep" library="BuiltIn">
<arg>4</arg>
<doc>Pauses the test executed for the given time.</doc>
<msg timestamp="20220526 17:29:58.130" level="INFO">Slept 4 seconds</msg>
<status status="PASS" starttime="20220526 17:29:54.128" endtime="20220526 17:29:58.130"/>
</kw>
<status status="PASS" starttime="20220526 17:29:50.119" endtime="20220526 17:29:58.130"/>
</kw>
<kw name="-INICIAR GRABACION CHARLES-" library="libraries_keywords">
<kw name="Start Charles Proxy Session Recording" library="charles_library">
<status status="PASS" starttime="20220526 17:29:58.131" endtime="20220526 17:29:58.163"/>
</kw>
<status status="PASS" starttime="20220526 17:29:58.131" endtime="20220526 17:29:58.163"/>
</kw>
<status status="PASS" starttime="20220526 17:29:50.119" endtime="20220526 17:29:58.163"/>
</kw>
<test id="s1-t1" name="CV-WEB-ACCESO-VALIDAR LOGOUT" line="11">
<kw name="-CONFIGURACIÓN TESTCASE-" library="libraries_keywords" type="SETUP">
<kw name="-CONFIGURAR DIRECTORIO SCREENSHOTS-" library="libraries_keywords">
<kw name="Set Screenshot Directory" library="Selenium2Library">
<arg>${screenshots-folder}</arg>
<doc>Sets the directory for captured screenshots.</doc>
<status status="PASS" starttime="20220526 17:29:58.169" endtime="20220526 17:29:58.169"/>
</kw>
<status status="PASS" starttime="20220526 17:29:58.168" endtime="20220526 17:29:58.170"/>
</kw>
<status status="PASS" starttime="20220526 17:29:58.168" endtime="20220526 17:29:58.170"/>
</kw>
<kw name="-LOGIN HOME CV-" library="tests_keywords">
<arg>${email_valido}</arg>
<arg>${pass_valido}</arg>
<kw name="-ABRIR LOGIN PAGE-" library="tests_keywords">
<kw name="Open Browser" library="Selenium2Library">
<arg>${url_login_page}</arg>
<arg>${browser}</arg>
<doc>Opens a new browser instance to the optional ``url``.</doc>
<msg timestamp="20220526 17:29:58.172" level="INFO">Opening browser 'headlesschrome' to base url 'https://www.clarovideo.com/mexico/login'.</msg>
<msg timestamp="20220526 17:29:58.176" level="INFO">Cannot capture screenshot because no browser is open.</msg>
<msg timestamp="20220526 17:29:58.178" level="FAIL">OSError: [Errno 8] Exec format error: 'chromedriver'</msg>
<status status="FAIL" starttime="20220526 17:29:58.171" endtime="20220526 17:29:58.180"/>
</kw>
<status status="FAIL" starttime="20220526 17:29:58.171" endtime="20220526 17:29:58.181"/>
</kw>
<kw name="-INGRESAR EMAIL PARA LOGIN-" library="tests_keywords">
<arg>${email}</arg>
<status status="NOT RUN" starttime="20220526 17:29:58.182" endtime="20220526 17:29:58.182"/>
</kw>
<kw name="-INGRESAR PASSWORD PARA LOGIN-" library="tests_keywords">
<arg>${password}</arg>
<status status="NOT RUN" starttime="20220526 17:29:58.182" endtime="20220526 17:29:58.182"/>
</kw>
<kw name="Sleep" library="BuiltIn">
<arg>20</arg>
<doc>Pauses the test executed for the given time.</doc>
<status status="NOT RUN" starttime="20220526 17:29:58.183" endtime="20220526 17:29:58.183"/>
</kw>
<kw name="-CLICK IMAGEN DE PERFIL-" library="tests_keywords">
<status status="NOT RUN" starttime="20220526 17:29:58.183" endtime="20220526 17:29:58.184"/>
</kw>
<kw name="-VALIDAR CARGA HOME-" library="tests_keywords">
<status status="NOT RUN" starttime="20220526 17:29:58.184" endtime="20220526 17:29:58.185"/>
</kw>
<status status="FAIL" starttime="20220526 17:29:58.170" endtime="20220526 17:29:58.185"/>
</kw>
<kw name="-LOGOUT HOME CV-" library="tests_keywords">
<status status="NOT RUN" starttime="20220526 17:29:58.186" endtime="20220526 17:29:58.186"/>
</kw>
<kw name="-TERMINAR CONFIGURACIÓN TESTCASE-" library="libraries_keywords" type="TEARDOWN">
<kw name="Capture Page Screenshot" library="Selenium2Library">
<doc>Takes a screenshot of the current page and embeds it into a log file.</doc>
<msg timestamp="20220526 17:29:58.188" level="INFO">Cannot capture screenshot because no browser is open.</msg>
<status status="PASS" starttime="20220526 17:29:58.187" endtime="20220526 17:29:58.188"/>
</kw>
<status status="PASS" starttime="20220526 17:29:58.187" endtime="20220526 17:29:58.188"/>
</kw>
<tag>test_funcional</tag>
<status status="FAIL" starttime="20220526 17:29:58.164" endtime="20220526 17:29:58.188">OSError: [Errno 8] Exec format error: 'chromedriver'</status>
</test>
<test id="s1-t2" name="CV-WEB-NAVEGACION-VALIDAR ELEMENTOS REGISTER PAGE" line="21">
<kw name="-CONFIGURACIÓN TESTCASE-" library="libraries_keywords" type="SETUP">
<kw name="-CONFIGURAR DIRECTORIO SCREENSHOTS-" library="libraries_keywords">
<kw name="Set Screenshot Directory" library="Selenium2Library">
<arg>${screenshots-folder}</arg>
<doc>Sets the directory for captured screenshots.</doc>
<status status="PASS" starttime="20220526 17:29:58.191" endtime="20220526 17:29:58.192"/>
</kw>
<status status="PASS" starttime="20220526 17:29:58.190" endtime="20220526 17:29:58.192"/>
</kw>
<status status="PASS" starttime="20220526 17:29:58.190" endtime="20220526 17:29:58.192"/>
</kw>
<kw name="-ABRIR REGISTER PAGE-" library="tests_keywords">
<kw name="Open Browser" library="Selenium2Library">
<arg>${url_register_page}</arg>
<arg>${browser}</arg>
<doc>Opens a new browser instance to the optional ``url``.</doc>
<msg timestamp="20220526 17:29:58.193" level="INFO">Opening browser 'headlesschrome' to base url 'https://www.clarovideo.com/mexico/register'.</msg>
<msg timestamp="20220526 17:29:58.197" level="INFO">Cannot capture screenshot because no browser is open.</msg>
<msg timestamp="20220526 17:29:58.198" level="FAIL">OSError: [Errno 8] Exec format error: 'chromedriver'</msg>
<status status="FAIL" starttime="20220526 17:29:58.193" endtime="20220526 17:29:58.198"/>
</kw>
<status status="FAIL" starttime="20220526 17:29:58.192" endtime="20220526 17:29:58.200"/>
</kw>
<kw name="-VALIDAR TEXTOS Y ELEMENTOS-" library="libraries_keywords">
<arg>${elementos_register_page}</arg>
<arg>${textos_register_page}</arg>
<status status="NOT RUN" starttime="20220526 17:29:58.200" endtime="20220526 17:29:58.201"/>
</kw>
<kw name="-INGRESAR EMAIL PARA REGISTRO-" library="tests_keywords">
<arg>${EMAIL_RANDOM_PYTHON}</arg>
<status status="NOT RUN" starttime="20220526 17:29:58.201" endtime="20220526 17:29:58.201"/>
</kw>
<kw name="-VALIDAR TEXTOS Y ELEMENTOS-" library="libraries_keywords">
<arg>${elementos_register_page_pass}</arg>
<arg>${textos_elementos_register_page_pass}</arg>
<status status="NOT RUN" starttime="20220526 17:29:58.201" endtime="20220526 17:29:58.201"/>
</kw>
<kw name="-INGRESAR PASSWORD PARA REGISTRO-" library="tests_keywords">
<arg>${pass_valido_registro}</arg>
<status status="NOT RUN" starttime="20220526 17:29:58.201" endtime="20220526 17:29:58.201"/>
</kw>
<kw name="-TERMINAR CONFIGURACIÓN TESTCASE-" library="libraries_keywords" type="TEARDOWN">
<kw name="Capture Page Screenshot" library="Selenium2Library">
<doc>Takes a screenshot of the current page and embeds it into a log file.</doc>
<msg timestamp="20220526 17:29:58.203" level="INFO">Cannot capture screenshot because no browser is open.</msg>
<status status="PASS" starttime="20220526 17:29:58.203" endtime="20220526 17:29:58.203"/>
</kw>
<status status="PASS" starttime="20220526 17:29:58.202" endtime="20220526 17:29:58.203"/>
</kw>
<tag>test_Nofuncional</tag>
<status status="FAIL" starttime="20220526 17:29:58.189" endtime="20220526 17:29:58.204">OSError: [Errno 8] Exec format error: 'chromedriver'</status>
</test>
<kw name="-TERMINAR CONFIGURACIÓN SUITETEST-" library="libraries_keywords" type="TEARDOWN">
<kw name="-DESCARGAR SESION CHARLES-" library="libraries_keywords">
<kw name="Download Charles Proxy Session Recording" library="charles_library">
<status status="PASS" starttime="20220526 17:29:58.206" endtime="20220526 17:29:58.272"/>
</kw>
<status status="PASS" starttime="20220526 17:29:58.205" endtime="20220526 17:29:58.273"/>
</kw>
<kw name="-DETENER GRABACION CHARLES-" library="libraries_keywords">
<kw name="Stop Charles Proxy Session Recording" library="charles_library">
<status status="PASS" starttime="20220526 17:29:58.275" endtime="20220526 17:29:58.295"/>
</kw>
<status status="PASS" starttime="20220526 17:29:58.274" endtime="20220526 17:29:58.296"/>
</kw>
<kw name="-CERRAR TODOS LOS NAVEGADORES-" library="libraries_keywords">
<kw name="Close All Browsers" library="Selenium2Library">
<doc>Closes all open browsers and resets the browser cache.</doc>
<status status="PASS" starttime="20220526 17:29:58.297" endtime="20220526 17:29:58.297"/>
</kw>
<status status="PASS" starttime="20220526 17:29:58.296" endtime="20220526 17:29:58.298"/>
</kw>
<kw name="-CERRAR CHARLES-" library="libraries_keywords">
<kw name="Terminate All Charles Proxy Sessions" library="charles_library">
<status status="PASS" starttime="20220526 17:29:58.298" endtime="20220526 17:29:58.311"/>
</kw>
<status status="PASS" starttime="20220526 17:29:58.298" endtime="20220526 17:29:58.312"/>
</kw>
<status status="PASS" starttime="20220526 17:29:58.205" endtime="20220526 17:29:58.312"/>
</kw>
<doc>tester, archivo para probar cambios</doc>
<status status="FAIL" starttime="20220526 17:29:49.688" endtime="20220526 17:29:58.312"/>
</suite>
<statistics>
<total>
<stat pass="0" fail="2" skip="0">All Tests</stat>
</total>
<tag>
<stat pass="0" fail="1" skip="0">test_funcional</stat>
<stat pass="0" fail="1" skip="0">test_Nofuncional</stat>
</tag>
<suite>
<stat pass="0" fail="2" skip="0" id="s1" name="Tester">Tester</stat>
</suite>
</statistics>
<errors>
</errors>
</robot>
