<?xml version="1.0" encoding="UTF-8"?>
<robot generator="Robot 5.0 (Python 3.6.9 on linux)" generated="20220530 15:43:52.728" rpa="false" schemaversion="3">
<suite id="s1" name="Tester" source="/home/usr_admin/auto_qc/web_auto/QC-WEB-MX/testCases/tester.robot">
<kw name="-CONFIGURACIÓN INICIAL SUITETEST-" library="libraries_keywords" type="SETUP">
<kw name="-ABRIR CHARLES-" library="libraries_keywords">
<kw name="Start Charles Proxy In Headless Mode" library="charles_library">
<status status="PASS" starttime="20220530 15:43:53.144" endtime="20220530 15:43:57.151"/>
</kw>
<kw name="Sleep" library="BuiltIn">
<arg>4</arg>
<doc>Pauses the test executed for the given time.</doc>
<msg timestamp="20220530 15:44:01.153" level="INFO">Slept 4 seconds</msg>
<status status="PASS" starttime="20220530 15:43:57.152" endtime="20220530 15:44:01.153"/>
</kw>
<status status="PASS" starttime="20220530 15:43:53.144" endtime="20220530 15:44:01.153"/>
</kw>
<kw name="-INICIAR GRABACION CHARLES-" library="libraries_keywords">
<kw name="Start Charles Proxy Session Recording" library="charles_library">
<status status="PASS" starttime="20220530 15:44:01.154" endtime="20220530 15:44:01.183"/>
</kw>
<status status="PASS" starttime="20220530 15:44:01.154" endtime="20220530 15:44:01.183"/>
</kw>
<status status="PASS" starttime="20220530 15:43:53.143" endtime="20220530 15:44:01.184"/>
</kw>
<test id="s1-t1" name="CV-WEB-ACCESO-VALIDAR LOGOUT" line="11">
<kw name="-CONFIGURACIÓN TESTCASE-" library="libraries_keywords" type="SETUP">
<kw name="-CONFIGURAR DIRECTORIO SCREENSHOTS-" library="libraries_keywords">
<kw name="Set Screenshot Directory" library="Selenium2Library">
<arg>${screenshots-folder}</arg>
<doc>Sets the directory for captured screenshots.</doc>
<status status="PASS" starttime="20220530 15:44:01.189" endtime="20220530 15:44:01.190"/>
</kw>
<status status="PASS" starttime="20220530 15:44:01.189" endtime="20220530 15:44:01.190"/>
</kw>
<status status="PASS" starttime="20220530 15:44:01.188" endtime="20220530 15:44:01.190"/>
</kw>
<kw name="-LOGIN HOME CV-" library="tests_keywords">
<arg>${email_valido}</arg>
<arg>${pass_valido}</arg>
<kw name="-ABRIR LOGIN PAGE-" library="tests_keywords">
<kw name="Open Browser" library="Selenium2Library">
<arg>${url_login_page}</arg>
<arg>${browser}</arg>
<doc>Opens a new browser instance to the optional ``url``.</doc>
<msg timestamp="20220530 15:44:01.192" level="INFO">Opening browser 'headlesschrome' to base url 'https://www.clarovideo.com/mexico/login'.</msg>
<status status="PASS" starttime="20220530 15:44:01.192" endtime="20220530 15:44:04.745"/>
</kw>
<status status="PASS" starttime="20220530 15:44:01.191" endtime="20220530 15:44:04.745"/>
</kw>
<kw name="-INGRESAR EMAIL PARA LOGIN-" library="tests_keywords">
<arg>${email}</arg>
<kw name="Wait Until Element Is Visible" library="Selenium2Library">
<arg>${elementos_login_email['reg_emailtextbox']}</arg>
<doc>Waits until the element ``locator`` is visible.</doc>
<status status="PASS" starttime="20220530 15:44:04.747" endtime="20220530 15:44:05.338"/>
</kw>
<kw name="Input Text" library="Selenium2Library">
<arg>${elementos_login_email['reg_emailtextbox']}</arg>
<arg>${email}</arg>
<doc>Types the given ``text`` into the text field identified by ``locator``.</doc>
<msg timestamp="20220530 15:44:05.340" level="INFO">Typing text 's_tamezaa@globalhitss.com' into text field 'xpath=//*[@id="emailLogin"]'.</msg>
<status status="PASS" starttime="20220530 15:44:05.338" endtime="20220530 15:44:05.669"/>
</kw>
<kw name="Click Button" library="Selenium2Library">
<arg>${elementos_login_email['log_siguiente']}</arg>
<doc>Clicks the button identified by ``locator``.</doc>
<msg timestamp="20220530 15:44:05.671" level="INFO">Clicking button 'xpath=/html/body/div[2]/div/div[1]/div/div[2]/div/div/div[3]/div/button'.</msg>
<status status="PASS" starttime="20220530 15:44:05.669" endtime="20220530 15:44:05.838"/>
</kw>
<status status="PASS" starttime="20220530 15:44:04.746" endtime="20220530 15:44:05.838"/>
</kw>
<kw name="-INGRESAR PASSWORD PARA LOGIN-" library="tests_keywords">
<arg>${password}</arg>
<kw name="Wait Until Element Is Visible" library="Selenium2Library">
<arg>${elementos_login_pass['reg_pass_passtextbox']}</arg>
<doc>Waits until the element ``locator`` is visible.</doc>
<status status="PASS" starttime="20220530 15:44:05.839" endtime="20220530 15:44:06.356"/>
</kw>
<kw name="Input Text" library="Selenium2Library">
<arg>${elementos_login_pass['reg_pass_passtextbox']}</arg>
<arg>${password}</arg>
<doc>Types the given ``text`` into the text field identified by ``locator``.</doc>
<msg timestamp="20220530 15:44:06.358" level="INFO">Typing text 'Claro123!' into text field 'xpath=//*[@id="password"]'.</msg>
<status status="PASS" starttime="20220530 15:44:06.356" endtime="20220530 15:44:06.480"/>
</kw>
<kw name="Click Button" library="Selenium2Library">
<arg>${elementos_login_pass['log_pass_siguiente']}</arg>
<doc>Clicks the button identified by ``locator``.</doc>
<msg timestamp="20220530 15:44:06.482" level="INFO">Clicking button 'xpath=/html/body/div[2]/div/div[1]/div/div[2]/div/div/div[4]/div/button'.</msg>
<status status="PASS" starttime="20220530 15:44:06.480" endtime="20220530 15:44:06.579"/>
</kw>
<status status="PASS" starttime="20220530 15:44:05.838" endtime="20220530 15:44:06.580"/>
</kw>
<kw name="Sleep" library="BuiltIn">
<arg>20</arg>
<doc>Pauses the test executed for the given time.</doc>
<msg timestamp="20220530 15:44:26.580" level="INFO">Slept 20 seconds</msg>
<status status="PASS" starttime="20220530 15:44:06.580" endtime="20220530 15:44:26.581"/>
</kw>
<kw name="-CLICK IMAGEN DE PERFIL-" library="tests_keywords">
<kw name="Sleep" library="BuiltIn">
<arg>7</arg>
<doc>Pauses the test executed for the given time.</doc>
<msg timestamp="20220530 15:44:33.582" level="INFO">Slept 7 seconds</msg>
<status status="PASS" starttime="20220530 15:44:26.582" endtime="20220530 15:44:33.582"/>
</kw>
<kw name="Wait Until Page Contains Element" library="Selenium2Library">
<arg>${elementos_profile_page['selectProfile_1_image']}</arg>
<doc>Waits until the element ``locator`` appears on the current page.</doc>
<status status="PASS" starttime="20220530 15:44:33.583" endtime="20220530 15:44:33.601"/>
</kw>
<kw name="Click Element" library="Selenium2Library">
<arg>${elementos_profile_page['selectProfile_1_image']}</arg>
<doc>Click the element identified by ``locator``.</doc>
<msg timestamp="20220530 15:44:33.603" level="INFO">Clicking element 'xpath=//div[@class='image-grid-container']//div[1]//div[1]//img[1]'.</msg>
<status status="PASS" starttime="20220530 15:44:33.602" endtime="20220530 15:44:33.701"/>
</kw>
<status status="PASS" starttime="20220530 15:44:26.581" endtime="20220530 15:44:33.701"/>
</kw>
<kw name="-VALIDAR CARGA HOME-" library="tests_keywords">
<kw name="Sleep" library="BuiltIn">
<arg>7</arg>
<doc>Pauses the test executed for the given time.</doc>
<msg timestamp="20220530 15:44:40.702" level="INFO">Slept 7 seconds</msg>
<status status="PASS" starttime="20220530 15:44:33.702" endtime="20220530 15:44:40.703"/>
</kw>
<kw name="Wait Until Page Contains Element" library="Selenium2Library">
<arg>${elementos_home_page['home_lupa']}</arg>
<doc>Waits until the element ``locator`` appears on the current page.</doc>
<status status="PASS" starttime="20220530 15:44:40.703" endtime="20220530 15:44:40.723"/>
</kw>
<status status="PASS" starttime="20220530 15:44:33.701" endtime="20220530 15:44:40.723"/>
</kw>
<status status="PASS" starttime="20220530 15:44:01.190" endtime="20220530 15:44:40.723"/>
</kw>
<kw name="-LOGOUT HOME CV-" library="tests_keywords">
<kw name="Mouse Down" library="Selenium2Library">
<arg>${profile_menu_page['close_session_inMenu']}</arg>
<doc>Simulates pressing the left mouse button on the element ``locator``.</doc>
<msg timestamp="20220530 15:44:40.726" level="INFO">Simulating Mouse Down on element 'xpath=//a[@class='dropdown-toggle dropdownUser menu_user custom-menu-user-style hidden-xs']//img[@class='menu_user--img']'.</msg>
<status status="PASS" starttime="20220530 15:44:40.724" endtime="20220530 15:44:41.006"/>
</kw>
<kw name="Click Element" library="Selenium2Library">
<arg>${profile_menu_page['close_session_button']}</arg>
<doc>Click the element identified by ``locator``.</doc>
<msg timestamp="20220530 15:44:41.008" level="INFO">Clicking element 'xpath=//a[normalize-space()='Cerrar Sesión']'.</msg>
<status status="PASS" starttime="20220530 15:44:41.006" endtime="20220530 15:44:41.104"/>
</kw>
<status status="PASS" starttime="20220530 15:44:40.724" endtime="20220530 15:44:41.105"/>
</kw>
<kw name="-TERMINAR CONFIGURACIÓN TESTCASE-" library="libraries_keywords" type="TEARDOWN">
<kw name="Capture Page Screenshot" library="Selenium2Library">
<doc>Takes a screenshot of the current page and embeds it into a log file.</doc>
<msg timestamp="20220530 15:44:41.168" level="INFO" html="true">&lt;/td&gt;&lt;/tr&gt;&lt;tr&gt;&lt;td colspan="3"&gt;&lt;a href="../screenshots/selenium-screenshot-3.png"&gt;&lt;img src="../screenshots/selenium-screenshot-3.png" width="800px"&gt;&lt;/a&gt;</msg>
<status status="PASS" starttime="20220530 15:44:41.106" endtime="20220530 15:44:41.168"/>
</kw>
<status status="PASS" starttime="20220530 15:44:41.105" endtime="20220530 15:44:41.169"/>
</kw>
<tag>test_funcional</tag>
<status status="PASS" starttime="20220530 15:44:01.184" endtime="20220530 15:44:41.169"/>
</test>
<test id="s1-t2" name="CV-WEB-NAVEGACION-VALIDAR ELEMENTOS REGISTER PAGE" line="21">
<kw name="-CONFIGURACIÓN TESTCASE-" library="libraries_keywords" type="SETUP">
<kw name="-CONFIGURAR DIRECTORIO SCREENSHOTS-" library="libraries_keywords">
<kw name="Set Screenshot Directory" library="Selenium2Library">
<arg>${screenshots-folder}</arg>
<doc>Sets the directory for captured screenshots.</doc>
<status status="PASS" starttime="20220530 15:44:41.174" endtime="20220530 15:44:41.174"/>
</kw>
<status status="PASS" starttime="20220530 15:44:41.172" endtime="20220530 15:44:41.174"/>
</kw>
<status status="PASS" starttime="20220530 15:44:41.171" endtime="20220530 15:44:41.175"/>
</kw>
<kw name="-ABRIR REGISTER PAGE-" library="tests_keywords">
<kw name="Open Browser" library="Selenium2Library">
<arg>${url_register_page}</arg>
<arg>${browser}</arg>
<doc>Opens a new browser instance to the optional ``url``.</doc>
<msg timestamp="20220530 15:44:41.176" level="INFO">Opening browser 'headlesschrome' to base url 'https://www.clarovideo.com/mexico/register'.</msg>
<status status="PASS" starttime="20220530 15:44:41.175" endtime="20220530 15:44:44.888"/>
</kw>
<status status="PASS" starttime="20220530 15:44:41.175" endtime="20220530 15:44:44.889"/>
</kw>
<kw name="-VALIDAR TEXTOS Y ELEMENTOS-" library="libraries_keywords">
<arg>${elementos_register_page}</arg>
<arg>${textos_register_page}</arg>
<for flavor="IN">
<var>${element}</var>
<value>@{a1}</value>
<iter>
<var name="${element}">reg_registrate</var>
<kw name="Scroll Element Into View" library="Selenium2Library">
<arg>${a1['${element}']}</arg>
<doc>Scrolls the element identified by ``locator`` into view.</doc>
<status status="PASS" starttime="20220530 15:44:44.892" endtime="20220530 15:44:45.613"/>
</kw>
<kw name="Run Keyword And Continue On Failure" library="BuiltIn">
<arg>Wait Until Element is Visible</arg>
<arg>${a1['${element}']}</arg>
<doc>Runs the keyword and continues execution even if a failure occurs.</doc>
<kw name="Wait Until Element Is Visible" library="Selenium2Library">
<arg>${a1['${element}']}</arg>
<doc>Waits until the element ``locator`` is visible.</doc>
<status status="PASS" starttime="20220530 15:44:45.614" endtime="20220530 15:44:45.641"/>
</kw>
<status status="PASS" starttime="20220530 15:44:45.613" endtime="20220530 15:44:45.642"/>
</kw>
<kw name="Run Keyword And Continue On Failure" library="BuiltIn">
<arg>element text should be</arg>
<arg>${a1['${element}']}</arg>
<arg>${a2['${element}']}</arg>
<doc>Runs the keyword and continues execution even if a failure occurs.</doc>
<kw name="Element Text Should Be" library="Selenium2Library">
<arg>${a1['${element}']}</arg>
<arg>${a2['${element}']}</arg>
<doc>Verifies that element ``locator`` contains exact the text ``expected``.</doc>
<msg timestamp="20220530 15:44:45.646" level="INFO">Verifying element 'xpath=/html/body/div[2]/div/div[1]/div/div[2]/div/div/div[1]' contains exact text 'Regístrate'.</msg>
<status status="PASS" starttime="20220530 15:44:45.642" endtime="20220530 15:44:45.670"/>
</kw>
<status status="PASS" starttime="20220530 15:44:45.642" endtime="20220530 15:44:45.671"/>
</kw>
<status status="PASS" starttime="20220530 15:44:44.891" endtime="20220530 15:44:45.671"/>
</iter>
<iter>
<var name="${element}">reg_cualemail?</var>
<kw name="Scroll Element Into View" library="Selenium2Library">
<arg>${a1['${element}']}</arg>
<doc>Scrolls the element identified by ``locator`` into view.</doc>
<status status="PASS" starttime="20220530 15:44:45.671" endtime="20220530 15:44:45.947"/>
</kw>
<kw name="Run Keyword And Continue On Failure" library="BuiltIn">
<arg>Wait Until Element is Visible</arg>
<arg>${a1['${element}']}</arg>
<doc>Runs the keyword and continues execution even if a failure occurs.</doc>
<kw name="Wait Until Element Is Visible" library="Selenium2Library">
<arg>${a1['${element}']}</arg>
<doc>Waits until the element ``locator`` is visible.</doc>
<status status="PASS" starttime="20220530 15:44:45.948" endtime="20220530 15:44:45.975"/>
</kw>
<status status="PASS" starttime="20220530 15:44:45.948" endtime="20220530 15:44:45.975"/>
</kw>
<kw name="Run Keyword And Continue On Failure" library="BuiltIn">
<arg>element text should be</arg>
<arg>${a1['${element}']}</arg>
<arg>${a2['${element}']}</arg>
<doc>Runs the keyword and continues execution even if a failure occurs.</doc>
<kw name="Element Text Should Be" library="Selenium2Library">
<arg>${a1['${element}']}</arg>
<arg>${a2['${element}']}</arg>
<doc>Verifies that element ``locator`` contains exact the text ``expected``.</doc>
<msg timestamp="20220530 15:44:45.979" level="INFO">Verifying element 'xpath=/html/body/div[2]/div/div[1]/div/div[2]/div/div/div[2]/div[1]' contains exact text '¿Cuál es tu correo electrónico?'.</msg>
<status status="PASS" starttime="20220530 15:44:45.976" endtime="20220530 15:44:46.003"/>
</kw>
<status status="PASS" starttime="20220530 15:44:45.975" endtime="20220530 15:44:46.003"/>
</kw>
<status status="PASS" starttime="20220530 15:44:45.671" endtime="20220530 15:44:46.004"/>
</iter>
<iter>
<var name="${element}">reg_emailtextbox</var>
<kw name="Scroll Element Into View" library="Selenium2Library">
<arg>${a1['${element}']}</arg>
<doc>Scrolls the element identified by ``locator`` into view.</doc>
<status status="PASS" starttime="20220530 15:44:46.004" endtime="20220530 15:44:46.279"/>
</kw>
<kw name="Run Keyword And Continue On Failure" library="BuiltIn">
<arg>Wait Until Element is Visible</arg>
<arg>${a1['${element}']}</arg>
<doc>Runs the keyword and continues execution even if a failure occurs.</doc>
<kw name="Wait Until Element Is Visible" library="Selenium2Library">
<arg>${a1['${element}']}</arg>
<doc>Waits until the element ``locator`` is visible.</doc>
<status status="PASS" starttime="20220530 15:44:46.280" endtime="20220530 15:44:46.303"/>
</kw>
<status status="PASS" starttime="20220530 15:44:46.280" endtime="20220530 15:44:46.303"/>
</kw>
<kw name="Run Keyword And Continue On Failure" library="BuiltIn">
<arg>element text should be</arg>
<arg>${a1['${element}']}</arg>
<arg>${a2['${element}']}</arg>
<doc>Runs the keyword and continues execution even if a failure occurs.</doc>
<kw name="Element Text Should Be" library="Selenium2Library">
<arg>${a1['${element}']}</arg>
<arg>${a2['${element}']}</arg>
<doc>Verifies that element ``locator`` contains exact the text ``expected``.</doc>
<msg timestamp="20220530 15:44:46.306" level="INFO">Verifying element 'xpath=//input[@id='emailRegister']' contains exact text ''.</msg>
<status status="PASS" starttime="20220530 15:44:46.303" endtime="20220530 15:44:46.329"/>
</kw>
<status status="PASS" starttime="20220530 15:44:46.303" endtime="20220530 15:44:46.329"/>
</kw>
<status status="PASS" starttime="20220530 15:44:46.004" endtime="20220530 15:44:46.329"/>
</iter>
<iter>
<var name="${element}">reg_terms</var>
<kw name="Scroll Element Into View" library="Selenium2Library">
<arg>${a1['${element}']}</arg>
<doc>Scrolls the element identified by ``locator`` into view.</doc>
<status status="PASS" starttime="20220530 15:44:46.330" endtime="20220530 15:44:46.608"/>
</kw>
<kw name="Run Keyword And Continue On Failure" library="BuiltIn">
<arg>Wait Until Element is Visible</arg>
<arg>${a1['${element}']}</arg>
<doc>Runs the keyword and continues execution even if a failure occurs.</doc>
<kw name="Wait Until Element Is Visible" library="Selenium2Library">
<arg>${a1['${element}']}</arg>
<doc>Waits until the element ``locator`` is visible.</doc>
<status status="PASS" starttime="20220530 15:44:46.609" endtime="20220530 15:44:46.631"/>
</kw>
<status status="PASS" starttime="20220530 15:44:46.608" endtime="20220530 15:44:46.631"/>
</kw>
<kw name="Run Keyword And Continue On Failure" library="BuiltIn">
<arg>element text should be</arg>
<arg>${a1['${element}']}</arg>
<arg>${a2['${element}']}</arg>
<doc>Runs the keyword and continues execution even if a failure occurs.</doc>
<kw name="Element Text Should Be" library="Selenium2Library">
<arg>${a1['${element}']}</arg>
<arg>${a2['${element}']}</arg>
<doc>Verifies that element ``locator`` contains exact the text ``expected``.</doc>
<msg timestamp="20220530 15:44:46.635" level="INFO">Verifying element 'xpath=//*[@class='_1pakn']//span[contains(text(),'Acepto los')]' contains exact text 'Acepto los Términos y Condiciones del servicio.'.</msg>
<status status="PASS" starttime="20220530 15:44:46.631" endtime="20220530 15:44:46.665"/>
</kw>
<status status="PASS" starttime="20220530 15:44:46.631" endtime="20220530 15:44:46.666"/>
</kw>
<status status="PASS" starttime="20220530 15:44:46.329" endtime="20220530 15:44:46.666"/>
</iter>
<iter>
<var name="${element}">reg_terms_check</var>
<kw name="Scroll Element Into View" library="Selenium2Library">
<arg>${a1['${element}']}</arg>
<doc>Scrolls the element identified by ``locator`` into view.</doc>
<status status="PASS" starttime="20220530 15:44:46.666" endtime="20220530 15:44:46.943"/>
</kw>
<kw name="Run Keyword And Continue On Failure" library="BuiltIn">
<arg>Wait Until Element is Visible</arg>
<arg>${a1['${element}']}</arg>
<doc>Runs the keyword and continues execution even if a failure occurs.</doc>
<kw name="Wait Until Element Is Visible" library="Selenium2Library">
<arg>${a1['${element}']}</arg>
<doc>Waits until the element ``locator`` is visible.</doc>
<status status="PASS" starttime="20220530 15:44:46.944" endtime="20220530 15:44:46.967"/>
</kw>
<status status="PASS" starttime="20220530 15:44:46.944" endtime="20220530 15:44:46.967"/>
</kw>
<kw name="Run Keyword And Continue On Failure" library="BuiltIn">
<arg>element text should be</arg>
<arg>${a1['${element}']}</arg>
<arg>${a2['${element}']}</arg>
<doc>Runs the keyword and continues execution even if a failure occurs.</doc>
<kw name="Element Text Should Be" library="Selenium2Library">
<arg>${a1['${element}']}</arg>
<arg>${a2['${element}']}</arg>
<doc>Verifies that element ``locator`` contains exact the text ``expected``.</doc>
<msg timestamp="20220530 15:44:46.971" level="INFO">Verifying element 'xpath=//span[@class='_3i1FC']' contains exact text ''.</msg>
<status status="PASS" starttime="20220530 15:44:46.968" endtime="20220530 15:44:46.994"/>
</kw>
<status status="PASS" starttime="20220530 15:44:46.967" endtime="20220530 15:44:46.994"/>
</kw>
<status status="PASS" starttime="20220530 15:44:46.666" endtime="20220530 15:44:46.994"/>
</iter>
<iter>
<var name="${element}">reg_terms_link</var>
<kw name="Scroll Element Into View" library="Selenium2Library">
<arg>${a1['${element}']}</arg>
<doc>Scrolls the element identified by ``locator`` into view.</doc>
<status status="PASS" starttime="20220530 15:44:46.994" endtime="20220530 15:44:47.270"/>
</kw>
<kw name="Run Keyword And Continue On Failure" library="BuiltIn">
<arg>Wait Until Element is Visible</arg>
<arg>${a1['${element}']}</arg>
<doc>Runs the keyword and continues execution even if a failure occurs.</doc>
<kw name="Wait Until Element Is Visible" library="Selenium2Library">
<arg>${a1['${element}']}</arg>
<doc>Waits until the element ``locator`` is visible.</doc>
<status status="PASS" starttime="20220530 15:44:47.271" endtime="20220530 15:44:47.294"/>
</kw>
<status status="PASS" starttime="20220530 15:44:47.270" endtime="20220530 15:44:47.294"/>
</kw>
<kw name="Run Keyword And Continue On Failure" library="BuiltIn">
<arg>element text should be</arg>
<arg>${a1['${element}']}</arg>
<arg>${a2['${element}']}</arg>
<doc>Runs the keyword and continues execution even if a failure occurs.</doc>
<kw name="Element Text Should Be" library="Selenium2Library">
<arg>${a1['${element}']}</arg>
<arg>${a2['${element}']}</arg>
<doc>Verifies that element ``locator`` contains exact the text ``expected``.</doc>
<msg timestamp="20220530 15:44:47.299" level="INFO">Verifying element 'xpath=//a[normalize-space()='Términos y Condiciones']' contains exact text 'Términos y Condiciones'.</msg>
<status status="PASS" starttime="20220530 15:44:47.295" endtime="20220530 15:44:47.325"/>
</kw>
<status status="PASS" starttime="20220530 15:44:47.294" endtime="20220530 15:44:47.325"/>
</kw>
<status status="PASS" starttime="20220530 15:44:46.994" endtime="20220530 15:44:47.325"/>
</iter>
<iter>
<var name="${element}">reg_siguiente</var>
<kw name="Scroll Element Into View" library="Selenium2Library">
<arg>${a1['${element}']}</arg>
<doc>Scrolls the element identified by ``locator`` into view.</doc>
<status status="PASS" starttime="20220530 15:44:47.325" endtime="20220530 15:44:47.601"/>
</kw>
<kw name="Run Keyword And Continue On Failure" library="BuiltIn">
<arg>Wait Until Element is Visible</arg>
<arg>${a1['${element}']}</arg>
<doc>Runs the keyword and continues execution even if a failure occurs.</doc>
<kw name="Wait Until Element Is Visible" library="Selenium2Library">
<arg>${a1['${element}']}</arg>
<doc>Waits until the element ``locator`` is visible.</doc>
<status status="PASS" starttime="20220530 15:44:47.602" endtime="20220530 15:44:47.624"/>
</kw>
<status status="PASS" starttime="20220530 15:44:47.601" endtime="20220530 15:44:47.624"/>
</kw>
<kw name="Run Keyword And Continue On Failure" library="BuiltIn">
<arg>element text should be</arg>
<arg>${a1['${element}']}</arg>
<arg>${a2['${element}']}</arg>
<doc>Runs the keyword and continues execution even if a failure occurs.</doc>
<kw name="Element Text Should Be" library="Selenium2Library">
<arg>${a1['${element}']}</arg>
<arg>${a2['${element}']}</arg>
<doc>Verifies that element ``locator`` contains exact the text ``expected``.</doc>
<msg timestamp="20220530 15:44:47.628" level="INFO">Verifying element 'xpath=/html/body/div[2]/div/div[1]/div/div[2]/div/div/div[4]/div/button' contains exact text 'SIGUIENTE'.</msg>
<status status="PASS" starttime="20220530 15:44:47.624" endtime="20220530 15:44:47.651"/>
</kw>
<status status="PASS" starttime="20220530 15:44:47.624" endtime="20220530 15:44:47.651"/>
</kw>
<status status="PASS" starttime="20220530 15:44:47.325" endtime="20220530 15:44:47.651"/>
</iter>
<iter>
<var name="${element}">reg_cancelar</var>
<kw name="Scroll Element Into View" library="Selenium2Library">
<arg>${a1['${element}']}</arg>
<doc>Scrolls the element identified by ``locator`` into view.</doc>
<status status="PASS" starttime="20220530 15:44:47.652" endtime="20220530 15:44:47.926"/>
</kw>
<kw name="Run Keyword And Continue On Failure" library="BuiltIn">
<arg>Wait Until Element is Visible</arg>
<arg>${a1['${element}']}</arg>
<doc>Runs the keyword and continues execution even if a failure occurs.</doc>
<kw name="Wait Until Element Is Visible" library="Selenium2Library">
<arg>${a1['${element}']}</arg>
<doc>Waits until the element ``locator`` is visible.</doc>
<status status="PASS" starttime="20220530 15:44:47.927" endtime="20220530 15:44:47.948"/>
</kw>
<status status="PASS" starttime="20220530 15:44:47.926" endtime="20220530 15:44:47.948"/>
</kw>
<kw name="Run Keyword And Continue On Failure" library="BuiltIn">
<arg>element text should be</arg>
<arg>${a1['${element}']}</arg>
<arg>${a2['${element}']}</arg>
<doc>Runs the keyword and continues execution even if a failure occurs.</doc>
<kw name="Element Text Should Be" library="Selenium2Library">
<arg>${a1['${element}']}</arg>
<arg>${a2['${element}']}</arg>
<doc>Verifies that element ``locator`` contains exact the text ``expected``.</doc>
<msg timestamp="20220530 15:44:47.952" level="INFO">Verifying element 'xpath=/html/body/div[2]/div/div[1]/div/div[2]/div/div/div[5]/div/button' contains exact text 'CANCELAR'.</msg>
<status status="PASS" starttime="20220530 15:44:47.949" endtime="20220530 15:44:47.976"/>
</kw>
<status status="PASS" starttime="20220530 15:44:47.949" endtime="20220530 15:44:47.976"/>
</kw>
<status status="PASS" starttime="20220530 15:44:47.651" endtime="20220530 15:44:47.976"/>
</iter>
<iter>
<var name="${element}">reg_telmex?</var>
<kw name="Scroll Element Into View" library="Selenium2Library">
<arg>${a1['${element}']}</arg>
<doc>Scrolls the element identified by ``locator`` into view.</doc>
<status status="PASS" starttime="20220530 15:44:47.977" endtime="20220530 15:44:48.252"/>
</kw>
<kw name="Run Keyword And Continue On Failure" library="BuiltIn">
<arg>Wait Until Element is Visible</arg>
<arg>${a1['${element}']}</arg>
<doc>Runs the keyword and continues execution even if a failure occurs.</doc>
<kw name="Wait Until Element Is Visible" library="Selenium2Library">
<arg>${a1['${element}']}</arg>
<doc>Waits until the element ``locator`` is visible.</doc>
<status status="PASS" starttime="20220530 15:44:48.253" endtime="20220530 15:44:48.275"/>
</kw>
<status status="PASS" starttime="20220530 15:44:48.252" endtime="20220530 15:44:48.275"/>
</kw>
<kw name="Run Keyword And Continue On Failure" library="BuiltIn">
<arg>element text should be</arg>
<arg>${a1['${element}']}</arg>
<arg>${a2['${element}']}</arg>
<doc>Runs the keyword and continues execution even if a failure occurs.</doc>
<kw name="Element Text Should Be" library="Selenium2Library">
<arg>${a1['${element}']}</arg>
<arg>${a2['${element}']}</arg>
<doc>Verifies that element ``locator`` contains exact the text ``expected``.</doc>
<msg timestamp="20220530 15:44:48.279" level="INFO">Verifying element 'xpath=/html/body/div[2]/div/div[1]/div/div[2]/div/div/div[6]/span' contains exact text '¿Tienes Telmex o Telcel?
Conoce las promociones'.</msg>
<status status="PASS" starttime="20220530 15:44:48.275" endtime="20220530 15:44:48.305"/>
</kw>
<status status="PASS" starttime="20220530 15:44:48.275" endtime="20220530 15:44:48.305"/>
</kw>
<status status="PASS" starttime="20220530 15:44:47.977" endtime="20220530 15:44:48.305"/>
</iter>
<iter>
<var name="${element}">reg_terms_promo</var>
<kw name="Scroll Element Into View" library="Selenium2Library">
<arg>${a1['${element}']}</arg>
<doc>Scrolls the element identified by ``locator`` into view.</doc>
<status status="PASS" starttime="20220530 15:44:48.306" endtime="20220530 15:44:48.581"/>
</kw>
<kw name="Run Keyword And Continue On Failure" library="BuiltIn">
<arg>Wait Until Element is Visible</arg>
<arg>${a1['${element}']}</arg>
<doc>Runs the keyword and continues execution even if a failure occurs.</doc>
<kw name="Wait Until Element Is Visible" library="Selenium2Library">
<arg>${a1['${element}']}</arg>
<doc>Waits until the element ``locator`` is visible.</doc>
<status status="PASS" starttime="20220530 15:44:48.582" endtime="20220530 15:44:48.604"/>
</kw>
<status status="PASS" starttime="20220530 15:44:48.582" endtime="20220530 15:44:48.605"/>
</kw>
<kw name="Run Keyword And Continue On Failure" library="BuiltIn">
<arg>element text should be</arg>
<arg>${a1['${element}']}</arg>
<arg>${a2['${element}']}</arg>
<doc>Runs the keyword and continues execution even if a failure occurs.</doc>
<kw name="Element Text Should Be" library="Selenium2Library">
<arg>${a1['${element}']}</arg>
<arg>${a2['${element}']}</arg>
<doc>Verifies that element ``locator`` contains exact the text ``expected``.</doc>
<msg timestamp="20220530 15:44:48.608" level="INFO">Verifying element 'xpath=//a[normalize-space()='Conoce las promociones']' contains exact text 'Conoce las promociones'.</msg>
<status status="PASS" starttime="20220530 15:44:48.605" endtime="20220530 15:44:48.632"/>
</kw>
<status status="PASS" starttime="20220530 15:44:48.605" endtime="20220530 15:44:48.632"/>
</kw>
<status status="PASS" starttime="20220530 15:44:48.306" endtime="20220530 15:44:48.632"/>
</iter>
<iter>
<var name="${element}">reg_tienescuenta?</var>
<kw name="Scroll Element Into View" library="Selenium2Library">
<arg>${a1['${element}']}</arg>
<doc>Scrolls the element identified by ``locator`` into view.</doc>
<status status="PASS" starttime="20220530 15:44:48.633" endtime="20220530 15:44:48.919"/>
</kw>
<kw name="Run Keyword And Continue On Failure" library="BuiltIn">
<arg>Wait Until Element is Visible</arg>
<arg>${a1['${element}']}</arg>
<doc>Runs the keyword and continues execution even if a failure occurs.</doc>
<kw name="Wait Until Element Is Visible" library="Selenium2Library">
<arg>${a1['${element}']}</arg>
<doc>Waits until the element ``locator`` is visible.</doc>
<status status="PASS" starttime="20220530 15:44:48.920" endtime="20220530 15:44:48.946"/>
</kw>
<status status="PASS" starttime="20220530 15:44:48.920" endtime="20220530 15:44:48.946"/>
</kw>
<kw name="Run Keyword And Continue On Failure" library="BuiltIn">
<arg>element text should be</arg>
<arg>${a1['${element}']}</arg>
<arg>${a2['${element}']}</arg>
<doc>Runs the keyword and continues execution even if a failure occurs.</doc>
<kw name="Element Text Should Be" library="Selenium2Library">
<arg>${a1['${element}']}</arg>
<arg>${a2['${element}']}</arg>
<doc>Verifies that element ``locator`` contains exact the text ``expected``.</doc>
<msg timestamp="20220530 15:44:48.950" level="INFO">Verifying element 'xpath=/html/body/div[2]/div/div[1]/div/div[2]/div/div/div[7]/span' contains exact text '¿Ya tienes cuenta? Inicia sesión'.</msg>
<status status="PASS" starttime="20220530 15:44:48.947" endtime="20220530 15:44:48.974"/>
</kw>
<status status="PASS" starttime="20220530 15:44:48.946" endtime="20220530 15:44:48.974"/>
</kw>
<status status="PASS" starttime="20220530 15:44:48.632" endtime="20220530 15:44:48.974"/>
</iter>
<iter>
<var name="${element}">reg_sesion</var>
<kw name="Scroll Element Into View" library="Selenium2Library">
<arg>${a1['${element}']}</arg>
<doc>Scrolls the element identified by ``locator`` into view.</doc>
<status status="PASS" starttime="20220530 15:44:48.974" endtime="20220530 15:44:49.248"/>
</kw>
<kw name="Run Keyword And Continue On Failure" library="BuiltIn">
<arg>Wait Until Element is Visible</arg>
<arg>${a1['${element}']}</arg>
<doc>Runs the keyword and continues execution even if a failure occurs.</doc>
<kw name="Wait Until Element Is Visible" library="Selenium2Library">
<arg>${a1['${element}']}</arg>
<doc>Waits until the element ``locator`` is visible.</doc>
<status status="PASS" starttime="20220530 15:44:49.249" endtime="20220530 15:44:49.270"/>
</kw>
<status status="PASS" starttime="20220530 15:44:49.249" endtime="20220530 15:44:49.270"/>
</kw>
<kw name="Run Keyword And Continue On Failure" library="BuiltIn">
<arg>element text should be</arg>
<arg>${a1['${element}']}</arg>
<arg>${a2['${element}']}</arg>
<doc>Runs the keyword and continues execution even if a failure occurs.</doc>
<kw name="Element Text Should Be" library="Selenium2Library">
<arg>${a1['${element}']}</arg>
<arg>${a2['${element}']}</arg>
<doc>Verifies that element ``locator`` contains exact the text ``expected``.</doc>
<msg timestamp="20220530 15:44:49.274" level="INFO">Verifying element 'xpath=/html/body/div[2]/div/div[1]/div/div[2]/div/div/div[7]/span/a' contains exact text 'Inicia sesión'.</msg>
<status status="PASS" starttime="20220530 15:44:49.271" endtime="20220530 15:44:49.298"/>
</kw>
<status status="PASS" starttime="20220530 15:44:49.271" endtime="20220530 15:44:49.298"/>
</kw>
<status status="PASS" starttime="20220530 15:44:48.974" endtime="20220530 15:44:49.298"/>
</iter>
<status status="PASS" starttime="20220530 15:44:44.891" endtime="20220530 15:44:49.298"/>
</for>
<status status="PASS" starttime="20220530 15:44:44.890" endtime="20220530 15:44:49.299"/>
</kw>
<kw name="-INGRESAR EMAIL PARA REGISTRO-" library="tests_keywords">
<arg>${EMAIL_RANDOM_PYTHON}</arg>
<kw name="Wait Until Element Is Visible" library="Selenium2Library">
<arg>${elementos_register_page['reg_emailtextbox']}</arg>
<doc>Waits until the element ``locator`` is visible.</doc>
<status status="PASS" starttime="20220530 15:44:49.300" endtime="20220530 15:44:49.319"/>
</kw>
<kw name="Input Text" library="Selenium2Library">
<arg>${elementos_register_page['reg_emailtextbox']}</arg>
<arg>${EMAIL_RANDOM}</arg>
<doc>Types the given ``text`` into the text field identified by ``locator``.</doc>
<msg timestamp="20220530 15:44:49.321" level="INFO">Typing text 'n5f7e7i7e0@gmail.com' into text field 'xpath=//input[@id='emailRegister']'.</msg>
<status status="PASS" starttime="20220530 15:44:49.319" endtime="20220530 15:44:49.702"/>
</kw>
<kw name="Click Element" library="Selenium2Library">
<arg>${elementos_register_page['reg_terms_check']}</arg>
<doc>Click the element identified by ``locator``.</doc>
<msg timestamp="20220530 15:44:49.704" level="INFO">Clicking element 'xpath=//span[@class='_3i1FC']'.</msg>
<status status="PASS" starttime="20220530 15:44:49.702" endtime="20220530 15:44:49.795"/>
</kw>
<kw name="Click Button" library="Selenium2Library">
<arg>${elementos_register_page['reg_siguiente']}</arg>
<doc>Clicks the button identified by ``locator``.</doc>
<msg timestamp="20220530 15:44:49.798" level="INFO">Clicking button 'xpath=/html/body/div[2]/div/div[1]/div/div[2]/div/div/div[4]/div/button'.</msg>
<status status="PASS" starttime="20220530 15:44:49.796" endtime="20220530 15:44:49.909"/>
</kw>
<status status="PASS" starttime="20220530 15:44:49.299" endtime="20220530 15:44:49.909"/>
</kw>
<kw name="-VALIDAR TEXTOS Y ELEMENTOS-" library="libraries_keywords">
<arg>${elementos_register_page_pass}</arg>
<arg>${textos_elementos_register_page_pass}</arg>
<for flavor="IN">
<var>${element}</var>
<value>@{a1}</value>
<iter>
<var name="${element}">reg_registrate</var>
<kw name="Scroll Element Into View" library="Selenium2Library">
<arg>${a1['${element}']}</arg>
<doc>Scrolls the element identified by ``locator`` into view.</doc>
<status status="PASS" starttime="20220530 15:44:49.911" endtime="20220530 15:44:50.202"/>
</kw>
<kw name="Run Keyword And Continue On Failure" library="BuiltIn">
<arg>Wait Until Element is Visible</arg>
<arg>${a1['${element}']}</arg>
<doc>Runs the keyword and continues execution even if a failure occurs.</doc>
<kw name="Wait Until Element Is Visible" library="Selenium2Library">
<arg>${a1['${element}']}</arg>
<doc>Waits until the element ``locator`` is visible.</doc>
<status status="PASS" starttime="20220530 15:44:50.203" endtime="20220530 15:44:50.227"/>
</kw>
<status status="PASS" starttime="20220530 15:44:50.203" endtime="20220530 15:44:50.227"/>
</kw>
<kw name="Run Keyword And Continue On Failure" library="BuiltIn">
<arg>element text should be</arg>
<arg>${a1['${element}']}</arg>
<arg>${a2['${element}']}</arg>
<doc>Runs the keyword and continues execution even if a failure occurs.</doc>
<kw name="Element Text Should Be" library="Selenium2Library">
<arg>${a1['${element}']}</arg>
<arg>${a2['${element}']}</arg>
<doc>Verifies that element ``locator`` contains exact the text ``expected``.</doc>
<msg timestamp="20220530 15:44:50.231" level="INFO">Verifying element 'xpath=//span[normalize-space()='Regístrate']' contains exact text 'Regístrate'.</msg>
<status status="PASS" starttime="20220530 15:44:50.228" endtime="20220530 15:44:50.256"/>
</kw>
<status status="PASS" starttime="20220530 15:44:50.227" endtime="20220530 15:44:50.256"/>
</kw>
<status status="PASS" starttime="20220530 15:44:49.911" endtime="20220530 15:44:50.256"/>
</iter>
<iter>
<var name="${element}">reg_passtext?</var>
<kw name="Scroll Element Into View" library="Selenium2Library">
<arg>${a1['${element}']}</arg>
<doc>Scrolls the element identified by ``locator`` into view.</doc>
<status status="PASS" starttime="20220530 15:44:50.256" endtime="20220530 15:44:50.536"/>
</kw>
<kw name="Run Keyword And Continue On Failure" library="BuiltIn">
<arg>Wait Until Element is Visible</arg>
<arg>${a1['${element}']}</arg>
<doc>Runs the keyword and continues execution even if a failure occurs.</doc>
<kw name="Wait Until Element Is Visible" library="Selenium2Library">
<arg>${a1['${element}']}</arg>
<doc>Waits until the element ``locator`` is visible.</doc>
<status status="PASS" starttime="20220530 15:44:50.537" endtime="20220530 15:44:50.558"/>
</kw>
<status status="PASS" starttime="20220530 15:44:50.536" endtime="20220530 15:44:50.558"/>
</kw>
<kw name="Run Keyword And Continue On Failure" library="BuiltIn">
<arg>element text should be</arg>
<arg>${a1['${element}']}</arg>
<arg>${a2['${element}']}</arg>
<doc>Runs the keyword and continues execution even if a failure occurs.</doc>
<kw name="Element Text Should Be" library="Selenium2Library">
<arg>${a1['${element}']}</arg>
<arg>${a2['${element}']}</arg>
<doc>Verifies that element ``locator`` contains exact the text ``expected``.</doc>
<msg timestamp="20220530 15:44:50.562" level="INFO">Verifying element 'xpath=//span[normalize-space()='Elige una contraseña.']' contains exact text 'Elige una contraseña.'.</msg>
<status status="PASS" starttime="20220530 15:44:50.559" endtime="20220530 15:44:50.586"/>
</kw>
<status status="PASS" starttime="20220530 15:44:50.559" endtime="20220530 15:44:50.586"/>
</kw>
<status status="PASS" starttime="20220530 15:44:50.256" endtime="20220530 15:44:50.586"/>
</iter>
<iter>
<var name="${element}">reg_passfield</var>
<kw name="Scroll Element Into View" library="Selenium2Library">
<arg>${a1['${element}']}</arg>
<doc>Scrolls the element identified by ``locator`` into view.</doc>
<status status="PASS" starttime="20220530 15:44:50.586" endtime="20220530 15:44:50.867"/>
</kw>
<kw name="Run Keyword And Continue On Failure" library="BuiltIn">
<arg>Wait Until Element is Visible</arg>
<arg>${a1['${element}']}</arg>
<doc>Runs the keyword and continues execution even if a failure occurs.</doc>
<kw name="Wait Until Element Is Visible" library="Selenium2Library">
<arg>${a1['${element}']}</arg>
<doc>Waits until the element ``locator`` is visible.</doc>
<status status="PASS" starttime="20220530 15:44:50.868" endtime="20220530 15:44:50.891"/>
</kw>
<status status="PASS" starttime="20220530 15:44:50.867" endtime="20220530 15:44:50.891"/>
</kw>
<kw name="Run Keyword And Continue On Failure" library="BuiltIn">
<arg>element text should be</arg>
<arg>${a1['${element}']}</arg>
<arg>${a2['${element}']}</arg>
<doc>Runs the keyword and continues execution even if a failure occurs.</doc>
<kw name="Element Text Should Be" library="Selenium2Library">
<arg>${a1['${element}']}</arg>
<arg>${a2['${element}']}</arg>
<doc>Verifies that element ``locator`` contains exact the text ``expected``.</doc>
<msg timestamp="20220530 15:44:50.895" level="INFO">Verifying element 'xpath=//input[@id='password']' contains exact text ''.</msg>
<status status="PASS" starttime="20220530 15:44:50.892" endtime="20220530 15:44:50.917"/>
</kw>
<status status="PASS" starttime="20220530 15:44:50.891" endtime="20220530 15:44:50.917"/>
</kw>
<status status="PASS" starttime="20220530 15:44:50.586" endtime="20220530 15:44:50.918"/>
</iter>
<iter>
<var name="${element}">reg_siguiente</var>
<kw name="Scroll Element Into View" library="Selenium2Library">
<arg>${a1['${element}']}</arg>
<doc>Scrolls the element identified by ``locator`` into view.</doc>
<status status="PASS" starttime="20220530 15:44:50.918" endtime="20220530 15:44:51.193"/>
</kw>
<kw name="Run Keyword And Continue On Failure" library="BuiltIn">
<arg>Wait Until Element is Visible</arg>
<arg>${a1['${element}']}</arg>
<doc>Runs the keyword and continues execution even if a failure occurs.</doc>
<kw name="Wait Until Element Is Visible" library="Selenium2Library">
<arg>${a1['${element}']}</arg>
<doc>Waits until the element ``locator`` is visible.</doc>
<status status="PASS" starttime="20220530 15:44:51.193" endtime="20220530 15:44:51.214"/>
</kw>
<status status="PASS" starttime="20220530 15:44:51.193" endtime="20220530 15:44:51.215"/>
</kw>
<kw name="Run Keyword And Continue On Failure" library="BuiltIn">
<arg>element text should be</arg>
<arg>${a1['${element}']}</arg>
<arg>${a2['${element}']}</arg>
<doc>Runs the keyword and continues execution even if a failure occurs.</doc>
<kw name="Element Text Should Be" library="Selenium2Library">
<arg>${a1['${element}']}</arg>
<arg>${a2['${element}']}</arg>
<doc>Verifies that element ``locator`` contains exact the text ``expected``.</doc>
<msg timestamp="20220530 15:44:51.218" level="INFO">Verifying element 'xpath=//button[normalize-space()='SIGUIENTE']' contains exact text 'SIGUIENTE'.</msg>
<status status="PASS" starttime="20220530 15:44:51.215" endtime="20220530 15:44:51.242"/>
</kw>
<status status="PASS" starttime="20220530 15:44:51.215" endtime="20220530 15:44:51.242"/>
</kw>
<status status="PASS" starttime="20220530 15:44:50.918" endtime="20220530 15:44:51.242"/>
</iter>
<iter>
<var name="${element}">reg_cancelar</var>
<kw name="Scroll Element Into View" library="Selenium2Library">
<arg>${a1['${element}']}</arg>
<doc>Scrolls the element identified by ``locator`` into view.</doc>
<status status="PASS" starttime="20220530 15:44:51.243" endtime="20220530 15:44:51.518"/>
</kw>
<kw name="Run Keyword And Continue On Failure" library="BuiltIn">
<arg>Wait Until Element is Visible</arg>
<arg>${a1['${element}']}</arg>
<doc>Runs the keyword and continues execution even if a failure occurs.</doc>
<kw name="Wait Until Element Is Visible" library="Selenium2Library">
<arg>${a1['${element}']}</arg>
<doc>Waits until the element ``locator`` is visible.</doc>
<status status="PASS" starttime="20220530 15:44:51.519" endtime="20220530 15:44:51.540"/>
</kw>
<status status="PASS" starttime="20220530 15:44:51.518" endtime="20220530 15:44:51.541"/>
</kw>
<kw name="Run Keyword And Continue On Failure" library="BuiltIn">
<arg>element text should be</arg>
<arg>${a1['${element}']}</arg>
<arg>${a2['${element}']}</arg>
<doc>Runs the keyword and continues execution even if a failure occurs.</doc>
<kw name="Element Text Should Be" library="Selenium2Library">
<arg>${a1['${element}']}</arg>
<arg>${a2['${element}']}</arg>
<doc>Verifies that element ``locator`` contains exact the text ``expected``.</doc>
<msg timestamp="20220530 15:44:51.545" level="INFO">Verifying element 'xpath=//button[normalize-space()='CANCELAR']' contains exact text 'CANCELAR'.</msg>
<status status="PASS" starttime="20220530 15:44:51.541" endtime="20220530 15:44:51.570"/>
</kw>
<status status="PASS" starttime="20220530 15:44:51.541" endtime="20220530 15:44:51.570"/>
</kw>
<status status="PASS" starttime="20220530 15:44:51.242" endtime="20220530 15:44:51.570"/>
</iter>
<status status="PASS" starttime="20220530 15:44:49.910" endtime="20220530 15:44:51.570"/>
</for>
<status status="PASS" starttime="20220530 15:44:49.909" endtime="20220530 15:44:51.571"/>
</kw>
<kw name="-INGRESAR PASSWORD PARA REGISTRO-" library="tests_keywords">
<arg>${pass_valido_registro}</arg>
<kw name="Wait Until Element Is Visible" library="Selenium2Library">
<arg>${elementos_register_page_pass['reg_passfield']}</arg>
<doc>Waits until the element ``locator`` is visible.</doc>
<status status="PASS" starttime="20220530 15:44:51.572" endtime="20220530 15:44:51.591"/>
</kw>
<kw name="Input Text" library="Selenium2Library">
<arg>${elementos_register_page_pass['reg_passfield']}</arg>
<arg>${pass_valido}</arg>
<doc>Types the given ``text`` into the text field identified by ``locator``.</doc>
<msg timestamp="20220530 15:44:51.593" level="INFO">Typing text 'Claro123' into text field 'xpath=//input[@id='password']'.</msg>
<status status="PASS" starttime="20220530 15:44:51.591" endtime="20220530 15:44:51.742"/>
</kw>
<kw name="Click Button" library="Selenium2Library">
<arg>${elementos_register_page_pass['reg_siguiente']}</arg>
<doc>Clicks the button identified by ``locator``.</doc>
<msg timestamp="20220530 15:44:51.744" level="INFO">Clicking button 'xpath=//button[normalize-space()='SIGUIENTE']'.</msg>
<status status="PASS" starttime="20220530 15:44:51.742" endtime="20220530 15:44:51.856"/>
</kw>
<status status="PASS" starttime="20220530 15:44:51.571" endtime="20220530 15:44:51.857"/>
</kw>
<kw name="-TERMINAR CONFIGURACIÓN TESTCASE-" library="libraries_keywords" type="TEARDOWN">
<kw name="Capture Page Screenshot" library="Selenium2Library">
<doc>Takes a screenshot of the current page and embeds it into a log file.</doc>
<msg timestamp="20220530 15:44:51.972" level="INFO" html="true">&lt;/td&gt;&lt;/tr&gt;&lt;tr&gt;&lt;td colspan="3"&gt;&lt;a href="../screenshots/selenium-screenshot-4.png"&gt;&lt;img src="../screenshots/selenium-screenshot-4.png" width="800px"&gt;&lt;/a&gt;</msg>
<status status="PASS" starttime="20220530 15:44:51.858" endtime="20220530 15:44:51.972"/>
</kw>
<status status="PASS" starttime="20220530 15:44:51.857" endtime="20220530 15:44:51.972"/>
</kw>
<tag>test_Nofuncional</tag>
<status status="PASS" starttime="20220530 15:44:41.170" endtime="20220530 15:44:51.972"/>
</test>
<kw name="-TERMINAR CONFIGURACIÓN SUITETEST-" library="libraries_keywords" type="TEARDOWN">
<kw name="-DESCARGAR SESION CHARLES-" library="libraries_keywords">
<kw name="Download Charles Proxy Session Recording" library="charles_library">
<status status="PASS" starttime="20220530 15:44:51.975" endtime="20220530 15:44:52.001"/>
</kw>
<status status="PASS" starttime="20220530 15:44:51.974" endtime="20220530 15:44:52.001"/>
</kw>
<kw name="-DETENER GRABACION CHARLES-" library="libraries_keywords">
<kw name="Stop Charles Proxy Session Recording" library="charles_library">
<status status="PASS" starttime="20220530 15:44:52.002" endtime="20220530 15:44:52.020"/>
</kw>
<status status="PASS" starttime="20220530 15:44:52.002" endtime="20220530 15:44:52.020"/>
</kw>
<kw name="-CERRAR TODOS LOS NAVEGADORES-" library="libraries_keywords">
<kw name="Close All Browsers" library="Selenium2Library">
<doc>Closes all open browsers and resets the browser cache.</doc>
<status status="PASS" starttime="20220530 15:44:52.021" endtime="20220530 15:44:52.141"/>
</kw>
<status status="PASS" starttime="20220530 15:44:52.021" endtime="20220530 15:44:52.141"/>
</kw>
<kw name="-CERRAR CHARLES-" library="libraries_keywords">
<kw name="Terminate All Charles Proxy Sessions" library="charles_library">
<status status="PASS" starttime="20220530 15:44:52.142" endtime="20220530 15:44:52.154"/>
</kw>
<status status="PASS" starttime="20220530 15:44:52.141" endtime="20220530 15:44:52.155"/>
</kw>
<status status="PASS" starttime="20220530 15:44:51.974" endtime="20220530 15:44:52.155"/>
</kw>
<doc>tester, archivo para probar cambios</doc>
<status status="PASS" starttime="20220530 15:43:52.730" endtime="20220530 15:44:52.155"/>
</suite>
<statistics>
<total>
<stat pass="2" fail="0" skip="0">All Tests</stat>
</total>
<tag>
<stat pass="1" fail="0" skip="0">test_funcional</stat>
<stat pass="1" fail="0" skip="0">test_Nofuncional</stat>
</tag>
<suite>
<stat pass="2" fail="0" skip="0" id="s1" name="Tester">Tester</stat>
</suite>
</statistics>
<errors>
</errors>
</robot>
