<?xml version="1.0" encoding="UTF-8"?>
<robot generator="Robot 5.0 (Python 3.6.9 on linux)" generated="20220526 17:20:15.832" rpa="false" schemaversion="3">
<suite id="s1" name="Tester" source="/home/usr_admin/auto_qc/web_auto/QC-WEB-MX/testCases/tester.robot">
<kw name="-CONFIGURACIÓN INICIAL SUITETEST-" library="libraries_keywords" type="SETUP">
<kw name="-ABRIR CHARLES-" library="libraries_keywords">
<kw name="Start Charles Proxy In Headless Mode" library="charles_library">
<status status="PASS" starttime="20220526 17:20:16.261" endtime="20220526 17:20:20.267"/>
</kw>
<kw name="Sleep" library="BuiltIn">
<arg>4</arg>
<doc>Pauses the test executed for the given time.</doc>
<msg timestamp="20220526 17:20:24.269" level="INFO">Slept 4 seconds</msg>
<status status="PASS" starttime="20220526 17:20:20.268" endtime="20220526 17:20:24.269"/>
</kw>
<status status="PASS" starttime="20220526 17:20:16.260" endtime="20220526 17:20:24.270"/>
</kw>
<kw name="-INICIAR GRABACION CHARLES-" library="libraries_keywords">
<kw name="Start Charles Proxy Session Recording" library="charles_library">
<status status="PASS" starttime="20220526 17:20:24.270" endtime="20220526 17:20:24.334"/>
</kw>
<status status="PASS" starttime="20220526 17:20:24.270" endtime="20220526 17:20:24.334"/>
</kw>
<status status="PASS" starttime="20220526 17:20:16.260" endtime="20220526 17:20:24.334"/>
</kw>
<test id="s1-t1" name="CV-WEB-ACCESO-VALIDAR LOGOUT" line="11">
<kw name="-CONFIGURACIÓN TESTCASE-" library="libraries_keywords" type="SETUP">
<kw name="-CONFIGURAR DIRECTORIO SCREENSHOTS-" library="libraries_keywords">
<kw name="Set Screenshot Directory" library="Selenium2Library">
<arg>${screenshots-folder}</arg>
<doc>Sets the directory for captured screenshots.</doc>
<status status="PASS" starttime="20220526 17:20:24.340" endtime="20220526 17:20:24.341"/>
</kw>
<status status="PASS" starttime="20220526 17:20:24.339" endtime="20220526 17:20:24.341"/>
</kw>
<status status="PASS" starttime="20220526 17:20:24.339" endtime="20220526 17:20:24.341"/>
</kw>
<kw name="-LOGIN HOME CV-" library="tests_keywords">
<arg>${email_valido}</arg>
<arg>${pass_valido}</arg>
<kw name="-ABRIR LOGIN PAGE-" library="tests_keywords">
<kw name="Open Browser" library="Selenium2Library">
<arg>${url_login_page}</arg>
<arg>${browser}</arg>
<doc>Opens a new browser instance to the optional ``url``.</doc>
<msg timestamp="20220526 17:20:24.343" level="INFO">Opening browser 'headlesschrome' to base url 'https://www.clarovideo.com/mexico/login'.</msg>
<msg timestamp="20220526 17:20:24.348" level="INFO">Cannot capture screenshot because no browser is open.</msg>
<msg timestamp="20220526 17:20:24.350" level="FAIL">OSError: [Errno 8] Exec format error: 'chromedriver'</msg>
<status status="FAIL" starttime="20220526 17:20:24.343" endtime="20220526 17:20:24.353"/>
</kw>
<status status="FAIL" starttime="20220526 17:20:24.342" endtime="20220526 17:20:24.355"/>
</kw>
<kw name="-INGRESAR EMAIL PARA LOGIN-" library="tests_keywords">
<arg>${email}</arg>
<status status="NOT RUN" starttime="20220526 17:20:24.355" endtime="20220526 17:20:24.355"/>
</kw>
<kw name="-INGRESAR PASSWORD PARA LOGIN-" library="tests_keywords">
<arg>${password}</arg>
<status status="NOT RUN" starttime="20220526 17:20:24.356" endtime="20220526 17:20:24.356"/>
</kw>
<kw name="Sleep" library="BuiltIn">
<arg>20</arg>
<doc>Pauses the test executed for the given time.</doc>
<status status="NOT RUN" starttime="20220526 17:20:24.356" endtime="20220526 17:20:24.356"/>
</kw>
<kw name="-CLICK IMAGEN DE PERFIL-" library="tests_keywords">
<status status="NOT RUN" starttime="20220526 17:20:24.356" endtime="20220526 17:20:24.356"/>
</kw>
<kw name="-VALIDAR CARGA HOME-" library="tests_keywords">
<status status="NOT RUN" starttime="20220526 17:20:24.356" endtime="20220526 17:20:24.356"/>
</kw>
<status status="FAIL" starttime="20220526 17:20:24.341" endtime="20220526 17:20:24.357"/>
</kw>
<kw name="-LOGOUT HOME CV-" library="tests_keywords">
<status status="NOT RUN" starttime="20220526 17:20:24.358" endtime="20220526 17:20:24.358"/>
</kw>
<kw name="-TERMINAR CONFIGURACIÓN TESTCASE-" library="libraries_keywords" type="TEARDOWN">
<kw name="Capture Page Screenshot" library="Selenium2Library">
<doc>Takes a screenshot of the current page and embeds it into a log file.</doc>
<msg timestamp="20220526 17:20:24.360" level="INFO">Cannot capture screenshot because no browser is open.</msg>
<status status="PASS" starttime="20220526 17:20:24.359" endtime="20220526 17:20:24.360"/>
</kw>
<status status="PASS" starttime="20220526 17:20:24.359" endtime="20220526 17:20:24.360"/>
</kw>
<tag>test_funcional</tag>
<status status="FAIL" starttime="20220526 17:20:24.335" endtime="20220526 17:20:24.360">OSError: [Errno 8] Exec format error: 'chromedriver'</status>
</test>
<test id="s1-t2" name="CV-WEB-NAVEGACION-VALIDAR ELEMENTOS REGISTER PAGE" line="21">
<kw name="-CONFIGURACIÓN TESTCASE-" library="libraries_keywords" type="SETUP">
<kw name="-CONFIGURAR DIRECTORIO SCREENSHOTS-" library="libraries_keywords">
<kw name="Set Screenshot Directory" library="Selenium2Library">
<arg>${screenshots-folder}</arg>
<doc>Sets the directory for captured screenshots.</doc>
<status status="PASS" starttime="20220526 17:20:24.363" endtime="20220526 17:20:24.364"/>
</kw>
<status status="PASS" starttime="20220526 17:20:24.363" endtime="20220526 17:20:24.364"/>
</kw>
<status status="PASS" starttime="20220526 17:20:24.362" endtime="20220526 17:20:24.364"/>
</kw>
<kw name="-ABRIR REGISTER PAGE-" library="tests_keywords">
<kw name="Open Browser" library="Selenium2Library">
<arg>${url_register_page}</arg>
<arg>${browser}</arg>
<doc>Opens a new browser instance to the optional ``url``.</doc>
<msg timestamp="20220526 17:20:24.366" level="INFO">Opening browser 'headlesschrome' to base url 'https://www.clarovideo.com/mexico/register'.</msg>
<msg timestamp="20220526 17:20:24.369" level="INFO">Cannot capture screenshot because no browser is open.</msg>
<msg timestamp="20220526 17:20:24.370" level="FAIL">OSError: [Errno 8] Exec format error: 'chromedriver'</msg>
<status status="FAIL" starttime="20220526 17:20:24.365" endtime="20220526 17:20:24.372"/>
</kw>
<status status="FAIL" starttime="20220526 17:20:24.365" endtime="20220526 17:20:24.373"/>
</kw>
<kw name="-VALIDAR TEXTOS Y ELEMENTOS-" library="libraries_keywords">
<arg>${elementos_register_page}</arg>
<arg>${textos_register_page}</arg>
<status status="NOT RUN" starttime="20220526 17:20:24.374" endtime="20220526 17:20:24.374"/>
</kw>
<kw name="-INGRESAR EMAIL PARA REGISTRO-" library="tests_keywords">
<arg>${EMAIL_RANDOM_PYTHON}</arg>
<status status="NOT RUN" starttime="20220526 17:20:24.374" endtime="20220526 17:20:24.374"/>
</kw>
<kw name="-VALIDAR TEXTOS Y ELEMENTOS-" library="libraries_keywords">
<arg>${elementos_register_page_pass}</arg>
<arg>${textos_elementos_register_page_pass}</arg>
<status status="NOT RUN" starttime="20220526 17:20:24.375" endtime="20220526 17:20:24.375"/>
</kw>
<kw name="-INGRESAR PASSWORD PARA REGISTRO-" library="tests_keywords">
<arg>${pass_valido_registro}</arg>
<status status="NOT RUN" starttime="20220526 17:20:24.375" endtime="20220526 17:20:24.375"/>
</kw>
<kw name="-TERMINAR CONFIGURACIÓN TESTCASE-" library="libraries_keywords" type="TEARDOWN">
<kw name="Capture Page Screenshot" library="Selenium2Library">
<doc>Takes a screenshot of the current page and embeds it into a log file.</doc>
<msg timestamp="20220526 17:20:24.377" level="INFO">Cannot capture screenshot because no browser is open.</msg>
<status status="PASS" starttime="20220526 17:20:24.376" endtime="20220526 17:20:24.377"/>
</kw>
<status status="PASS" starttime="20220526 17:20:24.376" endtime="20220526 17:20:24.377"/>
</kw>
<tag>test_Nofuncional</tag>
<status status="FAIL" starttime="20220526 17:20:24.361" endtime="20220526 17:20:24.377">OSError: [Errno 8] Exec format error: 'chromedriver'</status>
</test>
<kw name="-TERMINAR CONFIGURACIÓN SUITETEST-" library="libraries_keywords" type="TEARDOWN">
<kw name="-DESCARGAR SESION CHARLES-" library="libraries_keywords">
<kw name="Download Charles Proxy Session Recording" library="charles_library">
<status status="PASS" starttime="20220526 17:20:24.379" endtime="20220526 17:20:24.429"/>
</kw>
<status status="PASS" starttime="20220526 17:20:24.379" endtime="20220526 17:20:24.430"/>
</kw>
<kw name="-DETENER GRABACION CHARLES-" library="libraries_keywords">
<kw name="Stop Charles Proxy Session Recording" library="charles_library">
<status status="PASS" starttime="20220526 17:20:24.431" endtime="20220526 17:20:24.450"/>
</kw>
<status status="PASS" starttime="20220526 17:20:24.430" endtime="20220526 17:20:24.450"/>
</kw>
<kw name="-CERRAR TODOS LOS NAVEGADORES-" library="libraries_keywords">
<kw name="Close All Browsers" library="Selenium2Library">
<doc>Closes all open browsers and resets the browser cache.</doc>
<status status="PASS" starttime="20220526 17:20:24.451" endtime="20220526 17:20:24.452"/>
</kw>
<status status="PASS" starttime="20220526 17:20:24.451" endtime="20220526 17:20:24.452"/>
</kw>
<kw name="-CERRAR CHARLES-" library="libraries_keywords">
<kw name="Terminate All Charles Proxy Sessions" library="charles_library">
<status status="PASS" starttime="20220526 17:20:24.453" endtime="20220526 17:20:24.464"/>
</kw>
<status status="PASS" starttime="20220526 17:20:24.452" endtime="20220526 17:20:24.465"/>
</kw>
<status status="PASS" starttime="20220526 17:20:24.379" endtime="20220526 17:20:24.465"/>
</kw>
<doc>tester, archivo para probar cambios</doc>
<status status="FAIL" starttime="20220526 17:20:15.834" endtime="20220526 17:20:24.465"/>
</suite>
<statistics>
<total>
<stat pass="0" fail="2" skip="0">All Tests</stat>
</total>
<tag>
<stat pass="0" fail="1" skip="0">test_funcional</stat>
<stat pass="0" fail="1" skip="0">test_Nofuncional</stat>
</tag>
<suite>
<stat pass="0" fail="2" skip="0" id="s1" name="Tester">Tester</stat>
</suite>
</statistics>
<errors>
</errors>
</robot>
